-- Install configuration: "Release"
-- Up-to-date: /home/philip/SMAN/ros2_ws/install/abb_crb15000_support/share/abb_crb15000_support/config
-- Up-to-date: /home/philip/SMAN/ros2_ws/install/abb_crb15000_support/share/abb_crb15000_support/config/crb15000.rviz
-- Up-to-date: /home/philip/SMAN/ros2_ws/install/abb_crb15000_support/share/abb_crb15000_support/config/joint_names_crb15000_5_95.yaml
-- Up-to-date: /home/philip/SMAN/ros2_ws/install/abb_crb15000_support/share/abb_crb15000_support/config/joint_names_crb15000_12_127.yaml
-- Up-to-date: /home/philip/SMAN/ros2_ws/install/abb_crb15000_support/share/abb_crb15000_support/launch
-- Up-to-date: /home/philip/SMAN/ros2_ws/install/abb_crb15000_support/share/abb_crb15000_support/launch/test_crb15000_12_127.launch
-- Up-to-date: /home/philip/SMAN/ros2_ws/install/abb_crb15000_support/share/abb_crb15000_support/launch/test_crb15000_5_95.launch
-- Up-to-date: /home/philip/SMAN/ros2_ws/install/abb_crb15000_support/share/abb_crb15000_support/launch/load_crb15000_5_95.launch
-- Up-to-date: /home/philip/SMAN/ros2_ws/install/abb_crb15000_support/share/abb_crb15000_support/launch/load_crb15000_12_127.launch
-- Up-to-date: /home/philip/SMAN/ros2_ws/install/abb_crb15000_support/share/abb_crb15000_support/meshes
-- Up-to-date: /home/philip/SMAN/ros2_ws/install/abb_crb15000_support/share/abb_crb15000_support/meshes/crb15000_12_127
-- Up-to-date: /home/philip/SMAN/ros2_ws/install/abb_crb15000_support/share/abb_crb15000_support/meshes/crb15000_12_127/visual
-- Up-to-date: /home/philip/SMAN/ros2_ws/install/abb_crb15000_support/share/abb_crb15000_support/meshes/crb15000_12_127/visual/link_1.stl
-- Up-to-date: /home/philip/SMAN/ros2_ws/install/abb_crb15000_support/share/abb_crb15000_support/meshes/crb15000_12_127/visual/link_2.stl
-- Up-to-date: /home/philip/SMAN/ros2_ws/install/abb_crb15000_support/share/abb_crb15000_support/meshes/crb15000_12_127/visual/base_link.stl
-- Up-to-date: /home/philip/SMAN/ros2_ws/install/abb_crb15000_support/share/abb_crb15000_support/meshes/crb15000_12_127/visual/link_4.stl
-- Up-to-date: /home/philip/SMAN/ros2_ws/install/abb_crb15000_support/share/abb_crb15000_support/meshes/crb15000_12_127/collision
-- Up-to-date: /home/philip/SMAN/ros2_ws/install/abb_crb15000_support/share/abb_crb15000_support/meshes/crb15000_12_127/collision/link_1.stl
-- Up-to-date: /home/philip/SMAN/ros2_ws/install/abb_crb15000_support/share/abb_crb15000_support/meshes/crb15000_12_127/collision/link_2.stl
-- Up-to-date: /home/philip/SMAN/ros2_ws/install/abb_crb15000_support/share/abb_crb15000_support/meshes/crb15000_12_127/collision/base_link.stl
-- Up-to-date: /home/philip/SMAN/ros2_ws/install/abb_crb15000_support/share/abb_crb15000_support/meshes/crb15000_12_127/collision/link_4.stl
-- Up-to-date: /home/philip/SMAN/ros2_ws/install/abb_crb15000_support/share/abb_crb15000_support/meshes/crb15000_5_95
-- Up-to-date: /home/philip/SMAN/ros2_ws/install/abb_crb15000_support/share/abb_crb15000_support/meshes/crb15000_5_95/visual
-- Up-to-date: /home/philip/SMAN/ros2_ws/install/abb_crb15000_support/share/abb_crb15000_support/meshes/crb15000_5_95/visual/link_6.stl
-- Up-to-date: /home/philip/SMAN/ros2_ws/install/abb_crb15000_support/share/abb_crb15000_support/meshes/crb15000_5_95/visual/link_1.stl
-- Up-to-date: /home/philip/SMAN/ros2_ws/install/abb_crb15000_support/share/abb_crb15000_support/meshes/crb15000_5_95/visual/link_2.stl
-- Up-to-date: /home/philip/SMAN/ros2_ws/install/abb_crb15000_support/share/abb_crb15000_support/meshes/crb15000_5_95/visual/base_link.stl
-- Up-to-date: /home/philip/SMAN/ros2_ws/install/abb_crb15000_support/share/abb_crb15000_support/meshes/crb15000_5_95/visual/link_5.stl
-- Up-to-date: /home/philip/SMAN/ros2_ws/install/abb_crb15000_support/share/abb_crb15000_support/meshes/crb15000_5_95/visual/link_4.stl
-- Up-to-date: /home/philip/SMAN/ros2_ws/install/abb_crb15000_support/share/abb_crb15000_support/meshes/crb15000_5_95/visual/link_3.stl
-- Up-to-date: /home/philip/SMAN/ros2_ws/install/abb_crb15000_support/share/abb_crb15000_support/meshes/crb15000_5_95/collision
-- Up-to-date: /home/philip/SMAN/ros2_ws/install/abb_crb15000_support/share/abb_crb15000_support/meshes/crb15000_5_95/collision/link_6.stl
-- Up-to-date: /home/philip/SMAN/ros2_ws/install/abb_crb15000_support/share/abb_crb15000_support/meshes/crb15000_5_95/collision/link_1.stl
-- Up-to-date: /home/philip/SMAN/ros2_ws/install/abb_crb15000_support/share/abb_crb15000_support/meshes/crb15000_5_95/collision/link_2.stl
-- Up-to-date: /home/philip/SMAN/ros2_ws/install/abb_crb15000_support/share/abb_crb15000_support/meshes/crb15000_5_95/collision/base_link.stl
-- Up-to-date: /home/philip/SMAN/ros2_ws/install/abb_crb15000_support/share/abb_crb15000_support/meshes/crb15000_5_95/collision/link_5.stl
-- Up-to-date: /home/philip/SMAN/ros2_ws/install/abb_crb15000_support/share/abb_crb15000_support/meshes/crb15000_5_95/collision/link_4.stl
-- Up-to-date: /home/philip/SMAN/ros2_ws/install/abb_crb15000_support/share/abb_crb15000_support/meshes/crb15000_5_95/collision/link_3.stl
-- Up-to-date: /home/philip/SMAN/ros2_ws/install/abb_crb15000_support/share/abb_crb15000_support/urdf
-- Up-to-date: /home/philip/SMAN/ros2_ws/install/abb_crb15000_support/share/abb_crb15000_support/urdf/crb15000_5_95_macro.xacro
-- Up-to-date: /home/philip/SMAN/ros2_ws/install/abb_crb15000_support/share/abb_crb15000_support/urdf/crb15000_5_95_ros2_control.xacro
-- Up-to-date: /home/philip/SMAN/ros2_ws/install/abb_crb15000_support/share/abb_crb15000_support/urdf/crb15000_5_95.xacro
-- Up-to-date: /home/philip/SMAN/ros2_ws/install/abb_crb15000_support/share/abb_crb15000_support/LICENSE
-- Up-to-date: /home/philip/SMAN/ros2_ws/install/abb_crb15000_support/share/ament_index/resource_index/package_run_dependencies/abb_crb15000_support
-- Up-to-date: /home/philip/SMAN/ros2_ws/install/abb_crb15000_support/share/ament_index/resource_index/parent_prefix_path/abb_crb15000_support
-- Up-to-date: /home/philip/SMAN/ros2_ws/install/abb_crb15000_support/share/abb_crb15000_support/environment/ament_prefix_path.sh
-- Up-to-date: /home/philip/SMAN/ros2_ws/install/abb_crb15000_support/share/abb_crb15000_support/environment/ament_prefix_path.dsv
-- Up-to-date: /home/philip/SMAN/ros2_ws/install/abb_crb15000_support/share/abb_crb15000_support/environment/path.sh
-- Up-to-date: /home/philip/SMAN/ros2_ws/install/abb_crb15000_support/share/abb_crb15000_support/environment/path.dsv
-- Up-to-date: /home/philip/SMAN/ros2_ws/install/abb_crb15000_support/share/abb_crb15000_support/local_setup.bash
-- Up-to-date: /home/philip/SMAN/ros2_ws/install/abb_crb15000_support/share/abb_crb15000_support/local_setup.sh
-- Up-to-date: /home/philip/SMAN/ros2_ws/install/abb_crb15000_support/share/abb_crb15000_support/local_setup.zsh
-- Up-to-date: /home/philip/SMAN/ros2_ws/install/abb_crb15000_support/share/abb_crb15000_support/local_setup.dsv
-- Installing: /home/philip/SMAN/ros2_ws/install/abb_crb15000_support/share/abb_crb15000_support/package.dsv
-- Up-to-date: /home/philip/SMAN/ros2_ws/install/abb_crb15000_support/share/ament_index/resource_index/packages/abb_crb15000_support
-- Up-to-date: /home/philip/SMAN/ros2_ws/install/abb_crb15000_support/share/abb_crb15000_support/cmake/abb_crb15000_supportConfig.cmake
-- Up-to-date: /home/philip/SMAN/ros2_ws/install/abb_crb15000_support/share/abb_crb15000_support/cmake/abb_crb15000_supportConfig-version.cmake
-- Up-to-date: /home/philip/SMAN/ros2_ws/install/abb_crb15000_support/share/abb_crb15000_support/package.xml
