[0.017s] Invoking command in '/home/philip/SMAN/ros2_ws/build/abb_crb15000_support': CMAKE_PREFIX_PATH=/home/philip/SMAN/ros2_ws/install/abb_resources:/home/philip/SMAN/ros2_ws/install/abb_crb15000_moveit:/home/philip/SMAN/ros2_ws/install/abb_crb15000_support:/home/philip/SMAN/ros2_ws/install/abb_irb1200_5_90_moveit_config:/home/philip/SMAN/ros2_ws/install/abb_irb4600_support:/home/philip/SMAN/ros2_ws/install/abb_irb1200_support:/home/philip/SMAN/ros2_ws/install/gofa_moveit_config:/home/philip/SMAN/ros2_ws/install/gofa_description:/opt/ros/jazzy/opt/sdformat_vendor:/opt/ros/jazzy/opt/gz_math_vendor:/opt/ros/jazzy/opt/gz_utils_vendor:/opt/ros/jazzy/opt/gz_tools_vendor:/opt/ros/jazzy/opt/gz_cmake_vendor:/home/philip/SMAN/ros2_ws/install/gofa_egm_driver:/opt/ros/jazzy DEBUGINFOD_URLS=https://debuginfod.ubuntu.com /usr/bin/cmake --build /home/philip/SMAN/ros2_ws/build/abb_crb15000_support -- -j8 -l8
[0.041s] Invoked command in '/home/philip/SMAN/ros2_ws/build/abb_crb15000_support' returned '0': CMAKE_PREFIX_PATH=/home/philip/SMAN/ros2_ws/install/abb_resources:/home/philip/SMAN/ros2_ws/install/abb_crb15000_moveit:/home/philip/SMAN/ros2_ws/install/abb_crb15000_support:/home/philip/SMAN/ros2_ws/install/abb_irb1200_5_90_moveit_config:/home/philip/SMAN/ros2_ws/install/abb_irb4600_support:/home/philip/SMAN/ros2_ws/install/abb_irb1200_support:/home/philip/SMAN/ros2_ws/install/gofa_moveit_config:/home/philip/SMAN/ros2_ws/install/gofa_description:/opt/ros/jazzy/opt/sdformat_vendor:/opt/ros/jazzy/opt/gz_math_vendor:/opt/ros/jazzy/opt/gz_utils_vendor:/opt/ros/jazzy/opt/gz_tools_vendor:/opt/ros/jazzy/opt/gz_cmake_vendor:/home/philip/SMAN/ros2_ws/install/gofa_egm_driver:/opt/ros/jazzy DEBUGINFOD_URLS=https://debuginfod.ubuntu.com /usr/bin/cmake --build /home/philip/SMAN/ros2_ws/build/abb_crb15000_support -- -j8 -l8
[0.042s] Invoking command in '/home/philip/SMAN/ros2_ws/build/abb_crb15000_support': CMAKE_PREFIX_PATH=/home/philip/SMAN/ros2_ws/install/abb_resources:/home/philip/SMAN/ros2_ws/install/abb_crb15000_moveit:/home/philip/SMAN/ros2_ws/install/abb_crb15000_support:/home/philip/SMAN/ros2_ws/install/abb_irb1200_5_90_moveit_config:/home/philip/SMAN/ros2_ws/install/abb_irb4600_support:/home/philip/SMAN/ros2_ws/install/abb_irb1200_support:/home/philip/SMAN/ros2_ws/install/gofa_moveit_config:/home/philip/SMAN/ros2_ws/install/gofa_description:/opt/ros/jazzy/opt/sdformat_vendor:/opt/ros/jazzy/opt/gz_math_vendor:/opt/ros/jazzy/opt/gz_utils_vendor:/opt/ros/jazzy/opt/gz_tools_vendor:/opt/ros/jazzy/opt/gz_cmake_vendor:/home/philip/SMAN/ros2_ws/install/gofa_egm_driver:/opt/ros/jazzy DEBUGINFOD_URLS=https://debuginfod.ubuntu.com /usr/bin/cmake --install /home/philip/SMAN/ros2_ws/build/abb_crb15000_support
[0.048s] -- Install configuration: "Release"
[0.049s] -- Up-to-date: /home/philip/SMAN/ros2_ws/install/abb_crb15000_support/share/abb_crb15000_support/config
[0.049s] -- Up-to-date: /home/philip/SMAN/ros2_ws/install/abb_crb15000_support/share/abb_crb15000_support/config/crb15000.rviz
[0.049s] -- Up-to-date: /home/philip/SMAN/ros2_ws/install/abb_crb15000_support/share/abb_crb15000_support/config/joint_names_crb15000_5_95.yaml
[0.049s] -- Up-to-date: /home/philip/SMAN/ros2_ws/install/abb_crb15000_support/share/abb_crb15000_support/config/joint_names_crb15000_12_127.yaml
[0.049s] -- Up-to-date: /home/philip/SMAN/ros2_ws/install/abb_crb15000_support/share/abb_crb15000_support/launch
[0.049s] -- Up-to-date: /home/philip/SMAN/ros2_ws/install/abb_crb15000_support/share/abb_crb15000_support/launch/test_crb15000_12_127.launch
[0.049s] -- Up-to-date: /home/philip/SMAN/ros2_ws/install/abb_crb15000_support/share/abb_crb15000_support/launch/test_crb15000_5_95.launch
[0.049s] -- Up-to-date: /home/philip/SMAN/ros2_ws/install/abb_crb15000_support/share/abb_crb15000_support/launch/load_crb15000_5_95.launch
[0.049s] -- Up-to-date: /home/philip/SMAN/ros2_ws/install/abb_crb15000_support/share/abb_crb15000_support/launch/load_crb15000_12_127.launch
[0.049s] -- Up-to-date: /home/philip/SMAN/ros2_ws/install/abb_crb15000_support/share/abb_crb15000_support/meshes
[0.049s] -- Up-to-date: /home/philip/SMAN/ros2_ws/install/abb_crb15000_support/share/abb_crb15000_support/meshes/crb15000_12_127
[0.049s] -- Up-to-date: /home/philip/SMAN/ros2_ws/install/abb_crb15000_support/share/abb_crb15000_support/meshes/crb15000_12_127/visual
[0.049s] -- Up-to-date: /home/philip/SMAN/ros2_ws/install/abb_crb15000_support/share/abb_crb15000_support/meshes/crb15000_12_127/visual/link_1.stl
[0.050s] -- Up-to-date: /home/philip/SMAN/ros2_ws/install/abb_crb15000_support/share/abb_crb15000_support/meshes/crb15000_12_127/visual/link_2.stl
[0.050s] -- Up-to-date: /home/philip/SMAN/ros2_ws/install/abb_crb15000_support/share/abb_crb15000_support/meshes/crb15000_12_127/visual/base_link.stl
[0.050s] -- Up-to-date: /home/philip/SMAN/ros2_ws/install/abb_crb15000_support/share/abb_crb15000_support/meshes/crb15000_12_127/visual/link_4.stl
[0.050s] -- Up-to-date: /home/philip/SMAN/ros2_ws/install/abb_crb15000_support/share/abb_crb15000_support/meshes/crb15000_12_127/collision
[0.050s] -- Up-to-date: /home/philip/SMAN/ros2_ws/install/abb_crb15000_support/share/abb_crb15000_support/meshes/crb15000_12_127/collision/link_1.stl
[0.050s] -- Up-to-date: /home/philip/SMAN/ros2_ws/install/abb_crb15000_support/share/abb_crb15000_support/meshes/crb15000_12_127/collision/link_2.stl
[0.050s] -- Up-to-date: /home/philip/SMAN/ros2_ws/install/abb_crb15000_support/share/abb_crb15000_support/meshes/crb15000_12_127/collision/base_link.stl
[0.050s] -- Up-to-date: /home/philip/SMAN/ros2_ws/install/abb_crb15000_support/share/abb_crb15000_support/meshes/crb15000_12_127/collision/link_4.stl
[0.050s] -- Up-to-date: /home/philip/SMAN/ros2_ws/install/abb_crb15000_support/share/abb_crb15000_support/meshes/crb15000_5_95
[0.050s] -- Up-to-date: /home/philip/SMAN/ros2_ws/install/abb_crb15000_support/share/abb_crb15000_support/meshes/crb15000_5_95/visual
[0.051s] -- Up-to-date: /home/philip/SMAN/ros2_ws/install/abb_crb15000_support/share/abb_crb15000_support/meshes/crb15000_5_95/visual/link_6.stl
[0.051s] -- Up-to-date: /home/philip/SMAN/ros2_ws/install/abb_crb15000_support/share/abb_crb15000_support/meshes/crb15000_5_95/visual/link_1.stl
[0.051s] -- Up-to-date: /home/philip/SMAN/ros2_ws/install/abb_crb15000_support/share/abb_crb15000_support/meshes/crb15000_5_95/visual/link_2.stl
[0.051s] -- Up-to-date: /home/philip/SMAN/ros2_ws/install/abb_crb15000_support/share/abb_crb15000_support/meshes/crb15000_5_95/visual/base_link.stl
[0.051s] -- Up-to-date: /home/philip/SMAN/ros2_ws/install/abb_crb15000_support/share/abb_crb15000_support/meshes/crb15000_5_95/visual/link_5.stl
[0.051s] -- Up-to-date: /home/philip/SMAN/ros2_ws/install/abb_crb15000_support/share/abb_crb15000_support/meshes/crb15000_5_95/visual/link_4.stl
[0.051s] -- Up-to-date: /home/philip/SMAN/ros2_ws/install/abb_crb15000_support/share/abb_crb15000_support/meshes/crb15000_5_95/visual/link_3.stl
[0.051s] -- Up-to-date: /home/philip/SMAN/ros2_ws/install/abb_crb15000_support/share/abb_crb15000_support/meshes/crb15000_5_95/collision
[0.051s] -- Up-to-date: /home/philip/SMAN/ros2_ws/install/abb_crb15000_support/share/abb_crb15000_support/meshes/crb15000_5_95/collision/link_6.stl
[0.051s] -- Up-to-date: /home/philip/SMAN/ros2_ws/install/abb_crb15000_support/share/abb_crb15000_support/meshes/crb15000_5_95/collision/link_1.stl
[0.051s] -- Up-to-date: /home/philip/SMAN/ros2_ws/install/abb_crb15000_support/share/abb_crb15000_support/meshes/crb15000_5_95/collision/link_2.stl
[0.052s] -- Up-to-date: /home/philip/SMAN/ros2_ws/install/abb_crb15000_support/share/abb_crb15000_support/meshes/crb15000_5_95/collision/base_link.stl
[0.052s] -- Up-to-date: /home/philip/SMAN/ros2_ws/install/abb_crb15000_support/share/abb_crb15000_support/meshes/crb15000_5_95/collision/link_5.stl
[0.052s] -- Up-to-date: /home/philip/SMAN/ros2_ws/install/abb_crb15000_support/share/abb_crb15000_support/meshes/crb15000_5_95/collision/link_4.stl
[0.052s] -- Up-to-date: /home/philip/SMAN/ros2_ws/install/abb_crb15000_support/share/abb_crb15000_support/meshes/crb15000_5_95/collision/link_3.stl
[0.052s] -- Up-to-date: /home/philip/SMAN/ros2_ws/install/abb_crb15000_support/share/abb_crb15000_support/urdf
[0.052s] -- Up-to-date: /home/philip/SMAN/ros2_ws/install/abb_crb15000_support/share/abb_crb15000_support/urdf/crb15000_5_95_macro.xacro
[0.052s] -- Up-to-date: /home/philip/SMAN/ros2_ws/install/abb_crb15000_support/share/abb_crb15000_support/urdf/crb15000_5_95_ros2_control.xacro
[0.052s] -- Up-to-date: /home/philip/SMAN/ros2_ws/install/abb_crb15000_support/share/abb_crb15000_support/urdf/crb15000_5_95.xacro
[0.052s] -- Up-to-date: /home/philip/SMAN/ros2_ws/install/abb_crb15000_support/share/abb_crb15000_support/LICENSE
[0.052s] -- Up-to-date: /home/philip/SMAN/ros2_ws/install/abb_crb15000_support/share/ament_index/resource_index/package_run_dependencies/abb_crb15000_support
[0.052s] -- Up-to-date: /home/philip/SMAN/ros2_ws/install/abb_crb15000_support/share/ament_index/resource_index/parent_prefix_path/abb_crb15000_support
[0.052s] -- Up-to-date: /home/philip/SMAN/ros2_ws/install/abb_crb15000_support/share/abb_crb15000_support/environment/ament_prefix_path.sh
[0.052s] -- Up-to-date: /home/philip/SMAN/ros2_ws/install/abb_crb15000_support/share/abb_crb15000_support/environment/ament_prefix_path.dsv
[0.052s] -- Up-to-date: /home/philip/SMAN/ros2_ws/install/abb_crb15000_support/share/abb_crb15000_support/environment/path.sh
[0.052s] -- Up-to-date: /home/philip/SMAN/ros2_ws/install/abb_crb15000_support/share/abb_crb15000_support/environment/path.dsv
[0.052s] -- Up-to-date: /home/philip/SMAN/ros2_ws/install/abb_crb15000_support/share/abb_crb15000_support/local_setup.bash
[0.052s] -- Up-to-date: /home/philip/SMAN/ros2_ws/install/abb_crb15000_support/share/abb_crb15000_support/local_setup.sh
[0.052s] -- Up-to-date: /home/philip/SMAN/ros2_ws/install/abb_crb15000_support/share/abb_crb15000_support/local_setup.zsh
[0.053s] -- Up-to-date: /home/philip/SMAN/ros2_ws/install/abb_crb15000_support/share/abb_crb15000_support/local_setup.dsv
[0.053s] -- Installing: /home/philip/SMAN/ros2_ws/install/abb_crb15000_support/share/abb_crb15000_support/package.dsv
[0.054s] -- Up-to-date: /home/philip/SMAN/ros2_ws/install/abb_crb15000_support/share/ament_index/resource_index/packages/abb_crb15000_support
[0.054s] -- Up-to-date: /home/philip/SMAN/ros2_ws/install/abb_crb15000_support/share/abb_crb15000_support/cmake/abb_crb15000_supportConfig.cmake
[0.054s] -- Up-to-date: /home/philip/SMAN/ros2_ws/install/abb_crb15000_support/share/abb_crb15000_support/cmake/abb_crb15000_supportConfig-version.cmake
[0.055s] -- Up-to-date: /home/philip/SMAN/ros2_ws/install/abb_crb15000_support/share/abb_crb15000_support/package.xml
[0.058s] Invoked command in '/home/philip/SMAN/ros2_ws/build/abb_crb15000_support' returned '0': CMAKE_PREFIX_PATH=/home/philip/SMAN/ros2_ws/install/abb_resources:/home/philip/SMAN/ros2_ws/install/abb_crb15000_moveit:/home/philip/SMAN/ros2_ws/install/abb_crb15000_support:/home/philip/SMAN/ros2_ws/install/abb_irb1200_5_90_moveit_config:/home/philip/SMAN/ros2_ws/install/abb_irb4600_support:/home/philip/SMAN/ros2_ws/install/abb_irb1200_support:/home/philip/SMAN/ros2_ws/install/gofa_moveit_config:/home/philip/SMAN/ros2_ws/install/gofa_description:/opt/ros/jazzy/opt/sdformat_vendor:/opt/ros/jazzy/opt/gz_math_vendor:/opt/ros/jazzy/opt/gz_utils_vendor:/opt/ros/jazzy/opt/gz_tools_vendor:/opt/ros/jazzy/opt/gz_cmake_vendor:/home/philip/SMAN/ros2_ws/install/gofa_egm_driver:/opt/ros/jazzy DEBUGINFOD_URLS=https://debuginfod.ubuntu.com /usr/bin/cmake --install /home/philip/SMAN/ros2_ws/build/abb_crb15000_support
