-- The CXX compiler identification is GNU 13.3.0
-- Detecting CXX compiler ABI info
-- Detecting CXX compiler ABI info - done
-- Check for working CXX compiler: /usr/bin/c++ - skipped
-- Detecting CXX compile features
-- Detecting CXX compile features - done
-- Performing Test CMAKE_HAVE_LIBC_PTHREAD
-- Performing Test CMAKE_HAVE_LIBC_PTHREAD - Success
-- Found Threads: TRUE  
-- Found Boost: /usr/lib/x86_64-linux-gnu/cmake/Boost-1.83.0/BoostConfig.cmake (found version "1.83.0") found components: regex system thread 
-- Searching for Poco library...
--   Found Poco!
-- components found: Foundation, Net, Util, XML.
-- Found Protobuf: /usr/lib/x86_64-linux-gnu/libprotobuf.so (found version "3.21.12") 
-- Generating protobuf C++ for: proto/robot_controller_description.proto
-- Performing Test COMPILER_HAS_HIDDEN_VISIBILITY
-- Performing Test COMPILER_HAS_HIDDEN_VISIBILITY - Success
-- Performing Test COMPILER_HAS_HIDDEN_INLINE_VISIBILITY
-- Performing Test COMPILER_HAS_HIDDEN_INLINE_VISIBILITY - Success
-- Performing Test COMPILER_HAS_DEPRECATED_ATTR
-- Performing Test COMPILER_HAS_DEPRECATED_ATTR - Success
-- Configuring done (0.4s)
-- Generating done (0.0s)
[33mCMake Warning:
  Manually-specified variables were not used by the project:

    BUILD_TESTING

[0m
-- Build files have been written to: /home/philip/SMAN/ros2_ws/build/abb_egm_rws_managers
[ 14%] [34m[1mRunning cpp protocol buffer compiler on proto/robot_controller_description.proto[0m
[ 57%] [32mBuilding CXX object CMakeFiles/abb_egm_rws_managers.dir/src/rws_manager.cpp.o[0m
[ 57%] [32mBuilding CXX object CMakeFiles/abb_egm_rws_managers.dir/src/system_data_parser.cpp.o[0m
[ 57%] [32mBuilding CXX object CMakeFiles/abb_egm_rws_managers.dir/robot_controller_description.pb.cc.o[0m
[ 71%] [32mBuilding CXX object CMakeFiles/abb_egm_rws_managers.dir/src/egm_manager.cpp.o[0m
[ 85%] [32mBuilding CXX object CMakeFiles/abb_egm_rws_managers.dir/src/utilities.cpp.o[0m
[01m[K/home/philip/SMAN/ABB/abb_egm_rws_managers/src/egm_manager.cpp:[m[K In constructor ‘[01m[Kabb::robot::EGMManager::Channel::[01;32m[KChannel[m[K(const abb::robot::EGMManager::ChannelConfiguration&, boost::asio::io_service&, boost::shared_ptr<boost::condition_variable>)[m[K’:
[01m[K/home/philip/SMAN/ABB/abb_egm_rws_managers/src/egm_manager.cpp:98:51:[m[K [01;35m[Kwarning: [m[K‘[01m[Kthis[m[K’ pointer is null [[01;35m[K]8;;https://gcc.gnu.org/onlinedocs/gcc/Warning-Options.html#index-Wnonnull-Wnonnull]8;;[m[K]
   98 |   if(!p_interface_ && ![01;35m[Kp_interface_->isInitialized()[m[K)
      |                        [01;35m[K~~~~~~~~~~~~~~~~~~~~~~~~~~~^~[m[K
In file included from [01m[K/home/philip/SMAN/ros2_ws/install/abb_libegm/include/abb_libegm/egm_controller_interface.h:40[m[K,
                 from [01m[K/home/philip/SMAN/ABB/abb_egm_rws_managers/include/abb_egm_rws_managers/egm_manager.h:43[m[K,
                 from [01m[K/home/philip/SMAN/ABB/abb_egm_rws_managers/src/egm_manager.cpp:40[m[K:
[01m[K/home/philip/SMAN/ros2_ws/install/abb_libegm/include/abb_libegm/egm_base_interface.h:82:8:[m[K [01;36m[Knote: [m[Kin a call to non-static member function ‘[01m[Kbool abb::egm::EGMBaseInterface::[01;32m[KisInitialized[m[K()[m[K’
   82 |   bool [01;36m[KisInitialized[m[K();
      |        [01;36m[K^~~~~~~~~~~~~[m[K
[100%] [32m[1mLinking CXX shared library libabb_egm_rws_managers.so[0m
[100%] Built target abb_egm_rws_managers
-- Install configuration: "Release"
-- Installing: /home/philip/SMAN/ros2_ws/install/abb_egm_rws_managers/include
-- Installing: /home/philip/SMAN/ros2_ws/install/abb_egm_rws_managers/include/abb_egm_rws_managers
-- Installing: /home/philip/SMAN/ros2_ws/install/abb_egm_rws_managers/include/abb_egm_rws_managers/egm_manager.h
-- Installing: /home/philip/SMAN/ros2_ws/install/abb_egm_rws_managers/include/abb_egm_rws_managers/rws_manager.h
-- Installing: /home/philip/SMAN/ros2_ws/install/abb_egm_rws_managers/include/abb_egm_rws_managers/data_containers.h
-- Installing: /home/philip/SMAN/ros2_ws/install/abb_egm_rws_managers/include/abb_egm_rws_managers/system_data_parser.h
-- Installing: /home/philip/SMAN/ros2_ws/install/abb_egm_rws_managers/include/abb_egm_rws_managers/utilities.h
-- Installing: /home/philip/SMAN/ros2_ws/install/abb_egm_rws_managers/include/abb_egm_rws_managers/robot_controller_description.proto
-- Installing: /home/philip/SMAN/ros2_ws/install/abb_egm_rws_managers/include/abb_egm_rws_managers/robot_controller_description.pb.h
-- Installing: /home/philip/SMAN/ros2_ws/install/abb_egm_rws_managers/include/abb_egm_rws_managers/abb_egm_rws_managers_export.h
-- Installing: /home/philip/SMAN/ros2_ws/install/abb_egm_rws_managers/share/abb_egm_rws_managers/abb_egm_rws_managersConfig.cmake
-- Installing: /home/philip/SMAN/ros2_ws/install/abb_egm_rws_managers/share/abb_egm_rws_managers/abb_egm_rws_managersConfigVersion.cmake
-- Installing: /home/philip/SMAN/ros2_ws/install/abb_egm_rws_managers/share/abb_egm_rws_managers/package.xml
-- Installing: /home/philip/SMAN/ros2_ws/install/abb_egm_rws_managers/lib/libabb_egm_rws_managers.so
-- Set non-toolchain portion of runtime path of "/home/philip/SMAN/ros2_ws/install/abb_egm_rws_managers/lib/libabb_egm_rws_managers.so" to ""
-- Installing: /home/philip/SMAN/ros2_ws/install/abb_egm_rws_managers/share/abb_egm_rws_managers/abb_egm_rws_managersTargets.cmake
-- Installing: /home/philip/SMAN/ros2_ws/install/abb_egm_rws_managers/share/abb_egm_rws_managers/abb_egm_rws_managersTargets-release.cmake
