[0.007s] Invoking command in '/home/philip/SMAN/ros2_ws/build/abb_egm_rws_managers': CMAKE_MODULE_PATH=/home/philip/SMAN/ros2_ws/install/abb_librws/share/abb_librws/cmake CMAKE_PREFIX_PATH=/home/philip/SMAN/ros2_ws/install/abb_librws:/home/philip/SMAN/ros2_ws/install/abb_libegm:/home/philip/SMAN/ros2_ws/install/abb_crb15000_moveit:/home/philip/SMAN/ros2_ws/install/abb_crb15000_support:/home/philip/SMAN/ros2_ws/install/abb_irb1200_5_90_moveit_config:/home/philip/SMAN/ros2_ws/install/abb_resources:/home/philip/SMAN/ros2_ws/install/abb_irb4600_support:/home/philip/SMAN/ros2_ws/install/abb_irb1200_support:/home/philip/SMAN/ros2_ws/install/gofa_moveit_config:/home/philip/SMAN/ros2_ws/install/gofa_description:/opt/ros/jazzy/opt/sdformat_vendor:/opt/ros/jazzy/opt/gz_math_vendor:/opt/ros/jazzy/opt/gz_utils_vendor:/opt/ros/jazzy/opt/gz_tools_vendor:/opt/ros/jazzy/opt/gz_cmake_vendor:/home/philip/SMAN/ros2_ws/install/gofa_egm_driver:/opt/ros/jazzy DEBUGINFOD_URLS=https://debuginfod.ubuntu.com LD_LIBRARY_PATH=/home/philip/SMAN/ros2_ws/install/abb_librws/lib:/home/philip/SMAN/ros2_ws/install/abb_libegm/lib:${LD_LIBRARY_PATH} PKG_CONFIG_PATH=/home/philip/SMAN/ros2_ws/install/abb_librws/lib/x86_64-linux-gnu/pkgconfig:/home/philip/SMAN/ros2_ws/install/abb_librws/lib/pkgconfig:/home/philip/SMAN/ros2_ws/install/abb_libegm/lib/x86_64-linux-gnu/pkgconfig:/home/philip/SMAN/ros2_ws/install/abb_libegm/lib/pkgconfig /usr/bin/cmake /home/philip/SMAN/ABB/abb_egm_rws_managers -DCMAKE_BUILD_TYPE=Release -DBUILD_TESTING=OFF -DCMAKE_INSTALL_PREFIX=/home/philip/SMAN/ros2_ws/install/abb_egm_rws_managers
[0.053s] -- The CXX compiler identification is GNU 13.3.0
[0.063s] -- Detecting CXX compiler ABI info
[0.124s] -- Detecting CXX compiler ABI info - done
[0.131s] -- Check for working CXX compiler: /usr/bin/c++ - skipped
[0.131s] -- Detecting CXX compile features
[0.132s] -- Detecting CXX compile features - done
[0.133s] -- Performing Test CMAKE_HAVE_LIBC_PTHREAD
[0.197s] -- Performing Test CMAKE_HAVE_LIBC_PTHREAD - Success
[0.197s] -- Found Threads: TRUE  
[0.212s] -- Found Boost: /usr/lib/x86_64-linux-gnu/cmake/Boost-1.83.0/BoostConfig.cmake (found version "1.83.0") found components: regex system thread 
[0.213s] -- Searching for Poco library...
[0.223s] --   Found Poco!
[0.224s] -- components found: Foundation, Net, Util, XML.
[0.235s] -- Found Protobuf: /usr/lib/x86_64-linux-gnu/libprotobuf.so (found version "3.21.12") 
[0.235s] -- Generating protobuf C++ for: proto/robot_controller_description.proto
[0.236s] -- Performing Test COMPILER_HAS_HIDDEN_VISIBILITY
[0.294s] -- Performing Test COMPILER_HAS_HIDDEN_VISIBILITY - Success
[0.294s] -- Performing Test COMPILER_HAS_HIDDEN_INLINE_VISIBILITY
[0.357s] -- Performing Test COMPILER_HAS_HIDDEN_INLINE_VISIBILITY - Success
[0.357s] -- Performing Test COMPILER_HAS_DEPRECATED_ATTR
[0.419s] -- Performing Test COMPILER_HAS_DEPRECATED_ATTR - Success
[0.421s] -- Configuring done (0.4s)
[0.425s] -- Generating done (0.0s)
[0.425s] [33mCMake Warning:
[0.425s]   Manually-specified variables were not used by the project:
[0.425s] 
[0.425s]     BUILD_TESTING
[0.425s] 
[0.425s] [0m
[0.426s] -- Build files have been written to: /home/philip/SMAN/ros2_ws/build/abb_egm_rws_managers
[0.429s] Invoked command in '/home/philip/SMAN/ros2_ws/build/abb_egm_rws_managers' returned '0': CMAKE_MODULE_PATH=/home/philip/SMAN/ros2_ws/install/abb_librws/share/abb_librws/cmake CMAKE_PREFIX_PATH=/home/philip/SMAN/ros2_ws/install/abb_librws:/home/philip/SMAN/ros2_ws/install/abb_libegm:/home/philip/SMAN/ros2_ws/install/abb_crb15000_moveit:/home/philip/SMAN/ros2_ws/install/abb_crb15000_support:/home/philip/SMAN/ros2_ws/install/abb_irb1200_5_90_moveit_config:/home/philip/SMAN/ros2_ws/install/abb_resources:/home/philip/SMAN/ros2_ws/install/abb_irb4600_support:/home/philip/SMAN/ros2_ws/install/abb_irb1200_support:/home/philip/SMAN/ros2_ws/install/gofa_moveit_config:/home/philip/SMAN/ros2_ws/install/gofa_description:/opt/ros/jazzy/opt/sdformat_vendor:/opt/ros/jazzy/opt/gz_math_vendor:/opt/ros/jazzy/opt/gz_utils_vendor:/opt/ros/jazzy/opt/gz_tools_vendor:/opt/ros/jazzy/opt/gz_cmake_vendor:/home/philip/SMAN/ros2_ws/install/gofa_egm_driver:/opt/ros/jazzy DEBUGINFOD_URLS=https://debuginfod.ubuntu.com LD_LIBRARY_PATH=/home/philip/SMAN/ros2_ws/install/abb_librws/lib:/home/philip/SMAN/ros2_ws/install/abb_libegm/lib:${LD_LIBRARY_PATH} PKG_CONFIG_PATH=/home/philip/SMAN/ros2_ws/install/abb_librws/lib/x86_64-linux-gnu/pkgconfig:/home/philip/SMAN/ros2_ws/install/abb_librws/lib/pkgconfig:/home/philip/SMAN/ros2_ws/install/abb_libegm/lib/x86_64-linux-gnu/pkgconfig:/home/philip/SMAN/ros2_ws/install/abb_libegm/lib/pkgconfig /usr/bin/cmake /home/philip/SMAN/ABB/abb_egm_rws_managers -DCMAKE_BUILD_TYPE=Release -DBUILD_TESTING=OFF -DCMAKE_INSTALL_PREFIX=/home/philip/SMAN/ros2_ws/install/abb_egm_rws_managers
[0.430s] Invoking command in '/home/philip/SMAN/ros2_ws/build/abb_egm_rws_managers': CMAKE_MODULE_PATH=/home/philip/SMAN/ros2_ws/install/abb_librws/share/abb_librws/cmake CMAKE_PREFIX_PATH=/home/philip/SMAN/ros2_ws/install/abb_librws:/home/philip/SMAN/ros2_ws/install/abb_libegm:/home/philip/SMAN/ros2_ws/install/abb_crb15000_moveit:/home/philip/SMAN/ros2_ws/install/abb_crb15000_support:/home/philip/SMAN/ros2_ws/install/abb_irb1200_5_90_moveit_config:/home/philip/SMAN/ros2_ws/install/abb_resources:/home/philip/SMAN/ros2_ws/install/abb_irb4600_support:/home/philip/SMAN/ros2_ws/install/abb_irb1200_support:/home/philip/SMAN/ros2_ws/install/gofa_moveit_config:/home/philip/SMAN/ros2_ws/install/gofa_description:/opt/ros/jazzy/opt/sdformat_vendor:/opt/ros/jazzy/opt/gz_math_vendor:/opt/ros/jazzy/opt/gz_utils_vendor:/opt/ros/jazzy/opt/gz_tools_vendor:/opt/ros/jazzy/opt/gz_cmake_vendor:/home/philip/SMAN/ros2_ws/install/gofa_egm_driver:/opt/ros/jazzy DEBUGINFOD_URLS=https://debuginfod.ubuntu.com LD_LIBRARY_PATH=/home/philip/SMAN/ros2_ws/install/abb_librws/lib:/home/philip/SMAN/ros2_ws/install/abb_libegm/lib:${LD_LIBRARY_PATH} PKG_CONFIG_PATH=/home/philip/SMAN/ros2_ws/install/abb_librws/lib/x86_64-linux-gnu/pkgconfig:/home/philip/SMAN/ros2_ws/install/abb_librws/lib/pkgconfig:/home/philip/SMAN/ros2_ws/install/abb_libegm/lib/x86_64-linux-gnu/pkgconfig:/home/philip/SMAN/ros2_ws/install/abb_libegm/lib/pkgconfig /usr/bin/cmake --build /home/philip/SMAN/ros2_ws/build/abb_egm_rws_managers -- -j8 -l8
[0.453s] [ 14%] [34m[1mRunning cpp protocol buffer compiler on proto/robot_controller_description.proto[0m
[0.483s] [ 57%] [32mBuilding CXX object CMakeFiles/abb_egm_rws_managers.dir/src/rws_manager.cpp.o[0m
[0.483s] [ 57%] [32mBuilding CXX object CMakeFiles/abb_egm_rws_managers.dir/src/system_data_parser.cpp.o[0m
[0.483s] [ 57%] [32mBuilding CXX object CMakeFiles/abb_egm_rws_managers.dir/robot_controller_description.pb.cc.o[0m
[0.484s] [ 71%] [32mBuilding CXX object CMakeFiles/abb_egm_rws_managers.dir/src/egm_manager.cpp.o[0m
[0.485s] [ 85%] [32mBuilding CXX object CMakeFiles/abb_egm_rws_managers.dir/src/utilities.cpp.o[0m
[4.948s] [01m[K/home/philip/SMAN/ABB/abb_egm_rws_managers/src/egm_manager.cpp:[m[K In constructor ‘[01m[Kabb::robot::EGMManager::Channel::[01;32m[KChannel[m[K(const abb::robot::EGMManager::ChannelConfiguration&, boost::asio::io_service&, boost::shared_ptr<boost::condition_variable>)[m[K’:
[4.948s] [01m[K/home/philip/SMAN/ABB/abb_egm_rws_managers/src/egm_manager.cpp:98:51:[m[K [01;35m[Kwarning: [m[K‘[01m[Kthis[m[K’ pointer is null [[01;35m[K]8;;https://gcc.gnu.org/onlinedocs/gcc/Warning-Options.html#index-Wnonnull-Wnonnull]8;;[m[K]
[4.949s]    98 |   if(!p_interface_ && ![01;35m[Kp_interface_->isInitialized()[m[K)
[4.949s]       |                        [01;35m[K~~~~~~~~~~~~~~~~~~~~~~~~~~~^~[m[K
[4.949s] In file included from [01m[K/home/philip/SMAN/ros2_ws/install/abb_libegm/include/abb_libegm/egm_controller_interface.h:40[m[K,
[4.949s]                  from [01m[K/home/philip/SMAN/ABB/abb_egm_rws_managers/include/abb_egm_rws_managers/egm_manager.h:43[m[K,
[4.949s]                  from [01m[K/home/philip/SMAN/ABB/abb_egm_rws_managers/src/egm_manager.cpp:40[m[K:
[4.949s] [01m[K/home/philip/SMAN/ros2_ws/install/abb_libegm/include/abb_libegm/egm_base_interface.h:82:8:[m[K [01;36m[Knote: [m[Kin a call to non-static member function ‘[01m[Kbool abb::egm::EGMBaseInterface::[01;32m[KisInitialized[m[K()[m[K’
[4.949s]    82 |   bool [01;36m[KisInitialized[m[K();
[4.949s]       |        [01;36m[K^~~~~~~~~~~~~[m[K
[7.415s] [100%] [32m[1mLinking CXX shared library libabb_egm_rws_managers.so[0m
[7.493s] [100%] Built target abb_egm_rws_managers
[7.504s] Invoked command in '/home/philip/SMAN/ros2_ws/build/abb_egm_rws_managers' returned '0': CMAKE_MODULE_PATH=/home/philip/SMAN/ros2_ws/install/abb_librws/share/abb_librws/cmake CMAKE_PREFIX_PATH=/home/philip/SMAN/ros2_ws/install/abb_librws:/home/philip/SMAN/ros2_ws/install/abb_libegm:/home/philip/SMAN/ros2_ws/install/abb_crb15000_moveit:/home/philip/SMAN/ros2_ws/install/abb_crb15000_support:/home/philip/SMAN/ros2_ws/install/abb_irb1200_5_90_moveit_config:/home/philip/SMAN/ros2_ws/install/abb_resources:/home/philip/SMAN/ros2_ws/install/abb_irb4600_support:/home/philip/SMAN/ros2_ws/install/abb_irb1200_support:/home/philip/SMAN/ros2_ws/install/gofa_moveit_config:/home/philip/SMAN/ros2_ws/install/gofa_description:/opt/ros/jazzy/opt/sdformat_vendor:/opt/ros/jazzy/opt/gz_math_vendor:/opt/ros/jazzy/opt/gz_utils_vendor:/opt/ros/jazzy/opt/gz_tools_vendor:/opt/ros/jazzy/opt/gz_cmake_vendor:/home/philip/SMAN/ros2_ws/install/gofa_egm_driver:/opt/ros/jazzy DEBUGINFOD_URLS=https://debuginfod.ubuntu.com LD_LIBRARY_PATH=/home/philip/SMAN/ros2_ws/install/abb_librws/lib:/home/philip/SMAN/ros2_ws/install/abb_libegm/lib:${LD_LIBRARY_PATH} PKG_CONFIG_PATH=/home/philip/SMAN/ros2_ws/install/abb_librws/lib/x86_64-linux-gnu/pkgconfig:/home/philip/SMAN/ros2_ws/install/abb_librws/lib/pkgconfig:/home/philip/SMAN/ros2_ws/install/abb_libegm/lib/x86_64-linux-gnu/pkgconfig:/home/philip/SMAN/ros2_ws/install/abb_libegm/lib/pkgconfig /usr/bin/cmake --build /home/philip/SMAN/ros2_ws/build/abb_egm_rws_managers -- -j8 -l8
[7.504s] Invoking command in '/home/philip/SMAN/ros2_ws/build/abb_egm_rws_managers': CMAKE_MODULE_PATH=/home/philip/SMAN/ros2_ws/install/abb_librws/share/abb_librws/cmake CMAKE_PREFIX_PATH=/home/philip/SMAN/ros2_ws/install/abb_librws:/home/philip/SMAN/ros2_ws/install/abb_libegm:/home/philip/SMAN/ros2_ws/install/abb_crb15000_moveit:/home/philip/SMAN/ros2_ws/install/abb_crb15000_support:/home/philip/SMAN/ros2_ws/install/abb_irb1200_5_90_moveit_config:/home/philip/SMAN/ros2_ws/install/abb_resources:/home/philip/SMAN/ros2_ws/install/abb_irb4600_support:/home/philip/SMAN/ros2_ws/install/abb_irb1200_support:/home/philip/SMAN/ros2_ws/install/gofa_moveit_config:/home/philip/SMAN/ros2_ws/install/gofa_description:/opt/ros/jazzy/opt/sdformat_vendor:/opt/ros/jazzy/opt/gz_math_vendor:/opt/ros/jazzy/opt/gz_utils_vendor:/opt/ros/jazzy/opt/gz_tools_vendor:/opt/ros/jazzy/opt/gz_cmake_vendor:/home/philip/SMAN/ros2_ws/install/gofa_egm_driver:/opt/ros/jazzy DEBUGINFOD_URLS=https://debuginfod.ubuntu.com LD_LIBRARY_PATH=/home/philip/SMAN/ros2_ws/install/abb_librws/lib:/home/philip/SMAN/ros2_ws/install/abb_libegm/lib:${LD_LIBRARY_PATH} PKG_CONFIG_PATH=/home/philip/SMAN/ros2_ws/install/abb_librws/lib/x86_64-linux-gnu/pkgconfig:/home/philip/SMAN/ros2_ws/install/abb_librws/lib/pkgconfig:/home/philip/SMAN/ros2_ws/install/abb_libegm/lib/x86_64-linux-gnu/pkgconfig:/home/philip/SMAN/ros2_ws/install/abb_libegm/lib/pkgconfig /usr/bin/cmake --install /home/philip/SMAN/ros2_ws/build/abb_egm_rws_managers
[7.509s] -- Install configuration: "Release"
[7.510s] -- Installing: /home/philip/SMAN/ros2_ws/install/abb_egm_rws_managers/include
[7.510s] -- Installing: /home/philip/SMAN/ros2_ws/install/abb_egm_rws_managers/include/abb_egm_rws_managers
[7.510s] -- Installing: /home/philip/SMAN/ros2_ws/install/abb_egm_rws_managers/include/abb_egm_rws_managers/egm_manager.h
[7.510s] -- Installing: /home/philip/SMAN/ros2_ws/install/abb_egm_rws_managers/include/abb_egm_rws_managers/rws_manager.h
[7.510s] -- Installing: /home/philip/SMAN/ros2_ws/install/abb_egm_rws_managers/include/abb_egm_rws_managers/data_containers.h
[7.510s] -- Installing: /home/philip/SMAN/ros2_ws/install/abb_egm_rws_managers/include/abb_egm_rws_managers/system_data_parser.h
[7.510s] -- Installing: /home/philip/SMAN/ros2_ws/install/abb_egm_rws_managers/include/abb_egm_rws_managers/utilities.h
[7.510s] -- Installing: /home/philip/SMAN/ros2_ws/install/abb_egm_rws_managers/include/abb_egm_rws_managers/robot_controller_description.proto
[7.510s] -- Installing: /home/philip/SMAN/ros2_ws/install/abb_egm_rws_managers/include/abb_egm_rws_managers/robot_controller_description.pb.h
[7.510s] -- Installing: /home/philip/SMAN/ros2_ws/install/abb_egm_rws_managers/include/abb_egm_rws_managers/abb_egm_rws_managers_export.h
[7.510s] -- Installing: /home/philip/SMAN/ros2_ws/install/abb_egm_rws_managers/share/abb_egm_rws_managers/abb_egm_rws_managersConfig.cmake
[7.510s] -- Installing: /home/philip/SMAN/ros2_ws/install/abb_egm_rws_managers/share/abb_egm_rws_managers/abb_egm_rws_managersConfigVersion.cmake
[7.510s] -- Installing: /home/philip/SMAN/ros2_ws/install/abb_egm_rws_managers/share/abb_egm_rws_managers/package.xml
[7.510s] -- Installing: /home/philip/SMAN/ros2_ws/install/abb_egm_rws_managers/lib/libabb_egm_rws_managers.so
[7.511s] -- Set non-toolchain portion of runtime path of "/home/philip/SMAN/ros2_ws/install/abb_egm_rws_managers/lib/libabb_egm_rws_managers.so" to ""
[7.511s] -- Installing: /home/philip/SMAN/ros2_ws/install/abb_egm_rws_managers/share/abb_egm_rws_managers/abb_egm_rws_managersTargets.cmake
[7.511s] -- Installing: /home/philip/SMAN/ros2_ws/install/abb_egm_rws_managers/share/abb_egm_rws_managers/abb_egm_rws_managersTargets-release.cmake
[7.512s] Invoked command in '/home/philip/SMAN/ros2_ws/build/abb_egm_rws_managers' returned '0': CMAKE_MODULE_PATH=/home/philip/SMAN/ros2_ws/install/abb_librws/share/abb_librws/cmake CMAKE_PREFIX_PATH=/home/philip/SMAN/ros2_ws/install/abb_librws:/home/philip/SMAN/ros2_ws/install/abb_libegm:/home/philip/SMAN/ros2_ws/install/abb_crb15000_moveit:/home/philip/SMAN/ros2_ws/install/abb_crb15000_support:/home/philip/SMAN/ros2_ws/install/abb_irb1200_5_90_moveit_config:/home/philip/SMAN/ros2_ws/install/abb_resources:/home/philip/SMAN/ros2_ws/install/abb_irb4600_support:/home/philip/SMAN/ros2_ws/install/abb_irb1200_support:/home/philip/SMAN/ros2_ws/install/gofa_moveit_config:/home/philip/SMAN/ros2_ws/install/gofa_description:/opt/ros/jazzy/opt/sdformat_vendor:/opt/ros/jazzy/opt/gz_math_vendor:/opt/ros/jazzy/opt/gz_utils_vendor:/opt/ros/jazzy/opt/gz_tools_vendor:/opt/ros/jazzy/opt/gz_cmake_vendor:/home/philip/SMAN/ros2_ws/install/gofa_egm_driver:/opt/ros/jazzy DEBUGINFOD_URLS=https://debuginfod.ubuntu.com LD_LIBRARY_PATH=/home/philip/SMAN/ros2_ws/install/abb_librws/lib:/home/philip/SMAN/ros2_ws/install/abb_libegm/lib:${LD_LIBRARY_PATH} PKG_CONFIG_PATH=/home/philip/SMAN/ros2_ws/install/abb_librws/lib/x86_64-linux-gnu/pkgconfig:/home/philip/SMAN/ros2_ws/install/abb_librws/lib/pkgconfig:/home/philip/SMAN/ros2_ws/install/abb_libegm/lib/x86_64-linux-gnu/pkgconfig:/home/philip/SMAN/ros2_ws/install/abb_libegm/lib/pkgconfig /usr/bin/cmake --install /home/philip/SMAN/ros2_ws/build/abb_egm_rws_managers
