[ 92%] Built target abb_librws
[100%] Built target abb_librws-test
-- Install configuration: "Release"
-- Up-to-date: /home/philip/SMAN/ros2_ws/install/abb_librws/include
-- Up-to-date: /home/philip/SMAN/ros2_ws/install/abb_librws/include/abb_librws
-- Up-to-date: /home/philip/SMAN/ros2_ws/install/abb_librws/include/abb_librws/xml_attribute.h
-- Up-to-date: /home/philip/SMAN/ros2_ws/install/abb_librws/include/abb_librws/rws_resource.h
-- Up-to-date: /home/philip/SMAN/ros2_ws/install/abb_librws/include/abb_librws/rws_poco_result.h
-- Up-to-date: /home/philip/SMAN/ros2_ws/install/abb_librws/include/abb_librws/v2_0
-- Up-to-date: /home/philip/SMAN/ros2_ws/install/abb_librws/include/abb_librws/v2_0/rw
-- Up-to-date: /home/philip/SMAN/ros2_ws/install/abb_librws/include/abb_librws/v2_0/rw/panel.h
-- Up-to-date: /home/philip/SMAN/ros2_ws/install/abb_librws/include/abb_librws/v2_0/rw/rapid.h
-- Up-to-date: /home/philip/SMAN/ros2_ws/install/abb_librws/include/abb_librws/v2_0/rws_interface.h
-- Up-to-date: /home/philip/SMAN/ros2_ws/install/abb_librws/include/abb_librws/v2_0/rws_state_machine_interface.h
-- Up-to-date: /home/philip/SMAN/ros2_ws/install/abb_librws/include/abb_librws/v2_0/rws_client.h
-- Up-to-date: /home/philip/SMAN/ros2_ws/install/abb_librws/include/abb_librws/v2_0/rws.h
-- Up-to-date: /home/philip/SMAN/ros2_ws/install/abb_librws/include/abb_librws/rws_info.h
-- Up-to-date: /home/philip/SMAN/ros2_ws/install/abb_librws/include/abb_librws/rws_error.h
-- Up-to-date: /home/philip/SMAN/ros2_ws/install/abb_librws/include/abb_librws/coordinate.h
-- Up-to-date: /home/philip/SMAN/ros2_ws/install/abb_librws/include/abb_librws/connection_options.h
-- Up-to-date: /home/philip/SMAN/ros2_ws/install/abb_librws/include/abb_librws/v1_0
-- Up-to-date: /home/philip/SMAN/ros2_ws/install/abb_librws/include/abb_librws/v1_0/rw
-- Up-to-date: /home/philip/SMAN/ros2_ws/install/abb_librws/include/abb_librws/v1_0/rw/io.h
-- Up-to-date: /home/philip/SMAN/ros2_ws/install/abb_librws/include/abb_librws/v1_0/rw/panel.h
-- Up-to-date: /home/philip/SMAN/ros2_ws/install/abb_librws/include/abb_librws/v1_0/rw/rapid.h
-- Up-to-date: /home/philip/SMAN/ros2_ws/install/abb_librws/include/abb_librws/v1_0/rws_interface.h
-- Up-to-date: /home/philip/SMAN/ros2_ws/install/abb_librws/include/abb_librws/v1_0/rws_state_machine_interface.h
-- Up-to-date: /home/philip/SMAN/ros2_ws/install/abb_librws/include/abb_librws/v1_0/rws_client.h
-- Up-to-date: /home/philip/SMAN/ros2_ws/install/abb_librws/include/abb_librws/v1_0/rws.h
-- Up-to-date: /home/philip/SMAN/ros2_ws/install/abb_librws/include/abb_librws/rws_rapid.h
-- Up-to-date: /home/philip/SMAN/ros2_ws/install/abb_librws/include/abb_librws/rws_subscription.h
-- Up-to-date: /home/philip/SMAN/ros2_ws/install/abb_librws/include/abb_librws/parsing.h
-- Up-to-date: /home/philip/SMAN/ros2_ws/install/abb_librws/include/abb_librws/rws_cfg.h
-- Up-to-date: /home/philip/SMAN/ros2_ws/install/abb_librws/include/abb_librws/rws_poco_client.h
-- Up-to-date: /home/philip/SMAN/ros2_ws/install/abb_librws/include/abb_librws/system_constants.h
-- Up-to-date: /home/philip/SMAN/ros2_ws/install/abb_librws/include/abb_librws/rws.h
-- Up-to-date: /home/philip/SMAN/ros2_ws/install/abb_librws/include/abb_librws/common
-- Up-to-date: /home/philip/SMAN/ros2_ws/install/abb_librws/include/abb_librws/common/rw
-- Up-to-date: /home/philip/SMAN/ros2_ws/install/abb_librws/include/abb_librws/common/rw/io.h
-- Up-to-date: /home/philip/SMAN/ros2_ws/install/abb_librws/include/abb_librws/common/rw/panel.h
-- Up-to-date: /home/philip/SMAN/ros2_ws/install/abb_librws/include/abb_librws/common/rw/rapid.h
-- Up-to-date: /home/philip/SMAN/ros2_ws/install/abb_librws/include/abb_librws/rws_websocket.h
-- Up-to-date: /home/philip/SMAN/ros2_ws/install/abb_librws/include/abb_librws/abb_librws_export.h
-- Up-to-date: /home/philip/SMAN/ros2_ws/install/abb_librws/share/abb_librws/cmake
-- Up-to-date: /home/philip/SMAN/ros2_ws/install/abb_librws/share/abb_librws/cmake/README.md
-- Up-to-date: /home/philip/SMAN/ros2_ws/install/abb_librws/share/abb_librws/cmake/FindPoco.cmake
-- Up-to-date: /home/philip/SMAN/ros2_ws/install/abb_librws/lib/libabb_librws.so
-- Up-to-date: /home/philip/SMAN/ros2_ws/install/abb_librws/share/abb_librws/abb_librwsConfig.cmake
-- Up-to-date: /home/philip/SMAN/ros2_ws/install/abb_librws/share/abb_librws/abb_librwsConfigVersion.cmake
-- Up-to-date: /home/philip/SMAN/ros2_ws/install/abb_librws/share/abb_librws/package.xml
-- Up-to-date: /home/philip/SMAN/ros2_ws/install/abb_librws/share/abb_librws/abb_librwsTargets.cmake
-- Up-to-date: /home/philip/SMAN/ros2_ws/install/abb_librws/share/abb_librws/abb_librwsTargets-release.cmake
