[0.011s] Invoking command in '/home/philip/SMAN/ros2_ws/build/abb_librws': CMAKE_PREFIX_PATH=${CMAKE_PREFIX_PATH}:/home/philip/SMAN/ros2_ws/install/gofa_egm_driver:/opt/ros/jazzy DEBUGINFOD_URLS=https://debuginfod.ubuntu.com /usr/bin/cmake --build /home/philip/SMAN/ros2_ws/build/abb_librws -- -j8 -l8
[0.072s] [ 92%] Built target abb_librws
[0.093s] [100%] Built target abb_librws-test
[0.102s] Invoked command in '/home/philip/SMAN/ros2_ws/build/abb_librws' returned '0': CMAKE_PREFIX_PATH=${CMAKE_PREFIX_PATH}:/home/philip/SMAN/ros2_ws/install/gofa_egm_driver:/opt/ros/jazzy DEBUGINFOD_URLS=https://debuginfod.ubuntu.com /usr/bin/cmake --build /home/philip/SMAN/ros2_ws/build/abb_librws -- -j8 -l8
[0.103s] Invoking command in '/home/philip/SMAN/ros2_ws/build/abb_librws': CMAKE_PREFIX_PATH=${CMAKE_PREFIX_PATH}:/home/philip/SMAN/ros2_ws/install/gofa_egm_driver:/opt/ros/jazzy DEBUGINFOD_URLS=https://debuginfod.ubuntu.com /usr/bin/cmake --install /home/philip/SMAN/ros2_ws/build/abb_librws
[0.113s] -- Install configuration: "Release"
[0.113s] -- Up-to-date: /home/philip/SMAN/ros2_ws/install/abb_librws/include
[0.113s] -- Up-to-date: /home/philip/SMAN/ros2_ws/install/abb_librws/include/abb_librws
[0.113s] -- Up-to-date: /home/philip/SMAN/ros2_ws/install/abb_librws/include/abb_librws/xml_attribute.h
[0.113s] -- Up-to-date: /home/philip/SMAN/ros2_ws/install/abb_librws/include/abb_librws/rws_resource.h
[0.113s] -- Up-to-date: /home/philip/SMAN/ros2_ws/install/abb_librws/include/abb_librws/rws_poco_result.h
[0.113s] -- Up-to-date: /home/philip/SMAN/ros2_ws/install/abb_librws/include/abb_librws/v2_0
[0.113s] -- Up-to-date: /home/philip/SMAN/ros2_ws/install/abb_librws/include/abb_librws/v2_0/rw
[0.113s] -- Up-to-date: /home/philip/SMAN/ros2_ws/install/abb_librws/include/abb_librws/v2_0/rw/panel.h
[0.114s] -- Up-to-date: /home/philip/SMAN/ros2_ws/install/abb_librws/include/abb_librws/v2_0/rw/rapid.h
[0.114s] -- Up-to-date: /home/philip/SMAN/ros2_ws/install/abb_librws/include/abb_librws/v2_0/rws_interface.h
[0.114s] -- Up-to-date: /home/philip/SMAN/ros2_ws/install/abb_librws/include/abb_librws/v2_0/rws_state_machine_interface.h
[0.114s] -- Up-to-date: /home/philip/SMAN/ros2_ws/install/abb_librws/include/abb_librws/v2_0/rws_client.h
[0.114s] -- Up-to-date: /home/philip/SMAN/ros2_ws/install/abb_librws/include/abb_librws/v2_0/rws.h
[0.114s] -- Up-to-date: /home/philip/SMAN/ros2_ws/install/abb_librws/include/abb_librws/rws_info.h
[0.114s] -- Up-to-date: /home/philip/SMAN/ros2_ws/install/abb_librws/include/abb_librws/rws_error.h
[0.114s] -- Up-to-date: /home/philip/SMAN/ros2_ws/install/abb_librws/include/abb_librws/coordinate.h
[0.114s] -- Up-to-date: /home/philip/SMAN/ros2_ws/install/abb_librws/include/abb_librws/connection_options.h
[0.114s] -- Up-to-date: /home/philip/SMAN/ros2_ws/install/abb_librws/include/abb_librws/v1_0
[0.114s] -- Up-to-date: /home/philip/SMAN/ros2_ws/install/abb_librws/include/abb_librws/v1_0/rw
[0.114s] -- Up-to-date: /home/philip/SMAN/ros2_ws/install/abb_librws/include/abb_librws/v1_0/rw/io.h
[0.114s] -- Up-to-date: /home/philip/SMAN/ros2_ws/install/abb_librws/include/abb_librws/v1_0/rw/panel.h
[0.114s] -- Up-to-date: /home/philip/SMAN/ros2_ws/install/abb_librws/include/abb_librws/v1_0/rw/rapid.h
[0.114s] -- Up-to-date: /home/philip/SMAN/ros2_ws/install/abb_librws/include/abb_librws/v1_0/rws_interface.h
[0.114s] -- Up-to-date: /home/philip/SMAN/ros2_ws/install/abb_librws/include/abb_librws/v1_0/rws_state_machine_interface.h
[0.114s] -- Up-to-date: /home/philip/SMAN/ros2_ws/install/abb_librws/include/abb_librws/v1_0/rws_client.h
[0.114s] -- Up-to-date: /home/philip/SMAN/ros2_ws/install/abb_librws/include/abb_librws/v1_0/rws.h
[0.114s] -- Up-to-date: /home/philip/SMAN/ros2_ws/install/abb_librws/include/abb_librws/rws_rapid.h
[0.114s] -- Up-to-date: /home/philip/SMAN/ros2_ws/install/abb_librws/include/abb_librws/rws_subscription.h
[0.114s] -- Up-to-date: /home/philip/SMAN/ros2_ws/install/abb_librws/include/abb_librws/parsing.h
[0.115s] -- Up-to-date: /home/philip/SMAN/ros2_ws/install/abb_librws/include/abb_librws/rws_cfg.h
[0.115s] -- Up-to-date: /home/philip/SMAN/ros2_ws/install/abb_librws/include/abb_librws/rws_poco_client.h
[0.115s] -- Up-to-date: /home/philip/SMAN/ros2_ws/install/abb_librws/include/abb_librws/system_constants.h
[0.115s] -- Up-to-date: /home/philip/SMAN/ros2_ws/install/abb_librws/include/abb_librws/rws.h
[0.115s] -- Up-to-date: /home/philip/SMAN/ros2_ws/install/abb_librws/include/abb_librws/common
[0.115s] -- Up-to-date: /home/philip/SMAN/ros2_ws/install/abb_librws/include/abb_librws/common/rw
[0.115s] -- Up-to-date: /home/philip/SMAN/ros2_ws/install/abb_librws/include/abb_librws/common/rw/io.h
[0.115s] -- Up-to-date: /home/philip/SMAN/ros2_ws/install/abb_librws/include/abb_librws/common/rw/panel.h
[0.115s] -- Up-to-date: /home/philip/SMAN/ros2_ws/install/abb_librws/include/abb_librws/common/rw/rapid.h
[0.115s] -- Up-to-date: /home/philip/SMAN/ros2_ws/install/abb_librws/include/abb_librws/rws_websocket.h
[0.115s] -- Up-to-date: /home/philip/SMAN/ros2_ws/install/abb_librws/include/abb_librws/abb_librws_export.h
[0.115s] -- Up-to-date: /home/philip/SMAN/ros2_ws/install/abb_librws/share/abb_librws/cmake
[0.115s] -- Up-to-date: /home/philip/SMAN/ros2_ws/install/abb_librws/share/abb_librws/cmake/README.md
[0.115s] -- Up-to-date: /home/philip/SMAN/ros2_ws/install/abb_librws/share/abb_librws/cmake/FindPoco.cmake
[0.115s] -- Up-to-date: /home/philip/SMAN/ros2_ws/install/abb_librws/lib/libabb_librws.so
[0.115s] -- Up-to-date: /home/philip/SMAN/ros2_ws/install/abb_librws/share/abb_librws/abb_librwsConfig.cmake
[0.115s] -- Up-to-date: /home/philip/SMAN/ros2_ws/install/abb_librws/share/abb_librws/abb_librwsConfigVersion.cmake
[0.115s] -- Up-to-date: /home/philip/SMAN/ros2_ws/install/abb_librws/share/abb_librws/package.xml
[0.116s] -- Up-to-date: /home/philip/SMAN/ros2_ws/install/abb_librws/share/abb_librws/abb_librwsTargets.cmake
[0.116s] -- Up-to-date: /home/philip/SMAN/ros2_ws/install/abb_librws/share/abb_librws/abb_librwsTargets-release.cmake
[0.142s] Invoked command in '/home/philip/SMAN/ros2_ws/build/abb_librws' returned '0': CMAKE_PREFIX_PATH=${CMAKE_PREFIX_PATH}:/home/philip/SMAN/ros2_ws/install/gofa_egm_driver:/opt/ros/jazzy DEBUGINFOD_URLS=https://debuginfod.ubuntu.com /usr/bin/cmake --install /home/philip/SMAN/ros2_ws/build/abb_librws
