[0.038s] Invoking command in '/home/philip/SMAN/ros2_ws/build/abb_bringup': CMAKE_PREFIX_PATH=/home/philip/SMAN/ros2_ws/install/abb_irb1200_5_90_moveit_config:/home/philip/SMAN/ros2_ws/install/abb_resources:/home/philip/SMAN/ros2_ws/install/abb_irb1200_support:/home/philip/SMAN/ros2_ws/install/abb_crb15000_moveit:/home/philip/SMAN/ros2_ws/install/abb_crb15000_support:/home/philip/SMAN/ros2_ws/install/abb_irb4600_support:/home/philip/SMAN/ros2_ws/install/gofa_moveit_config:/home/philip/SMAN/ros2_ws/install/gofa_description:/opt/ros/jazzy/opt/sdformat_vendor:/opt/ros/jazzy/opt/gz_math_vendor:/opt/ros/jazzy/opt/gz_utils_vendor:/opt/ros/jazzy/opt/gz_tools_vendor:/opt/ros/jazzy/opt/gz_cmake_vendor:/home/philip/SMAN/ros2_ws/install/gofa_egm_driver:/opt/ros/jazzy DEBUGINFOD_URLS=https://debuginfod.ubuntu.com /usr/bin/cmake /home/philip/SMAN/ABB/abb_ros2/abb_bringup -DCMAKE_BUILD_TYPE=Release -DBUILD_TESTING=OFF -DCMAKE_INSTALL_PREFIX=/home/philip/SMAN/ros2_ws/install/abb_bringup
[0.175s] -- The C compiler identification is GNU 13.3.0
[0.335s] -- The CXX compiler identification is GNU 13.3.0
[0.394s] -- Detecting C compiler ABI info
[0.674s] -- Detecting C compiler ABI info - done
[0.716s] -- Check for working C compiler: /usr/bin/cc - skipped
[0.717s] -- Detecting C compile features
[0.726s] -- Detecting C compile features - done
[0.748s] -- Detecting CXX compiler ABI info
[1.027s] -- Detecting CXX compiler ABI info - done
[1.063s] -- Check for working CXX compiler: /usr/bin/c++ - skipped
[1.063s] -- Detecting CXX compile features
[1.064s] -- Detecting CXX compile features - done
[1.073s] -- Found ament_cmake: 2.5.4 (/opt/ros/jazzy/share/ament_cmake/cmake)
[1.587s] -- Found Python3: /usr/bin/python3 (found version "3.12.3") found components: Interpreter 
[2.408s] -- Configuring done (2.3s)
[2.424s] -- Generating done (0.0s)
[2.435s] -- Build files have been written to: /home/philip/SMAN/ros2_ws/build/abb_bringup
[2.448s] Invoked command in '/home/philip/SMAN/ros2_ws/build/abb_bringup' returned '0': CMAKE_PREFIX_PATH=/home/philip/SMAN/ros2_ws/install/abb_irb1200_5_90_moveit_config:/home/philip/SMAN/ros2_ws/install/abb_resources:/home/philip/SMAN/ros2_ws/install/abb_irb1200_support:/home/philip/SMAN/ros2_ws/install/abb_crb15000_moveit:/home/philip/SMAN/ros2_ws/install/abb_crb15000_support:/home/philip/SMAN/ros2_ws/install/abb_irb4600_support:/home/philip/SMAN/ros2_ws/install/gofa_moveit_config:/home/philip/SMAN/ros2_ws/install/gofa_description:/opt/ros/jazzy/opt/sdformat_vendor:/opt/ros/jazzy/opt/gz_math_vendor:/opt/ros/jazzy/opt/gz_utils_vendor:/opt/ros/jazzy/opt/gz_tools_vendor:/opt/ros/jazzy/opt/gz_cmake_vendor:/home/philip/SMAN/ros2_ws/install/gofa_egm_driver:/opt/ros/jazzy DEBUGINFOD_URLS=https://debuginfod.ubuntu.com /usr/bin/cmake /home/philip/SMAN/ABB/abb_ros2/abb_bringup -DCMAKE_BUILD_TYPE=Release -DBUILD_TESTING=OFF -DCMAKE_INSTALL_PREFIX=/home/philip/SMAN/ros2_ws/install/abb_bringup
[2.453s] Invoking command in '/home/philip/SMAN/ros2_ws/build/abb_bringup': CMAKE_PREFIX_PATH=/home/philip/SMAN/ros2_ws/install/abb_irb1200_5_90_moveit_config:/home/philip/SMAN/ros2_ws/install/abb_resources:/home/philip/SMAN/ros2_ws/install/abb_irb1200_support:/home/philip/SMAN/ros2_ws/install/abb_crb15000_moveit:/home/philip/SMAN/ros2_ws/install/abb_crb15000_support:/home/philip/SMAN/ros2_ws/install/abb_irb4600_support:/home/philip/SMAN/ros2_ws/install/gofa_moveit_config:/home/philip/SMAN/ros2_ws/install/gofa_description:/opt/ros/jazzy/opt/sdformat_vendor:/opt/ros/jazzy/opt/gz_math_vendor:/opt/ros/jazzy/opt/gz_utils_vendor:/opt/ros/jazzy/opt/gz_tools_vendor:/opt/ros/jazzy/opt/gz_cmake_vendor:/home/philip/SMAN/ros2_ws/install/gofa_egm_driver:/opt/ros/jazzy DEBUGINFOD_URLS=https://debuginfod.ubuntu.com /usr/bin/cmake --build /home/philip/SMAN/ros2_ws/build/abb_bringup -- -j8 -l8
[2.554s] Invoked command in '/home/philip/SMAN/ros2_ws/build/abb_bringup' returned '0': CMAKE_PREFIX_PATH=/home/philip/SMAN/ros2_ws/install/abb_irb1200_5_90_moveit_config:/home/philip/SMAN/ros2_ws/install/abb_resources:/home/philip/SMAN/ros2_ws/install/abb_irb1200_support:/home/philip/SMAN/ros2_ws/install/abb_crb15000_moveit:/home/philip/SMAN/ros2_ws/install/abb_crb15000_support:/home/philip/SMAN/ros2_ws/install/abb_irb4600_support:/home/philip/SMAN/ros2_ws/install/gofa_moveit_config:/home/philip/SMAN/ros2_ws/install/gofa_description:/opt/ros/jazzy/opt/sdformat_vendor:/opt/ros/jazzy/opt/gz_math_vendor:/opt/ros/jazzy/opt/gz_utils_vendor:/opt/ros/jazzy/opt/gz_tools_vendor:/opt/ros/jazzy/opt/gz_cmake_vendor:/home/philip/SMAN/ros2_ws/install/gofa_egm_driver:/opt/ros/jazzy DEBUGINFOD_URLS=https://debuginfod.ubuntu.com /usr/bin/cmake --build /home/philip/SMAN/ros2_ws/build/abb_bringup -- -j8 -l8
[2.555s] Invoking command in '/home/philip/SMAN/ros2_ws/build/abb_bringup': CMAKE_PREFIX_PATH=/home/philip/SMAN/ros2_ws/install/abb_irb1200_5_90_moveit_config:/home/philip/SMAN/ros2_ws/install/abb_resources:/home/philip/SMAN/ros2_ws/install/abb_irb1200_support:/home/philip/SMAN/ros2_ws/install/abb_crb15000_moveit:/home/philip/SMAN/ros2_ws/install/abb_crb15000_support:/home/philip/SMAN/ros2_ws/install/abb_irb4600_support:/home/philip/SMAN/ros2_ws/install/gofa_moveit_config:/home/philip/SMAN/ros2_ws/install/gofa_description:/opt/ros/jazzy/opt/sdformat_vendor:/opt/ros/jazzy/opt/gz_math_vendor:/opt/ros/jazzy/opt/gz_utils_vendor:/opt/ros/jazzy/opt/gz_tools_vendor:/opt/ros/jazzy/opt/gz_cmake_vendor:/home/philip/SMAN/ros2_ws/install/gofa_egm_driver:/opt/ros/jazzy DEBUGINFOD_URLS=https://debuginfod.ubuntu.com /usr/bin/cmake --install /home/philip/SMAN/ros2_ws/build/abb_bringup
[2.574s] -- Install configuration: "Release"
[2.574s] -- Installing: /home/philip/SMAN/ros2_ws/install/abb_bringup/share/abb_bringup/config
[2.574s] -- Installing: /home/philip/SMAN/ros2_ws/install/abb_bringup/share/abb_bringup/config/abb_controllers.yaml
[2.575s] -- Installing: /home/philip/SMAN/ros2_ws/install/abb_bringup/share/abb_bringup/launch
[2.575s] -- Installing: /home/philip/SMAN/ros2_ws/install/abb_bringup/share/abb_bringup/launch/abb_moveit.launch.py
[2.575s] -- Installing: /home/philip/SMAN/ros2_ws/install/abb_bringup/share/abb_bringup/launch/crb15000_complete.launch.py
[2.576s] -- Installing: /home/philip/SMAN/ros2_ws/install/abb_bringup/share/abb_bringup/launch/abb_rws_client.launch.py
[2.576s] -- Installing: /home/philip/SMAN/ros2_ws/install/abb_bringup/share/abb_bringup/launch/abb_crb15000_moveit.launch.py
[2.576s] -- Installing: /home/philip/SMAN/ros2_ws/install/abb_bringup/share/abb_bringup/launch/abb_control.launch.py
[2.576s] -- Installing: /home/philip/SMAN/ros2_ws/install/abb_bringup/share/ament_index/resource_index/package_run_dependencies/abb_bringup
[2.576s] -- Installing: /home/philip/SMAN/ros2_ws/install/abb_bringup/share/ament_index/resource_index/parent_prefix_path/abb_bringup
[2.576s] -- Installing: /home/philip/SMAN/ros2_ws/install/abb_bringup/share/abb_bringup/environment/ament_prefix_path.sh
[2.576s] -- Installing: /home/philip/SMAN/ros2_ws/install/abb_bringup/share/abb_bringup/environment/ament_prefix_path.dsv
[2.576s] -- Installing: /home/philip/SMAN/ros2_ws/install/abb_bringup/share/abb_bringup/environment/path.sh
[2.576s] -- Installing: /home/philip/SMAN/ros2_ws/install/abb_bringup/share/abb_bringup/environment/path.dsv
[2.576s] -- Installing: /home/philip/SMAN/ros2_ws/install/abb_bringup/share/abb_bringup/local_setup.bash
[2.576s] -- Installing: /home/philip/SMAN/ros2_ws/install/abb_bringup/share/abb_bringup/local_setup.sh
[2.576s] -- Installing: /home/philip/SMAN/ros2_ws/install/abb_bringup/share/abb_bringup/local_setup.zsh
[2.577s] -- Installing: /home/philip/SMAN/ros2_ws/install/abb_bringup/share/abb_bringup/local_setup.dsv
[2.577s] -- Installing: /home/philip/SMAN/ros2_ws/install/abb_bringup/share/abb_bringup/package.dsv
[2.577s] -- Installing: /home/philip/SMAN/ros2_ws/install/abb_bringup/share/ament_index/resource_index/packages/abb_bringup
[2.577s] -- Installing: /home/philip/SMAN/ros2_ws/install/abb_bringup/share/abb_bringup/cmake/ament_cmake_export_dependencies-extras.cmake
[2.577s] -- Installing: /home/philip/SMAN/ros2_ws/install/abb_bringup/share/abb_bringup/cmake/abb_bringupConfig.cmake
[2.577s] -- Installing: /home/philip/SMAN/ros2_ws/install/abb_bringup/share/abb_bringup/cmake/abb_bringupConfig-version.cmake
[2.577s] -- Installing: /home/philip/SMAN/ros2_ws/install/abb_bringup/share/abb_bringup/package.xml
[2.597s] Invoked command in '/home/philip/SMAN/ros2_ws/build/abb_bringup' returned '0': CMAKE_PREFIX_PATH=/home/philip/SMAN/ros2_ws/install/abb_irb1200_5_90_moveit_config:/home/philip/SMAN/ros2_ws/install/abb_resources:/home/philip/SMAN/ros2_ws/install/abb_irb1200_support:/home/philip/SMAN/ros2_ws/install/abb_crb15000_moveit:/home/philip/SMAN/ros2_ws/install/abb_crb15000_support:/home/philip/SMAN/ros2_ws/install/abb_irb4600_support:/home/philip/SMAN/ros2_ws/install/gofa_moveit_config:/home/philip/SMAN/ros2_ws/install/gofa_description:/opt/ros/jazzy/opt/sdformat_vendor:/opt/ros/jazzy/opt/gz_math_vendor:/opt/ros/jazzy/opt/gz_utils_vendor:/opt/ros/jazzy/opt/gz_tools_vendor:/opt/ros/jazzy/opt/gz_cmake_vendor:/home/philip/SMAN/ros2_ws/install/gofa_egm_driver:/opt/ros/jazzy DEBUGINFOD_URLS=https://debuginfod.ubuntu.com /usr/bin/cmake --install /home/philip/SMAN/ros2_ws/build/abb_bringup
