[0.011s] Invoking command in '/home/philip/SMAN/ros2_ws/build/abb_irb1200_support': CMAKE_PREFIX_PATH=${CMAKE_PREFIX_PATH}:/home/philip/SMAN/ros2_ws/install/gofa_egm_driver:/opt/ros/jazzy DEBUGINFOD_URLS=https://debuginfod.ubuntu.com /usr/bin/cmake /home/philip/SMAN/ABB/abb_ros2/robot_specific_config/abb_irb1200_support -DCMAKE_BUILD_TYPE=Release -DBUILD_TESTING=OFF -DCMAKE_INSTALL_PREFIX=/home/philip/SMAN/ros2_ws/install/abb_irb1200_support
[0.020s] -- Found ament_cmake: 2.5.4 (/opt/ros/jazzy/share/ament_cmake/cmake)
[0.266s] -- Configuring done (0.2s)
[0.268s] -- Generating done (0.0s)
[0.269s] -- Build files have been written to: /home/philip/SMAN/ros2_ws/build/abb_irb1200_support
[0.271s] Invoked command in '/home/philip/SMAN/ros2_ws/build/abb_irb1200_support' returned '0': CMAKE_PREFIX_PATH=${CMAKE_PREFIX_PATH}:/home/philip/SMAN/ros2_ws/install/gofa_egm_driver:/opt/ros/jazzy DEBUGINFOD_URLS=https://debuginfod.ubuntu.com /usr/bin/cmake /home/philip/SMAN/ABB/abb_ros2/robot_specific_config/abb_irb1200_support -DCMAKE_BUILD_TYPE=Release -DBUILD_TESTING=OFF -DCMAKE_INSTALL_PREFIX=/home/philip/SMAN/ros2_ws/install/abb_irb1200_support
[0.272s] Invoking command in '/home/philip/SMAN/ros2_ws/build/abb_irb1200_support': CMAKE_PREFIX_PATH=${CMAKE_PREFIX_PATH}:/home/philip/SMAN/ros2_ws/install/gofa_egm_driver:/opt/ros/jazzy DEBUGINFOD_URLS=https://debuginfod.ubuntu.com /usr/bin/cmake --build /home/philip/SMAN/ros2_ws/build/abb_irb1200_support -- -j8 -l8
[0.308s] Invoked command in '/home/philip/SMAN/ros2_ws/build/abb_irb1200_support' returned '0': CMAKE_PREFIX_PATH=${CMAKE_PREFIX_PATH}:/home/philip/SMAN/ros2_ws/install/gofa_egm_driver:/opt/ros/jazzy DEBUGINFOD_URLS=https://debuginfod.ubuntu.com /usr/bin/cmake --build /home/philip/SMAN/ros2_ws/build/abb_irb1200_support -- -j8 -l8
[0.309s] Invoking command in '/home/philip/SMAN/ros2_ws/build/abb_irb1200_support': CMAKE_PREFIX_PATH=${CMAKE_PREFIX_PATH}:/home/philip/SMAN/ros2_ws/install/gofa_egm_driver:/opt/ros/jazzy DEBUGINFOD_URLS=https://debuginfod.ubuntu.com /usr/bin/cmake --install /home/philip/SMAN/ros2_ws/build/abb_irb1200_support
[0.315s] -- Install configuration: "Release"
[0.315s] -- Up-to-date: /home/philip/SMAN/ros2_ws/install/abb_irb1200_support/share/ament_index/resource_index/package_run_dependencies/abb_irb1200_support
[0.315s] -- Installing: /home/philip/SMAN/ros2_ws/install/abb_irb1200_support/share/ament_index/resource_index/parent_prefix_path/abb_irb1200_support
[0.315s] -- Up-to-date: /home/philip/SMAN/ros2_ws/install/abb_irb1200_support/share/abb_irb1200_support/environment/ament_prefix_path.sh
[0.316s] -- Up-to-date: /home/philip/SMAN/ros2_ws/install/abb_irb1200_support/share/abb_irb1200_support/environment/ament_prefix_path.dsv
[0.316s] -- Up-to-date: /home/philip/SMAN/ros2_ws/install/abb_irb1200_support/share/abb_irb1200_support/environment/path.sh
[0.316s] -- Up-to-date: /home/philip/SMAN/ros2_ws/install/abb_irb1200_support/share/abb_irb1200_support/environment/path.dsv
[0.316s] -- Up-to-date: /home/philip/SMAN/ros2_ws/install/abb_irb1200_support/share/abb_irb1200_support/local_setup.bash
[0.316s] -- Up-to-date: /home/philip/SMAN/ros2_ws/install/abb_irb1200_support/share/abb_irb1200_support/local_setup.sh
[0.316s] -- Up-to-date: /home/philip/SMAN/ros2_ws/install/abb_irb1200_support/share/abb_irb1200_support/local_setup.zsh
[0.316s] -- Up-to-date: /home/philip/SMAN/ros2_ws/install/abb_irb1200_support/share/abb_irb1200_support/local_setup.dsv
[0.316s] -- Up-to-date: /home/philip/SMAN/ros2_ws/install/abb_irb1200_support/share/abb_irb1200_support/package.dsv
[0.316s] -- Up-to-date: /home/philip/SMAN/ros2_ws/install/abb_irb1200_support/share/ament_index/resource_index/packages/abb_irb1200_support
[0.316s] -- Up-to-date: /home/philip/SMAN/ros2_ws/install/abb_irb1200_support/share/abb_irb1200_support/cmake/abb_irb1200_supportConfig.cmake
[0.316s] -- Up-to-date: /home/philip/SMAN/ros2_ws/install/abb_irb1200_support/share/abb_irb1200_support/cmake/abb_irb1200_supportConfig-version.cmake
[0.316s] -- Up-to-date: /home/philip/SMAN/ros2_ws/install/abb_irb1200_support/share/abb_irb1200_support/package.xml
[0.317s] -- Up-to-date: /home/philip/SMAN/ros2_ws/install/abb_irb1200_support/share/abb_irb1200_support/launch
[0.317s] -- Up-to-date: /home/philip/SMAN/ros2_ws/install/abb_irb1200_support/share/abb_irb1200_support/launch/view_robot.launch.py
[0.317s] -- Up-to-date: /home/philip/SMAN/ros2_ws/install/abb_irb1200_support/share/abb_irb1200_support/meshes
[0.317s] -- Up-to-date: /home/philip/SMAN/ros2_ws/install/abb_irb1200_support/share/abb_irb1200_support/meshes/irb1200_5_90
[0.317s] -- Up-to-date: /home/philip/SMAN/ros2_ws/install/abb_irb1200_support/share/abb_irb1200_support/meshes/irb1200_5_90/visual
[0.317s] -- Up-to-date: /home/philip/SMAN/ros2_ws/install/abb_irb1200_support/share/abb_irb1200_support/meshes/irb1200_5_90/visual/link_3.dae
[0.317s] -- Up-to-date: /home/philip/SMAN/ros2_ws/install/abb_irb1200_support/share/abb_irb1200_support/meshes/irb1200_5_90/visual/link_4.dae
[0.317s] -- Up-to-date: /home/philip/SMAN/ros2_ws/install/abb_irb1200_support/share/abb_irb1200_support/meshes/irb1200_5_90/visual/link_5.dae
[0.317s] -- Up-to-date: /home/philip/SMAN/ros2_ws/install/abb_irb1200_support/share/abb_irb1200_support/meshes/irb1200_5_90/visual/link_2.dae
[0.317s] -- Up-to-date: /home/philip/SMAN/ros2_ws/install/abb_irb1200_support/share/abb_irb1200_support/meshes/irb1200_5_90/visual/base_link.dae
[0.317s] -- Up-to-date: /home/philip/SMAN/ros2_ws/install/abb_irb1200_support/share/abb_irb1200_support/meshes/irb1200_5_90/visual/link_1.dae
[0.317s] -- Up-to-date: /home/philip/SMAN/ros2_ws/install/abb_irb1200_support/share/abb_irb1200_support/meshes/irb1200_5_90/visual/link_6.dae
[0.317s] -- Up-to-date: /home/philip/SMAN/ros2_ws/install/abb_irb1200_support/share/abb_irb1200_support/meshes/irb1200_5_90/collision
[0.317s] -- Up-to-date: /home/philip/SMAN/ros2_ws/install/abb_irb1200_support/share/abb_irb1200_support/meshes/irb1200_5_90/collision/link_6.stl
[0.317s] -- Up-to-date: /home/philip/SMAN/ros2_ws/install/abb_irb1200_support/share/abb_irb1200_support/meshes/irb1200_5_90/collision/link_1.stl
[0.317s] -- Up-to-date: /home/philip/SMAN/ros2_ws/install/abb_irb1200_support/share/abb_irb1200_support/meshes/irb1200_5_90/collision/link_2.stl
[0.317s] -- Up-to-date: /home/philip/SMAN/ros2_ws/install/abb_irb1200_support/share/abb_irb1200_support/meshes/irb1200_5_90/collision/base_link.stl
[0.317s] -- Up-to-date: /home/philip/SMAN/ros2_ws/install/abb_irb1200_support/share/abb_irb1200_support/meshes/irb1200_5_90/collision/link_5.stl
[0.318s] -- Up-to-date: /home/philip/SMAN/ros2_ws/install/abb_irb1200_support/share/abb_irb1200_support/meshes/irb1200_5_90/collision/link_4.stl
[0.318s] -- Up-to-date: /home/philip/SMAN/ros2_ws/install/abb_irb1200_support/share/abb_irb1200_support/meshes/irb1200_5_90/collision/link_3.stl
[0.318s] -- Up-to-date: /home/philip/SMAN/ros2_ws/install/abb_irb1200_support/share/abb_irb1200_support/rviz
[0.318s] -- Up-to-date: /home/philip/SMAN/ros2_ws/install/abb_irb1200_support/share/abb_irb1200_support/rviz/urdf_description.rviz
[0.318s] -- Up-to-date: /home/philip/SMAN/ros2_ws/install/abb_irb1200_support/share/abb_irb1200_support/urdf
[0.318s] -- Up-to-date: /home/philip/SMAN/ros2_ws/install/abb_irb1200_support/share/abb_irb1200_support/urdf/irb1200_5_90_macro.xacro
[0.318s] -- Up-to-date: /home/philip/SMAN/ros2_ws/install/abb_irb1200_support/share/abb_irb1200_support/urdf/irb1200.ros2_control.xacro
[0.318s] -- Up-to-date: /home/philip/SMAN/ros2_ws/install/abb_irb1200_support/share/abb_irb1200_support/urdf/irb1200_5_90.xacro
[0.319s] Invoked command in '/home/philip/SMAN/ros2_ws/build/abb_irb1200_support' returned '0': CMAKE_PREFIX_PATH=${CMAKE_PREFIX_PATH}:/home/philip/SMAN/ros2_ws/install/gofa_egm_driver:/opt/ros/jazzy DEBUGINFOD_URLS=https://debuginfod.ubuntu.com /usr/bin/cmake --install /home/philip/SMAN/ros2_ws/build/abb_irb1200_support
