-- The C compiler identification is GNU 13.3.0
-- The CXX compiler identification is GNU 13.3.0
-- Detecting C compiler ABI info
-- Detecting C compiler ABI info - done
-- Check for working C compiler: /usr/bin/cc - skipped
-- Detecting C compile features
-- Detecting C compile features - done
-- Detecting CXX compiler ABI info
-- Detecting CXX compiler ABI info - done
-- Check for working CXX compiler: /usr/bin/c++ - skipped
-- Detecting CXX compile features
-- Detecting CXX compile features - done
-- Found ament_cmake: 2.5.4 (/opt/ros/jazzy/share/ament_cmake/cmake)
-- Found Python3: /usr/bin/python3 (found version "3.12.3") found components: Interpreter 
-- Performing Test CMAKE_HAVE_LIBC_PTHREAD
-- Performing Test CMAKE_HAVE_LIBC_PTHREAD - Success
-- Found Threads: TRUE  
-- Found Boost: /usr/lib/x86_64-linux-gnu/cmake/Boost-1.83.0/BoostConfig.cmake (found version "1.83.0") found components: regex system thread 
-- Searching for Poco library...
--   Found Poco!
-- components found: Foundation, Net, Util, XML.
-- Found Protobuf: /usr/lib/x86_64-linux-gnu/libprotobuf.so (found version "3.21.12") 
-- Found hardware_interface: 4.44.0 (/opt/ros/jazzy/share/hardware_interface/cmake)
-- Found rosidl_generator_c: 4.6.6 (/opt/ros/jazzy/share/rosidl_generator_c/cmake)
-- Found rosidl_generator_cpp: 4.6.6 (/opt/ros/jazzy/share/rosidl_generator_cpp/cmake)
-- Using all available rosidl_typesupport_c: rosidl_typesupport_fastrtps_c;rosidl_typesupport_introspection_c
-- Using all available rosidl_typesupport_cpp: rosidl_typesupport_fastrtps_cpp;rosidl_typesupport_introspection_cpp
-- Found TinyXML2 via Config file: /usr/lib/x86_64-linux-gnu/cmake/tinyxml2
-- Found rmw_implementation_cmake: 7.3.2 (/opt/ros/jazzy/share/rmw_implementation_cmake/cmake)
-- Found rmw_fastrtps_cpp: 8.4.3 (/opt/ros/jazzy/share/rmw_fastrtps_cpp/cmake)
-- Found TinyXML2 via Config file: /usr/lib/x86_64-linux-gnu/cmake/tinyxml2
-- Found OpenSSL: /usr/lib/x86_64-linux-gnu/libcrypto.so (found version "3.0.13")  
-- Found TinyXML2 via Config file: /usr/lib/x86_64-linux-gnu/cmake/tinyxml2
-- Found FastRTPS: /opt/ros/jazzy/include (Required is at least version "2.13") 
-- Found TinyXML2 via Config file: /usr/lib/x86_64-linux-gnu/cmake/tinyxml2
-- Found TinyXML2 via Config file: /usr/lib/x86_64-linux-gnu/cmake/tinyxml2
-- Using RMW implementation 'rmw_fastrtps_cpp' as default
-- Configuring done (1.0s)
-- Generating done (0.0s)
-- Build files have been written to: /home/philip/SMAN/ros2_ws/build/abb_hardware_interface
[ 66%] [32mBuilding CXX object CMakeFiles/abb_hardware_interface.dir/src/abb_hardware_interface.cpp.o[0m
[ 66%] [32mBuilding CXX object CMakeFiles/abb_hardware_interface.dir/src/utilities.cpp.o[0m
[01m[K/home/philip/SMAN/ABB/abb_ros2/abb_hardware_interface/src/abb_hardware_interface.cpp:[m[K In member function ‘[01m[Kvirtual CallbackReturn abb_hardware_interface::ABBSystemHardware::[01;32m[Kon_init[m[K(const hardware_interface::HardwareInfo&)[m[K’:
[01m[K/home/philip/SMAN/ABB/abb_ros2/abb_hardware_interface/src/abb_hardware_interface.cpp:28:51:[m[K [01;35m[Kwarning: [m[K‘[01m[Kvirtual rclcpp_lifecycle::node_interfaces::LifecycleNodeInterface::CallbackReturn hardware_interface::HardwareComponentInterface::[01;32m[Kon_init[m[K(const hardware_interface::HardwareInfo&)[m[K’ is deprecated: Use on_init(const HardwareComponentInterfaceParams & params) instead. [[01;35m[K]8;;https://gcc.gnu.org/onlinedocs/gcc/Warning-Options.html#index-Wdeprecated-declarations-Wdeprecated-declarations]8;;[m[K]
   28 |   if ([01;35m[Khardware_interface::SystemInterface::on_init(info)[m[K != CallbackReturn::SUCCESS)
      |       [01;35m[K~~~~~~~~~~~~~~~~~~~~~~~~~~~~~~~~~~~~~~~~~~~~^~~~~~[m[K
In file included from [01m[K/opt/ros/jazzy/include/hardware_interface/hardware_interface/system_interface.hpp:18[m[K,
                 from [01m[K/home/philip/SMAN/ABB/abb_ros2/abb_hardware_interface/include/abb_hardware_interface/abb_hardware_interface.hpp:31[m[K,
                 from [01m[K/home/philip/SMAN/ABB/abb_ros2/abb_hardware_interface/src/abb_hardware_interface.cpp:16[m[K:
[01m[K/opt/ros/jazzy/include/hardware_interface/hardware_interface/hardware_component_interface.hpp:140:26:[m[K [01;36m[Knote: [m[Kdeclared here
  140 |   virtual CallbackReturn [01;36m[Kon_init[m[K(const HardwareInfo & hardware_info);
      |                          [01;36m[K^~~~~~~[m[K
[100%] [32m[1mLinking CXX shared library libabb_hardware_interface.so[0m
[100%] Built target abb_hardware_interface
-- Install configuration: "Release"
-- Installing: /home/philip/SMAN/ros2_ws/install/abb_hardware_interface/share/abb_hardware_interface/abb_hardware_interface.xml
-- Installing: /home/philip/SMAN/ros2_ws/install/abb_hardware_interface/lib/libabb_hardware_interface.so
-- Set non-toolchain portion of runtime path of "/home/philip/SMAN/ros2_ws/install/abb_hardware_interface/lib/libabb_hardware_interface.so" to ""
-- Installing: /home/philip/SMAN/ros2_ws/install/abb_hardware_interface/include
-- Installing: /home/philip/SMAN/ros2_ws/install/abb_hardware_interface/include/abb_hardware_interface
-- Installing: /home/philip/SMAN/ros2_ws/install/abb_hardware_interface/include/abb_hardware_interface/utilities.hpp
-- Installing: /home/philip/SMAN/ros2_ws/install/abb_hardware_interface/include/abb_hardware_interface/abb_hardware_interface.hpp
-- Installing: /home/philip/SMAN/ros2_ws/install/abb_hardware_interface/include/abb_hardware_interface/visibility_control.h
-- Installing: /home/philip/SMAN/ros2_ws/install/abb_hardware_interface/share/abb_hardware_interface/environment/library_path.sh
-- Installing: /home/philip/SMAN/ros2_ws/install/abb_hardware_interface/share/abb_hardware_interface/environment/library_path.dsv
-- Installing: /home/philip/SMAN/ros2_ws/install/abb_hardware_interface/share/ament_index/resource_index/package_run_dependencies/abb_hardware_interface
-- Installing: /home/philip/SMAN/ros2_ws/install/abb_hardware_interface/share/ament_index/resource_index/parent_prefix_path/abb_hardware_interface
-- Installing: /home/philip/SMAN/ros2_ws/install/abb_hardware_interface/share/abb_hardware_interface/environment/ament_prefix_path.sh
-- Installing: /home/philip/SMAN/ros2_ws/install/abb_hardware_interface/share/abb_hardware_interface/environment/ament_prefix_path.dsv
-- Installing: /home/philip/SMAN/ros2_ws/install/abb_hardware_interface/share/abb_hardware_interface/environment/path.sh
-- Installing: /home/philip/SMAN/ros2_ws/install/abb_hardware_interface/share/abb_hardware_interface/environment/path.dsv
-- Installing: /home/philip/SMAN/ros2_ws/install/abb_hardware_interface/share/abb_hardware_interface/local_setup.bash
-- Installing: /home/philip/SMAN/ros2_ws/install/abb_hardware_interface/share/abb_hardware_interface/local_setup.sh
-- Installing: /home/philip/SMAN/ros2_ws/install/abb_hardware_interface/share/abb_hardware_interface/local_setup.zsh
-- Installing: /home/philip/SMAN/ros2_ws/install/abb_hardware_interface/share/abb_hardware_interface/local_setup.dsv
-- Installing: /home/philip/SMAN/ros2_ws/install/abb_hardware_interface/share/abb_hardware_interface/package.dsv
-- Installing: /home/philip/SMAN/ros2_ws/install/abb_hardware_interface/share/ament_index/resource_index/packages/abb_hardware_interface
-- Installing: /home/philip/SMAN/ros2_ws/install/abb_hardware_interface/share/ament_index/resource_index/hardware_interface__pluginlib__plugin/abb_hardware_interface
-- Installing: /home/philip/SMAN/ros2_ws/install/abb_hardware_interface/share/abb_hardware_interface/cmake/ament_cmake_export_include_directories-extras.cmake
-- Installing: /home/philip/SMAN/ros2_ws/install/abb_hardware_interface/share/abb_hardware_interface/cmake/ament_cmake_export_libraries-extras.cmake
-- Installing: /home/philip/SMAN/ros2_ws/install/abb_hardware_interface/share/abb_hardware_interface/cmake/ament_cmake_export_dependencies-extras.cmake
-- Installing: /home/philip/SMAN/ros2_ws/install/abb_hardware_interface/share/abb_hardware_interface/cmake/abb_hardware_interfaceConfig.cmake
-- Installing: /home/philip/SMAN/ros2_ws/install/abb_hardware_interface/share/abb_hardware_interface/cmake/abb_hardware_interfaceConfig-version.cmake
-- Installing: /home/philip/SMAN/ros2_ws/install/abb_hardware_interface/share/abb_hardware_interface/package.xml
