[0.008s] Invoking command in '/home/philip/SMAN/ros2_ws/build/abb_hardware_interface': CMAKE_MODULE_PATH=/home/philip/SMAN/ros2_ws/install/abb_librws/share/abb_librws/cmake CMAKE_PREFIX_PATH=/home/philip/SMAN/ros2_ws/install/abb_egm_rws_managers:/home/philip/SMAN/ros2_ws/install/abb_librws:/home/philip/SMAN/ros2_ws/install/abb_libegm:/home/philip/SMAN/ros2_ws/install/abb_crb15000_moveit:/home/philip/SMAN/ros2_ws/install/abb_crb15000_support:/home/philip/SMAN/ros2_ws/install/abb_irb1200_5_90_moveit_config:/home/philip/SMAN/ros2_ws/install/abb_resources:/home/philip/SMAN/ros2_ws/install/abb_irb4600_support:/home/philip/SMAN/ros2_ws/install/abb_irb1200_support:/home/philip/SMAN/ros2_ws/install/gofa_moveit_config:/home/philip/SMAN/ros2_ws/install/gofa_description:/opt/ros/jazzy/opt/sdformat_vendor:/opt/ros/jazzy/opt/gz_math_vendor:/opt/ros/jazzy/opt/gz_utils_vendor:/opt/ros/jazzy/opt/gz_tools_vendor:/opt/ros/jazzy/opt/gz_cmake_vendor:/home/philip/SMAN/ros2_ws/install/gofa_egm_driver:/opt/ros/jazzy DEBUGINFOD_URLS=https://debuginfod.ubuntu.com LD_LIBRARY_PATH=/home/philip/SMAN/ros2_ws/install/abb_egm_rws_managers/lib:/home/philip/SMAN/ros2_ws/install/abb_librws/lib:/home/philip/SMAN/ros2_ws/install/abb_libegm/lib:${LD_LIBRARY_PATH} PKG_CONFIG_PATH=/home/philip/SMAN/ros2_ws/install/abb_egm_rws_managers/lib/x86_64-linux-gnu/pkgconfig:/home/philip/SMAN/ros2_ws/install/abb_egm_rws_managers/lib/pkgconfig:/home/philip/SMAN/ros2_ws/install/abb_librws/lib/x86_64-linux-gnu/pkgconfig:/home/philip/SMAN/ros2_ws/install/abb_librws/lib/pkgconfig:/home/philip/SMAN/ros2_ws/install/abb_libegm/lib/x86_64-linux-gnu/pkgconfig:/home/philip/SMAN/ros2_ws/install/abb_libegm/lib/pkgconfig /usr/bin/cmake /home/philip/SMAN/ABB/abb_ros2/abb_hardware_interface -DCMAKE_BUILD_TYPE=Release -DBUILD_TESTING=OFF -DCMAKE_INSTALL_PREFIX=/home/philip/SMAN/ros2_ws/install/abb_hardware_interface
[0.047s] -- The C compiler identification is GNU 13.3.0
[0.085s] -- The CXX compiler identification is GNU 13.3.0
[0.095s] -- Detecting C compiler ABI info
[0.149s] -- Detecting C compiler ABI info - done
[0.156s] -- Check for working C compiler: /usr/bin/cc - skipped
[0.156s] -- Detecting C compile features
[0.157s] -- Detecting C compile features - done
[0.163s] -- Detecting CXX compiler ABI info
[0.227s] -- Detecting CXX compiler ABI info - done
[0.234s] -- Check for working CXX compiler: /usr/bin/c++ - skipped
[0.234s] -- Detecting CXX compile features
[0.234s] -- Detecting CXX compile features - done
[0.237s] -- Found ament_cmake: 2.5.4 (/opt/ros/jazzy/share/ament_cmake/cmake)
[0.340s] -- Found Python3: /usr/bin/python3 (found version "3.12.3") found components: Interpreter 
[0.410s] -- Performing Test CMAKE_HAVE_LIBC_PTHREAD
[0.465s] -- Performing Test CMAKE_HAVE_LIBC_PTHREAD - Success
[0.465s] -- Found Threads: TRUE  
[0.480s] -- Found Boost: /usr/lib/x86_64-linux-gnu/cmake/Boost-1.83.0/BoostConfig.cmake (found version "1.83.0") found components: regex system thread 
[0.482s] -- Searching for Poco library...
[0.493s] --   Found Poco!
[0.493s] -- components found: Foundation, Net, Util, XML.
[0.504s] -- Found Protobuf: /usr/lib/x86_64-linux-gnu/libprotobuf.so (found version "3.21.12") 
[0.506s] -- Found hardware_interface: 4.44.0 (/opt/ros/jazzy/share/hardware_interface/cmake)
[0.535s] -- Found rosidl_generator_c: 4.6.6 (/opt/ros/jazzy/share/rosidl_generator_c/cmake)
[0.544s] -- Found rosidl_generator_cpp: 4.6.6 (/opt/ros/jazzy/share/rosidl_generator_cpp/cmake)
[0.556s] -- Using all available rosidl_typesupport_c: rosidl_typesupport_fastrtps_c;rosidl_typesupport_introspection_c
[0.570s] -- Using all available rosidl_typesupport_cpp: rosidl_typesupport_fastrtps_cpp;rosidl_typesupport_introspection_cpp
[0.736s] -- Found TinyXML2 via Config file: /usr/lib/x86_64-linux-gnu/cmake/tinyxml2
[0.770s] -- Found rmw_implementation_cmake: 7.3.2 (/opt/ros/jazzy/share/rmw_implementation_cmake/cmake)
[0.772s] -- Found rmw_fastrtps_cpp: 8.4.3 (/opt/ros/jazzy/share/rmw_fastrtps_cpp/cmake)
[0.789s] -- Found TinyXML2 via Config file: /usr/lib/x86_64-linux-gnu/cmake/tinyxml2
[0.822s] -- Found OpenSSL: /usr/lib/x86_64-linux-gnu/libcrypto.so (found version "3.0.13")  
[0.824s] -- Found TinyXML2 via Config file: /usr/lib/x86_64-linux-gnu/cmake/tinyxml2
[0.835s] -- Found FastRTPS: /opt/ros/jazzy/include (Required is at least version "2.13") 
[0.837s] -- Found TinyXML2 via Config file: /usr/lib/x86_64-linux-gnu/cmake/tinyxml2
[0.843s] -- Found TinyXML2 via Config file: /usr/lib/x86_64-linux-gnu/cmake/tinyxml2
[0.850s] -- Using RMW implementation 'rmw_fastrtps_cpp' as default
[1.039s] -- Configuring done (1.0s)
[1.056s] -- Generating done (0.0s)
[1.060s] -- Build files have been written to: /home/philip/SMAN/ros2_ws/build/abb_hardware_interface
[1.069s] Invoked command in '/home/philip/SMAN/ros2_ws/build/abb_hardware_interface' returned '0': CMAKE_MODULE_PATH=/home/philip/SMAN/ros2_ws/install/abb_librws/share/abb_librws/cmake CMAKE_PREFIX_PATH=/home/philip/SMAN/ros2_ws/install/abb_egm_rws_managers:/home/philip/SMAN/ros2_ws/install/abb_librws:/home/philip/SMAN/ros2_ws/install/abb_libegm:/home/philip/SMAN/ros2_ws/install/abb_crb15000_moveit:/home/philip/SMAN/ros2_ws/install/abb_crb15000_support:/home/philip/SMAN/ros2_ws/install/abb_irb1200_5_90_moveit_config:/home/philip/SMAN/ros2_ws/install/abb_resources:/home/philip/SMAN/ros2_ws/install/abb_irb4600_support:/home/philip/SMAN/ros2_ws/install/abb_irb1200_support:/home/philip/SMAN/ros2_ws/install/gofa_moveit_config:/home/philip/SMAN/ros2_ws/install/gofa_description:/opt/ros/jazzy/opt/sdformat_vendor:/opt/ros/jazzy/opt/gz_math_vendor:/opt/ros/jazzy/opt/gz_utils_vendor:/opt/ros/jazzy/opt/gz_tools_vendor:/opt/ros/jazzy/opt/gz_cmake_vendor:/home/philip/SMAN/ros2_ws/install/gofa_egm_driver:/opt/ros/jazzy DEBUGINFOD_URLS=https://debuginfod.ubuntu.com LD_LIBRARY_PATH=/home/philip/SMAN/ros2_ws/install/abb_egm_rws_managers/lib:/home/philip/SMAN/ros2_ws/install/abb_librws/lib:/home/philip/SMAN/ros2_ws/install/abb_libegm/lib:${LD_LIBRARY_PATH} PKG_CONFIG_PATH=/home/philip/SMAN/ros2_ws/install/abb_egm_rws_managers/lib/x86_64-linux-gnu/pkgconfig:/home/philip/SMAN/ros2_ws/install/abb_egm_rws_managers/lib/pkgconfig:/home/philip/SMAN/ros2_ws/install/abb_librws/lib/x86_64-linux-gnu/pkgconfig:/home/philip/SMAN/ros2_ws/install/abb_librws/lib/pkgconfig:/home/philip/SMAN/ros2_ws/install/abb_libegm/lib/x86_64-linux-gnu/pkgconfig:/home/philip/SMAN/ros2_ws/install/abb_libegm/lib/pkgconfig /usr/bin/cmake /home/philip/SMAN/ABB/abb_ros2/abb_hardware_interface -DCMAKE_BUILD_TYPE=Release -DBUILD_TESTING=OFF -DCMAKE_INSTALL_PREFIX=/home/philip/SMAN/ros2_ws/install/abb_hardware_interface
[1.070s] Invoking command in '/home/philip/SMAN/ros2_ws/build/abb_hardware_interface': CMAKE_MODULE_PATH=/home/philip/SMAN/ros2_ws/install/abb_librws/share/abb_librws/cmake CMAKE_PREFIX_PATH=/home/philip/SMAN/ros2_ws/install/abb_egm_rws_managers:/home/philip/SMAN/ros2_ws/install/abb_librws:/home/philip/SMAN/ros2_ws/install/abb_libegm:/home/philip/SMAN/ros2_ws/install/abb_crb15000_moveit:/home/philip/SMAN/ros2_ws/install/abb_crb15000_support:/home/philip/SMAN/ros2_ws/install/abb_irb1200_5_90_moveit_config:/home/philip/SMAN/ros2_ws/install/abb_resources:/home/philip/SMAN/ros2_ws/install/abb_irb4600_support:/home/philip/SMAN/ros2_ws/install/abb_irb1200_support:/home/philip/SMAN/ros2_ws/install/gofa_moveit_config:/home/philip/SMAN/ros2_ws/install/gofa_description:/opt/ros/jazzy/opt/sdformat_vendor:/opt/ros/jazzy/opt/gz_math_vendor:/opt/ros/jazzy/opt/gz_utils_vendor:/opt/ros/jazzy/opt/gz_tools_vendor:/opt/ros/jazzy/opt/gz_cmake_vendor:/home/philip/SMAN/ros2_ws/install/gofa_egm_driver:/opt/ros/jazzy DEBUGINFOD_URLS=https://debuginfod.ubuntu.com LD_LIBRARY_PATH=/home/philip/SMAN/ros2_ws/install/abb_egm_rws_managers/lib:/home/philip/SMAN/ros2_ws/install/abb_librws/lib:/home/philip/SMAN/ros2_ws/install/abb_libegm/lib:${LD_LIBRARY_PATH} PKG_CONFIG_PATH=/home/philip/SMAN/ros2_ws/install/abb_egm_rws_managers/lib/x86_64-linux-gnu/pkgconfig:/home/philip/SMAN/ros2_ws/install/abb_egm_rws_managers/lib/pkgconfig:/home/philip/SMAN/ros2_ws/install/abb_librws/lib/x86_64-linux-gnu/pkgconfig:/home/philip/SMAN/ros2_ws/install/abb_librws/lib/pkgconfig:/home/philip/SMAN/ros2_ws/install/abb_libegm/lib/x86_64-linux-gnu/pkgconfig:/home/philip/SMAN/ros2_ws/install/abb_libegm/lib/pkgconfig /usr/bin/cmake --build /home/philip/SMAN/ros2_ws/build/abb_hardware_interface -- -j8 -l8
[1.102s] [ 66%] [32mBuilding CXX object CMakeFiles/abb_hardware_interface.dir/src/abb_hardware_interface.cpp.o[0m
[1.103s] [ 66%] [32mBuilding CXX object CMakeFiles/abb_hardware_interface.dir/src/utilities.cpp.o[0m
[5.294s] [01m[K/home/philip/SMAN/ABB/abb_ros2/abb_hardware_interface/src/abb_hardware_interface.cpp:[m[K In member function ‘[01m[Kvirtual CallbackReturn abb_hardware_interface::ABBSystemHardware::[01;32m[Kon_init[m[K(const hardware_interface::HardwareInfo&)[m[K’:
[5.294s] [01m[K/home/philip/SMAN/ABB/abb_ros2/abb_hardware_interface/src/abb_hardware_interface.cpp:28:51:[m[K [01;35m[Kwarning: [m[K‘[01m[Kvirtual rclcpp_lifecycle::node_interfaces::LifecycleNodeInterface::CallbackReturn hardware_interface::HardwareComponentInterface::[01;32m[Kon_init[m[K(const hardware_interface::HardwareInfo&)[m[K’ is deprecated: Use on_init(const HardwareComponentInterfaceParams & params) instead. [[01;35m[K]8;;https://gcc.gnu.org/onlinedocs/gcc/Warning-Options.html#index-Wdeprecated-declarations-Wdeprecated-declarations]8;;[m[K]
[5.294s]    28 |   if ([01;35m[Khardware_interface::SystemInterface::on_init(info)[m[K != CallbackReturn::SUCCESS)
[5.294s]       |       [01;35m[K~~~~~~~~~~~~~~~~~~~~~~~~~~~~~~~~~~~~~~~~~~~~^~~~~~[m[K
[5.294s] In file included from [01m[K/opt/ros/jazzy/include/hardware_interface/hardware_interface/system_interface.hpp:18[m[K,
[5.294s]                  from [01m[K/home/philip/SMAN/ABB/abb_ros2/abb_hardware_interface/include/abb_hardware_interface/abb_hardware_interface.hpp:31[m[K,
[5.294s]                  from [01m[K/home/philip/SMAN/ABB/abb_ros2/abb_hardware_interface/src/abb_hardware_interface.cpp:16[m[K:
[5.294s] [01m[K/opt/ros/jazzy/include/hardware_interface/hardware_interface/hardware_component_interface.hpp:140:26:[m[K [01;36m[Knote: [m[Kdeclared here
[5.294s]   140 |   virtual CallbackReturn [01;36m[Kon_init[m[K(const HardwareInfo & hardware_info);
[5.294s]       |                          [01;36m[K^~~~~~~[m[K
[7.896s] [100%] [32m[1mLinking CXX shared library libabb_hardware_interface.so[0m
[8.044s] [100%] Built target abb_hardware_interface
[8.051s] Invoked command in '/home/philip/SMAN/ros2_ws/build/abb_hardware_interface' returned '0': CMAKE_MODULE_PATH=/home/philip/SMAN/ros2_ws/install/abb_librws/share/abb_librws/cmake CMAKE_PREFIX_PATH=/home/philip/SMAN/ros2_ws/install/abb_egm_rws_managers:/home/philip/SMAN/ros2_ws/install/abb_librws:/home/philip/SMAN/ros2_ws/install/abb_libegm:/home/philip/SMAN/ros2_ws/install/abb_crb15000_moveit:/home/philip/SMAN/ros2_ws/install/abb_crb15000_support:/home/philip/SMAN/ros2_ws/install/abb_irb1200_5_90_moveit_config:/home/philip/SMAN/ros2_ws/install/abb_resources:/home/philip/SMAN/ros2_ws/install/abb_irb4600_support:/home/philip/SMAN/ros2_ws/install/abb_irb1200_support:/home/philip/SMAN/ros2_ws/install/gofa_moveit_config:/home/philip/SMAN/ros2_ws/install/gofa_description:/opt/ros/jazzy/opt/sdformat_vendor:/opt/ros/jazzy/opt/gz_math_vendor:/opt/ros/jazzy/opt/gz_utils_vendor:/opt/ros/jazzy/opt/gz_tools_vendor:/opt/ros/jazzy/opt/gz_cmake_vendor:/home/philip/SMAN/ros2_ws/install/gofa_egm_driver:/opt/ros/jazzy DEBUGINFOD_URLS=https://debuginfod.ubuntu.com LD_LIBRARY_PATH=/home/philip/SMAN/ros2_ws/install/abb_egm_rws_managers/lib:/home/philip/SMAN/ros2_ws/install/abb_librws/lib:/home/philip/SMAN/ros2_ws/install/abb_libegm/lib:${LD_LIBRARY_PATH} PKG_CONFIG_PATH=/home/philip/SMAN/ros2_ws/install/abb_egm_rws_managers/lib/x86_64-linux-gnu/pkgconfig:/home/philip/SMAN/ros2_ws/install/abb_egm_rws_managers/lib/pkgconfig:/home/philip/SMAN/ros2_ws/install/abb_librws/lib/x86_64-linux-gnu/pkgconfig:/home/philip/SMAN/ros2_ws/install/abb_librws/lib/pkgconfig:/home/philip/SMAN/ros2_ws/install/abb_libegm/lib/x86_64-linux-gnu/pkgconfig:/home/philip/SMAN/ros2_ws/install/abb_libegm/lib/pkgconfig /usr/bin/cmake --build /home/philip/SMAN/ros2_ws/build/abb_hardware_interface -- -j8 -l8
[8.052s] Invoking command in '/home/philip/SMAN/ros2_ws/build/abb_hardware_interface': CMAKE_MODULE_PATH=/home/philip/SMAN/ros2_ws/install/abb_librws/share/abb_librws/cmake CMAKE_PREFIX_PATH=/home/philip/SMAN/ros2_ws/install/abb_egm_rws_managers:/home/philip/SMAN/ros2_ws/install/abb_librws:/home/philip/SMAN/ros2_ws/install/abb_libegm:/home/philip/SMAN/ros2_ws/install/abb_crb15000_moveit:/home/philip/SMAN/ros2_ws/install/abb_crb15000_support:/home/philip/SMAN/ros2_ws/install/abb_irb1200_5_90_moveit_config:/home/philip/SMAN/ros2_ws/install/abb_resources:/home/philip/SMAN/ros2_ws/install/abb_irb4600_support:/home/philip/SMAN/ros2_ws/install/abb_irb1200_support:/home/philip/SMAN/ros2_ws/install/gofa_moveit_config:/home/philip/SMAN/ros2_ws/install/gofa_description:/opt/ros/jazzy/opt/sdformat_vendor:/opt/ros/jazzy/opt/gz_math_vendor:/opt/ros/jazzy/opt/gz_utils_vendor:/opt/ros/jazzy/opt/gz_tools_vendor:/opt/ros/jazzy/opt/gz_cmake_vendor:/home/philip/SMAN/ros2_ws/install/gofa_egm_driver:/opt/ros/jazzy DEBUGINFOD_URLS=https://debuginfod.ubuntu.com LD_LIBRARY_PATH=/home/philip/SMAN/ros2_ws/install/abb_egm_rws_managers/lib:/home/philip/SMAN/ros2_ws/install/abb_librws/lib:/home/philip/SMAN/ros2_ws/install/abb_libegm/lib:${LD_LIBRARY_PATH} PKG_CONFIG_PATH=/home/philip/SMAN/ros2_ws/install/abb_egm_rws_managers/lib/x86_64-linux-gnu/pkgconfig:/home/philip/SMAN/ros2_ws/install/abb_egm_rws_managers/lib/pkgconfig:/home/philip/SMAN/ros2_ws/install/abb_librws/lib/x86_64-linux-gnu/pkgconfig:/home/philip/SMAN/ros2_ws/install/abb_librws/lib/pkgconfig:/home/philip/SMAN/ros2_ws/install/abb_libegm/lib/x86_64-linux-gnu/pkgconfig:/home/philip/SMAN/ros2_ws/install/abb_libegm/lib/pkgconfig /usr/bin/cmake --install /home/philip/SMAN/ros2_ws/build/abb_hardware_interface
[8.057s] -- Install configuration: "Release"
[8.057s] -- Installing: /home/philip/SMAN/ros2_ws/install/abb_hardware_interface/share/abb_hardware_interface/abb_hardware_interface.xml
[8.057s] -- Installing: /home/philip/SMAN/ros2_ws/install/abb_hardware_interface/lib/libabb_hardware_interface.so
[8.058s] -- Set non-toolchain portion of runtime path of "/home/philip/SMAN/ros2_ws/install/abb_hardware_interface/lib/libabb_hardware_interface.so" to ""
[8.058s] -- Installing: /home/philip/SMAN/ros2_ws/install/abb_hardware_interface/include
[8.058s] -- Installing: /home/philip/SMAN/ros2_ws/install/abb_hardware_interface/include/abb_hardware_interface
[8.058s] -- Installing: /home/philip/SMAN/ros2_ws/install/abb_hardware_interface/include/abb_hardware_interface/utilities.hpp
[8.058s] -- Installing: /home/philip/SMAN/ros2_ws/install/abb_hardware_interface/include/abb_hardware_interface/abb_hardware_interface.hpp
[8.058s] -- Installing: /home/philip/SMAN/ros2_ws/install/abb_hardware_interface/include/abb_hardware_interface/visibility_control.h
[8.058s] -- Installing: /home/philip/SMAN/ros2_ws/install/abb_hardware_interface/share/abb_hardware_interface/environment/library_path.sh
[8.058s] -- Installing: /home/philip/SMAN/ros2_ws/install/abb_hardware_interface/share/abb_hardware_interface/environment/library_path.dsv
[8.058s] -- Installing: /home/philip/SMAN/ros2_ws/install/abb_hardware_interface/share/ament_index/resource_index/package_run_dependencies/abb_hardware_interface
[8.058s] -- Installing: /home/philip/SMAN/ros2_ws/install/abb_hardware_interface/share/ament_index/resource_index/parent_prefix_path/abb_hardware_interface
[8.059s] -- Installing: /home/philip/SMAN/ros2_ws/install/abb_hardware_interface/share/abb_hardware_interface/environment/ament_prefix_path.sh
[8.059s] -- Installing: /home/philip/SMAN/ros2_ws/install/abb_hardware_interface/share/abb_hardware_interface/environment/ament_prefix_path.dsv
[8.059s] -- Installing: /home/philip/SMAN/ros2_ws/install/abb_hardware_interface/share/abb_hardware_interface/environment/path.sh
[8.059s] -- Installing: /home/philip/SMAN/ros2_ws/install/abb_hardware_interface/share/abb_hardware_interface/environment/path.dsv
[8.059s] -- Installing: /home/philip/SMAN/ros2_ws/install/abb_hardware_interface/share/abb_hardware_interface/local_setup.bash
[8.059s] -- Installing: /home/philip/SMAN/ros2_ws/install/abb_hardware_interface/share/abb_hardware_interface/local_setup.sh
[8.059s] -- Installing: /home/philip/SMAN/ros2_ws/install/abb_hardware_interface/share/abb_hardware_interface/local_setup.zsh
[8.059s] -- Installing: /home/philip/SMAN/ros2_ws/install/abb_hardware_interface/share/abb_hardware_interface/local_setup.dsv
[8.059s] -- Installing: /home/philip/SMAN/ros2_ws/install/abb_hardware_interface/share/abb_hardware_interface/package.dsv
[8.059s] -- Installing: /home/philip/SMAN/ros2_ws/install/abb_hardware_interface/share/ament_index/resource_index/packages/abb_hardware_interface
[8.060s] -- Installing: /home/philip/SMAN/ros2_ws/install/abb_hardware_interface/share/ament_index/resource_index/hardware_interface__pluginlib__plugin/abb_hardware_interface
[8.060s] -- Installing: /home/philip/SMAN/ros2_ws/install/abb_hardware_interface/share/abb_hardware_interface/cmake/ament_cmake_export_include_directories-extras.cmake
[8.060s] -- Installing: /home/philip/SMAN/ros2_ws/install/abb_hardware_interface/share/abb_hardware_interface/cmake/ament_cmake_export_libraries-extras.cmake
[8.060s] -- Installing: /home/philip/SMAN/ros2_ws/install/abb_hardware_interface/share/abb_hardware_interface/cmake/ament_cmake_export_dependencies-extras.cmake
[8.060s] -- Installing: /home/philip/SMAN/ros2_ws/install/abb_hardware_interface/share/abb_hardware_interface/cmake/abb_hardware_interfaceConfig.cmake
[8.060s] -- Installing: /home/philip/SMAN/ros2_ws/install/abb_hardware_interface/share/abb_hardware_interface/cmake/abb_hardware_interfaceConfig-version.cmake
[8.060s] -- Installing: /home/philip/SMAN/ros2_ws/install/abb_hardware_interface/share/abb_hardware_interface/package.xml
[8.061s] Invoked command in '/home/philip/SMAN/ros2_ws/build/abb_hardware_interface' returned '0': CMAKE_MODULE_PATH=/home/philip/SMAN/ros2_ws/install/abb_librws/share/abb_librws/cmake CMAKE_PREFIX_PATH=/home/philip/SMAN/ros2_ws/install/abb_egm_rws_managers:/home/philip/SMAN/ros2_ws/install/abb_librws:/home/philip/SMAN/ros2_ws/install/abb_libegm:/home/philip/SMAN/ros2_ws/install/abb_crb15000_moveit:/home/philip/SMAN/ros2_ws/install/abb_crb15000_support:/home/philip/SMAN/ros2_ws/install/abb_irb1200_5_90_moveit_config:/home/philip/SMAN/ros2_ws/install/abb_resources:/home/philip/SMAN/ros2_ws/install/abb_irb4600_support:/home/philip/SMAN/ros2_ws/install/abb_irb1200_support:/home/philip/SMAN/ros2_ws/install/gofa_moveit_config:/home/philip/SMAN/ros2_ws/install/gofa_description:/opt/ros/jazzy/opt/sdformat_vendor:/opt/ros/jazzy/opt/gz_math_vendor:/opt/ros/jazzy/opt/gz_utils_vendor:/opt/ros/jazzy/opt/gz_tools_vendor:/opt/ros/jazzy/opt/gz_cmake_vendor:/home/philip/SMAN/ros2_ws/install/gofa_egm_driver:/opt/ros/jazzy DEBUGINFOD_URLS=https://debuginfod.ubuntu.com LD_LIBRARY_PATH=/home/philip/SMAN/ros2_ws/install/abb_egm_rws_managers/lib:/home/philip/SMAN/ros2_ws/install/abb_librws/lib:/home/philip/SMAN/ros2_ws/install/abb_libegm/lib:${LD_LIBRARY_PATH} PKG_CONFIG_PATH=/home/philip/SMAN/ros2_ws/install/abb_egm_rws_managers/lib/x86_64-linux-gnu/pkgconfig:/home/philip/SMAN/ros2_ws/install/abb_egm_rws_managers/lib/pkgconfig:/home/philip/SMAN/ros2_ws/install/abb_librws/lib/x86_64-linux-gnu/pkgconfig:/home/philip/SMAN/ros2_ws/install/abb_librws/lib/pkgconfig:/home/philip/SMAN/ros2_ws/install/abb_libegm/lib/x86_64-linux-gnu/pkgconfig:/home/philip/SMAN/ros2_ws/install/abb_libegm/lib/pkgconfig /usr/bin/cmake --install /home/philip/SMAN/ros2_ws/build/abb_hardware_interface
