-- The CXX compiler identification is GNU 13.3.0
-- Detecting CXX compiler ABI info
-- Detecting CXX compiler ABI info - done
-- Check for working CXX compiler: /usr/bin/c++ - skipped
-- Detecting CXX compile features
-- Detecting CXX compile features - done
-- Searching for Poco library...
--   Found Poco!
-- components found: Foundation, Net, Util, XML, NetSSL.
-- Found Boost: /usr/lib/x86_64-linux-gnu/cmake/Boost-1.83.0/BoostConfig.cmake (found version "1.83.0") found components: exception 
-- Performing Test COMPILER_HAS_HIDDEN_VISIBILITY
-- Performing Test COMPILER_HAS_HIDDEN_VISIBILITY - Success
-- Performing Test COMPILER_HAS_HIDDEN_INLINE_VISIBILITY
-- Performing Test COMPILER_HAS_HIDDEN_INLINE_VISIBILITY - Success
-- Performing Test COMPILER_HAS_DEPRECATED_ATTR
-- Performing Test COMPILER_HAS_DEPRECATED_ATTR - Success
-- Found GTest: /usr/lib/x86_64-linux-gnu/cmake/GTest/GTestConfig.cmake (found version "1.14.0")  
-- Configuring done (0.4s)
-- Generating done (0.0s)
[33mCMake Warning:
  Manually-specified variables were not used by the project:

    BUILD_TESTING

[0m
-- Build files have been written to: /home/philip/SMAN/ros2_ws/build/abb_librws
[  3%] [32mBuilding CXX object CMakeFiles/abb_librws.dir/src/system_constants.cpp.o[0m
[  7%] [32mBuilding CXX object CMakeFiles/abb_librws.dir/src/rws_poco_result.cpp.o[0m
[ 11%] [32mBuilding CXX object CMakeFiles/abb_librws.dir/src/rws_poco_client.cpp.o[0m
[ 14%] [32mBuilding CXX object CMakeFiles/abb_librws.dir/src/rws_subscription.cpp.o[0m
[ 18%] [32mBuilding CXX object CMakeFiles/abb_librws.dir/src/rws_websocket.cpp.o[0m
[ 22%] [32mBuilding CXX object CMakeFiles/abb_librws.dir/src/parsing.cpp.o[0m
[ 25%] [32mBuilding CXX object CMakeFiles/abb_librws.dir/src/rws.cpp.o[0m
[ 29%] [32mBuilding CXX object CMakeFiles/abb_librws.dir/src/rws_rapid.cpp.o[0m
[ 33%] [32mBuilding CXX object CMakeFiles/abb_librws.dir/src/connection_options.cpp.o[0m
[ 37%] [32mBuilding CXX object CMakeFiles/abb_librws.dir/src/common/rw/rapid.cpp.o[0m
[ 40%] [32mBuilding CXX object CMakeFiles/abb_librws.dir/src/common/rw/panel.cpp.o[0m
[ 44%] [32mBuilding CXX object CMakeFiles/abb_librws.dir/src/v1_0/rws.cpp.o[0m
[ 48%] [32mBuilding CXX object CMakeFiles/abb_librws.dir/src/v1_0/rws_client.cpp.o[0m
[ 51%] [32mBuilding CXX object CMakeFiles/abb_librws.dir/src/v1_0/rws_interface.cpp.o[0m
[ 55%] [32mBuilding CXX object CMakeFiles/abb_librws.dir/src/v1_0/rw/rapid.cpp.o[0m
[ 59%] [32mBuilding CXX object CMakeFiles/abb_librws.dir/src/v1_0/rw/panel.cpp.o[0m
[ 62%] [32mBuilding CXX object CMakeFiles/abb_librws.dir/src/v1_0/rw/io.cpp.o[0m
[ 66%] [32mBuilding CXX object CMakeFiles/abb_librws.dir/src/v1_0/rws_state_machine_interface.cpp.o[0m
[ 70%] [32mBuilding CXX object CMakeFiles/abb_librws.dir/src/v2_0/rws.cpp.o[0m
[ 74%] [32mBuilding CXX object CMakeFiles/abb_librws.dir/src/v2_0/rws_client.cpp.o[0m
[ 77%] [32mBuilding CXX object CMakeFiles/abb_librws.dir/src/v2_0/rws_interface.cpp.o[0m
[ 81%] [32mBuilding CXX object CMakeFiles/abb_librws.dir/src/v2_0/rw/rapid.cpp.o[0m
[ 85%] [32mBuilding CXX object CMakeFiles/abb_librws.dir/src/v2_0/rw/panel.cpp.o[0m
[ 88%] [32mBuilding CXX object CMakeFiles/abb_librws.dir/src/v2_0/rws_state_machine_interface.cpp.o[0m
[ 92%] [32m[1mLinking CXX shared library libabb_librws.so[0m
[ 92%] Built target abb_librws
[ 96%] [32mBuilding CXX object CMakeFiles/abb_librws-test.dir/test/rws_rapid_test.cpp.o[0m
[100%] [32m[1mLinking CXX executable abb_librws-test[0m
[100%] Built target abb_librws-test
-- Install configuration: "Release"
-- Installing: /home/philip/SMAN/ros2_ws/install/abb_librws/include
-- Installing: /home/philip/SMAN/ros2_ws/install/abb_librws/include/abb_librws
-- Installing: /home/philip/SMAN/ros2_ws/install/abb_librws/include/abb_librws/xml_attribute.h
-- Installing: /home/philip/SMAN/ros2_ws/install/abb_librws/include/abb_librws/rws_resource.h
-- Installing: /home/philip/SMAN/ros2_ws/install/abb_librws/include/abb_librws/rws_poco_result.h
-- Installing: /home/philip/SMAN/ros2_ws/install/abb_librws/include/abb_librws/v2_0
-- Installing: /home/philip/SMAN/ros2_ws/install/abb_librws/include/abb_librws/v2_0/rw
-- Installing: /home/philip/SMAN/ros2_ws/install/abb_librws/include/abb_librws/v2_0/rw/panel.h
-- Installing: /home/philip/SMAN/ros2_ws/install/abb_librws/include/abb_librws/v2_0/rw/rapid.h
-- Installing: /home/philip/SMAN/ros2_ws/install/abb_librws/include/abb_librws/v2_0/rws_interface.h
-- Installing: /home/philip/SMAN/ros2_ws/install/abb_librws/include/abb_librws/v2_0/rws_state_machine_interface.h
-- Installing: /home/philip/SMAN/ros2_ws/install/abb_librws/include/abb_librws/v2_0/rws_client.h
-- Installing: /home/philip/SMAN/ros2_ws/install/abb_librws/include/abb_librws/v2_0/rws.h
-- Installing: /home/philip/SMAN/ros2_ws/install/abb_librws/include/abb_librws/rws_info.h
-- Installing: /home/philip/SMAN/ros2_ws/install/abb_librws/include/abb_librws/rws_error.h
-- Installing: /home/philip/SMAN/ros2_ws/install/abb_librws/include/abb_librws/coordinate.h
-- Installing: /home/philip/SMAN/ros2_ws/install/abb_librws/include/abb_librws/connection_options.h
-- Installing: /home/philip/SMAN/ros2_ws/install/abb_librws/include/abb_librws/v1_0
-- Installing: /home/philip/SMAN/ros2_ws/install/abb_librws/include/abb_librws/v1_0/rw
-- Installing: /home/philip/SMAN/ros2_ws/install/abb_librws/include/abb_librws/v1_0/rw/io.h
-- Installing: /home/philip/SMAN/ros2_ws/install/abb_librws/include/abb_librws/v1_0/rw/panel.h
-- Installing: /home/philip/SMAN/ros2_ws/install/abb_librws/include/abb_librws/v1_0/rw/rapid.h
-- Installing: /home/philip/SMAN/ros2_ws/install/abb_librws/include/abb_librws/v1_0/rws_interface.h
-- Installing: /home/philip/SMAN/ros2_ws/install/abb_librws/include/abb_librws/v1_0/rws_state_machine_interface.h
-- Installing: /home/philip/SMAN/ros2_ws/install/abb_librws/include/abb_librws/v1_0/rws_client.h
-- Installing: /home/philip/SMAN/ros2_ws/install/abb_librws/include/abb_librws/v1_0/rws.h
-- Installing: /home/philip/SMAN/ros2_ws/install/abb_librws/include/abb_librws/rws_rapid.h
-- Installing: /home/philip/SMAN/ros2_ws/install/abb_librws/include/abb_librws/rws_subscription.h
-- Installing: /home/philip/SMAN/ros2_ws/install/abb_librws/include/abb_librws/parsing.h
-- Installing: /home/philip/SMAN/ros2_ws/install/abb_librws/include/abb_librws/rws_cfg.h
-- Installing: /home/philip/SMAN/ros2_ws/install/abb_librws/include/abb_librws/rws_poco_client.h
-- Installing: /home/philip/SMAN/ros2_ws/install/abb_librws/include/abb_librws/system_constants.h
-- Installing: /home/philip/SMAN/ros2_ws/install/abb_librws/include/abb_librws/rws.h
-- Installing: /home/philip/SMAN/ros2_ws/install/abb_librws/include/abb_librws/common
-- Installing: /home/philip/SMAN/ros2_ws/install/abb_librws/include/abb_librws/common/rw
-- Installing: /home/philip/SMAN/ros2_ws/install/abb_librws/include/abb_librws/common/rw/io.h
-- Installing: /home/philip/SMAN/ros2_ws/install/abb_librws/include/abb_librws/common/rw/panel.h
-- Installing: /home/philip/SMAN/ros2_ws/install/abb_librws/include/abb_librws/common/rw/rapid.h
-- Installing: /home/philip/SMAN/ros2_ws/install/abb_librws/include/abb_librws/rws_websocket.h
-- Installing: /home/philip/SMAN/ros2_ws/install/abb_librws/include/abb_librws/abb_librws_export.h
-- Installing: /home/philip/SMAN/ros2_ws/install/abb_librws/share/abb_librws/cmake
-- Installing: /home/philip/SMAN/ros2_ws/install/abb_librws/share/abb_librws/cmake/README.md
-- Installing: /home/philip/SMAN/ros2_ws/install/abb_librws/share/abb_librws/cmake/FindPoco.cmake
-- Installing: /home/philip/SMAN/ros2_ws/install/abb_librws/lib/libabb_librws.so
-- Installing: /home/philip/SMAN/ros2_ws/install/abb_librws/share/abb_librws/abb_librwsConfig.cmake
-- Installing: /home/philip/SMAN/ros2_ws/install/abb_librws/share/abb_librws/abb_librwsConfigVersion.cmake
-- Installing: /home/philip/SMAN/ros2_ws/install/abb_librws/share/abb_librws/package.xml
-- Installing: /home/philip/SMAN/ros2_ws/install/abb_librws/share/abb_librws/abb_librwsTargets.cmake
-- Installing: /home/philip/SMAN/ros2_ws/install/abb_librws/share/abb_librws/abb_librwsTargets-release.cmake
