[0.014s] Invoking command in '/home/philip/SMAN/ros2_ws/build/abb_bringup': CMAKE_PREFIX_PATH=/home/philip/SMAN/ros2_ws/install/abb_irb1200_5_90_moveit_config:/home/philip/SMAN/ros2_ws/install/abb_resources:/home/philip/SMAN/ros2_ws/install/abb_irb1200_support:/home/philip/SMAN/ros2_ws/install/abb_crb15000_moveit:/home/philip/SMAN/ros2_ws/install/abb_crb15000_support:/home/philip/SMAN/ros2_ws/install/abb_irb4600_support:/home/philip/SMAN/ros2_ws/install/gofa_moveit_config:/home/philip/SMAN/ros2_ws/install/gofa_description:/opt/ros/jazzy/opt/sdformat_vendor:/opt/ros/jazzy/opt/gz_math_vendor:/opt/ros/jazzy/opt/gz_utils_vendor:/opt/ros/jazzy/opt/gz_tools_vendor:/opt/ros/jazzy/opt/gz_cmake_vendor:/home/philip/SMAN/ros2_ws/install/gofa_egm_driver:/opt/ros/jazzy DEBUGINFOD_URLS=https://debuginfod.ubuntu.com /usr/bin/cmake --build /home/philip/SMAN/ros2_ws/build/abb_bringup -- -j8 -l8
[0.039s] Invoked command in '/home/philip/SMAN/ros2_ws/build/abb_bringup' returned '0': CMAKE_PREFIX_PATH=/home/philip/SMAN/ros2_ws/install/abb_irb1200_5_90_moveit_config:/home/philip/SMAN/ros2_ws/install/abb_resources:/home/philip/SMAN/ros2_ws/install/abb_irb1200_support:/home/philip/SMAN/ros2_ws/install/abb_crb15000_moveit:/home/philip/SMAN/ros2_ws/install/abb_crb15000_support:/home/philip/SMAN/ros2_ws/install/abb_irb4600_support:/home/philip/SMAN/ros2_ws/install/gofa_moveit_config:/home/philip/SMAN/ros2_ws/install/gofa_description:/opt/ros/jazzy/opt/sdformat_vendor:/opt/ros/jazzy/opt/gz_math_vendor:/opt/ros/jazzy/opt/gz_utils_vendor:/opt/ros/jazzy/opt/gz_tools_vendor:/opt/ros/jazzy/opt/gz_cmake_vendor:/home/philip/SMAN/ros2_ws/install/gofa_egm_driver:/opt/ros/jazzy DEBUGINFOD_URLS=https://debuginfod.ubuntu.com /usr/bin/cmake --build /home/philip/SMAN/ros2_ws/build/abb_bringup -- -j8 -l8
[0.040s] Invoking command in '/home/philip/SMAN/ros2_ws/build/abb_bringup': CMAKE_PREFIX_PATH=/home/philip/SMAN/ros2_ws/install/abb_irb1200_5_90_moveit_config:/home/philip/SMAN/ros2_ws/install/abb_resources:/home/philip/SMAN/ros2_ws/install/abb_irb1200_support:/home/philip/SMAN/ros2_ws/install/abb_crb15000_moveit:/home/philip/SMAN/ros2_ws/install/abb_crb15000_support:/home/philip/SMAN/ros2_ws/install/abb_irb4600_support:/home/philip/SMAN/ros2_ws/install/gofa_moveit_config:/home/philip/SMAN/ros2_ws/install/gofa_description:/opt/ros/jazzy/opt/sdformat_vendor:/opt/ros/jazzy/opt/gz_math_vendor:/opt/ros/jazzy/opt/gz_utils_vendor:/opt/ros/jazzy/opt/gz_tools_vendor:/opt/ros/jazzy/opt/gz_cmake_vendor:/home/philip/SMAN/ros2_ws/install/gofa_egm_driver:/opt/ros/jazzy DEBUGINFOD_URLS=https://debuginfod.ubuntu.com /usr/bin/cmake --install /home/philip/SMAN/ros2_ws/build/abb_bringup
[0.044s] -- Install configuration: "Release"
[0.044s] -- Up-to-date: /home/philip/SMAN/ros2_ws/install/abb_bringup/share/abb_bringup/config
[0.044s] -- Up-to-date: /home/philip/SMAN/ros2_ws/install/abb_bringup/share/abb_bringup/config/abb_controllers.yaml
[0.044s] -- Up-to-date: /home/philip/SMAN/ros2_ws/install/abb_bringup/share/abb_bringup/launch
[0.044s] -- Up-to-date: /home/philip/SMAN/ros2_ws/install/abb_bringup/share/abb_bringup/launch/abb_moveit.launch.py
[0.044s] -- Up-to-date: /home/philip/SMAN/ros2_ws/install/abb_bringup/share/abb_bringup/launch/crb15000_complete.launch.py
[0.044s] -- Up-to-date: /home/philip/SMAN/ros2_ws/install/abb_bringup/share/abb_bringup/launch/abb_rws_client.launch.py
[0.045s] -- Up-to-date: /home/philip/SMAN/ros2_ws/install/abb_bringup/share/abb_bringup/launch/abb_crb15000_moveit.launch.py
[0.045s] -- Up-to-date: /home/philip/SMAN/ros2_ws/install/abb_bringup/share/abb_bringup/launch/abb_control.launch.py
[0.045s] -- Up-to-date: /home/philip/SMAN/ros2_ws/install/abb_bringup/share/ament_index/resource_index/package_run_dependencies/abb_bringup
[0.045s] -- Up-to-date: /home/philip/SMAN/ros2_ws/install/abb_bringup/share/ament_index/resource_index/parent_prefix_path/abb_bringup
[0.045s] -- Up-to-date: /home/philip/SMAN/ros2_ws/install/abb_bringup/share/abb_bringup/environment/ament_prefix_path.sh
[0.045s] -- Up-to-date: /home/philip/SMAN/ros2_ws/install/abb_bringup/share/abb_bringup/environment/ament_prefix_path.dsv
[0.046s] -- Up-to-date: /home/philip/SMAN/ros2_ws/install/abb_bringup/share/abb_bringup/environment/path.sh
[0.046s] -- Up-to-date: /home/philip/SMAN/ros2_ws/install/abb_bringup/share/abb_bringup/environment/path.dsv
[0.046s] -- Up-to-date: /home/philip/SMAN/ros2_ws/install/abb_bringup/share/abb_bringup/local_setup.bash
[0.046s] -- Up-to-date: /home/philip/SMAN/ros2_ws/install/abb_bringup/share/abb_bringup/local_setup.sh
[0.046s] -- Up-to-date: /home/philip/SMAN/ros2_ws/install/abb_bringup/share/abb_bringup/local_setup.zsh
[0.046s] -- Up-to-date: /home/philip/SMAN/ros2_ws/install/abb_bringup/share/abb_bringup/local_setup.dsv
[0.046s] -- Up-to-date: /home/philip/SMAN/ros2_ws/install/abb_bringup/share/abb_bringup/package.dsv
[0.046s] -- Up-to-date: /home/philip/SMAN/ros2_ws/install/abb_bringup/share/ament_index/resource_index/packages/abb_bringup
[0.046s] -- Up-to-date: /home/philip/SMAN/ros2_ws/install/abb_bringup/share/abb_bringup/cmake/ament_cmake_export_dependencies-extras.cmake
[0.046s] -- Up-to-date: /home/philip/SMAN/ros2_ws/install/abb_bringup/share/abb_bringup/cmake/abb_bringupConfig.cmake
[0.046s] -- Up-to-date: /home/philip/SMAN/ros2_ws/install/abb_bringup/share/abb_bringup/cmake/abb_bringupConfig-version.cmake
[0.046s] -- Up-to-date: /home/philip/SMAN/ros2_ws/install/abb_bringup/share/abb_bringup/package.xml
[0.048s] Invoked command in '/home/philip/SMAN/ros2_ws/build/abb_bringup' returned '0': CMAKE_PREFIX_PATH=/home/philip/SMAN/ros2_ws/install/abb_irb1200_5_90_moveit_config:/home/philip/SMAN/ros2_ws/install/abb_resources:/home/philip/SMAN/ros2_ws/install/abb_irb1200_support:/home/philip/SMAN/ros2_ws/install/abb_crb15000_moveit:/home/philip/SMAN/ros2_ws/install/abb_crb15000_support:/home/philip/SMAN/ros2_ws/install/abb_irb4600_support:/home/philip/SMAN/ros2_ws/install/gofa_moveit_config:/home/philip/SMAN/ros2_ws/install/gofa_description:/opt/ros/jazzy/opt/sdformat_vendor:/opt/ros/jazzy/opt/gz_math_vendor:/opt/ros/jazzy/opt/gz_utils_vendor:/opt/ros/jazzy/opt/gz_tools_vendor:/opt/ros/jazzy/opt/gz_cmake_vendor:/home/philip/SMAN/ros2_ws/install/gofa_egm_driver:/opt/ros/jazzy DEBUGINFOD_URLS=https://debuginfod.ubuntu.com /usr/bin/cmake --install /home/philip/SMAN/ros2_ws/build/abb_bringup
