[100%] Built target abb_hardware_interface
-- Install configuration: "Release"
-- Up-to-date: /home/philip/SMAN/ros2_ws/install/abb_hardware_interface/share/abb_hardware_interface/abb_hardware_interface.xml
-- Up-to-date: /home/philip/SMAN/ros2_ws/install/abb_hardware_interface/lib/libabb_hardware_interface.so
-- Up-to-date: /home/philip/SMAN/ros2_ws/install/abb_hardware_interface/include
-- Up-to-date: /home/philip/SMAN/ros2_ws/install/abb_hardware_interface/include/abb_hardware_interface
-- Up-to-date: /home/philip/SMAN/ros2_ws/install/abb_hardware_interface/include/abb_hardware_interface/utilities.hpp
-- Up-to-date: /home/philip/SMAN/ros2_ws/install/abb_hardware_interface/include/abb_hardware_interface/abb_hardware_interface.hpp
-- Up-to-date: /home/philip/SMAN/ros2_ws/install/abb_hardware_interface/include/abb_hardware_interface/visibility_control.h
-- Up-to-date: /home/philip/SMAN/ros2_ws/install/abb_hardware_interface/share/abb_hardware_interface/environment/library_path.sh
-- Up-to-date: /home/philip/SMAN/ros2_ws/install/abb_hardware_interface/share/abb_hardware_interface/environment/library_path.dsv
-- Up-to-date: /home/philip/SMAN/ros2_ws/install/abb_hardware_interface/share/ament_index/resource_index/package_run_dependencies/abb_hardware_interface
-- Up-to-date: /home/philip/SMAN/ros2_ws/install/abb_hardware_interface/share/ament_index/resource_index/parent_prefix_path/abb_hardware_interface
-- Up-to-date: /home/philip/SMAN/ros2_ws/install/abb_hardware_interface/share/abb_hardware_interface/environment/ament_prefix_path.sh
-- Up-to-date: /home/philip/SMAN/ros2_ws/install/abb_hardware_interface/share/abb_hardware_interface/environment/ament_prefix_path.dsv
-- Up-to-date: /home/philip/SMAN/ros2_ws/install/abb_hardware_interface/share/abb_hardware_interface/environment/path.sh
-- Up-to-date: /home/philip/SMAN/ros2_ws/install/abb_hardware_interface/share/abb_hardware_interface/environment/path.dsv
-- Up-to-date: /home/philip/SMAN/ros2_ws/install/abb_hardware_interface/share/abb_hardware_interface/local_setup.bash
-- Up-to-date: /home/philip/SMAN/ros2_ws/install/abb_hardware_interface/share/abb_hardware_interface/local_setup.sh
-- Up-to-date: /home/philip/SMAN/ros2_ws/install/abb_hardware_interface/share/abb_hardware_interface/local_setup.zsh
-- Up-to-date: /home/philip/SMAN/ros2_ws/install/abb_hardware_interface/share/abb_hardware_interface/local_setup.dsv
-- Installing: /home/philip/SMAN/ros2_ws/install/abb_hardware_interface/share/abb_hardware_interface/package.dsv
-- Up-to-date: /home/philip/SMAN/ros2_ws/install/abb_hardware_interface/share/ament_index/resource_index/packages/abb_hardware_interface
-- Up-to-date: /home/philip/SMAN/ros2_ws/install/abb_hardware_interface/share/ament_index/resource_index/hardware_interface__pluginlib__plugin/abb_hardware_interface
-- Up-to-date: /home/philip/SMAN/ros2_ws/install/abb_hardware_interface/share/abb_hardware_interface/cmake/ament_cmake_export_include_directories-extras.cmake
-- Up-to-date: /home/philip/SMAN/ros2_ws/install/abb_hardware_interface/share/abb_hardware_interface/cmake/ament_cmake_export_libraries-extras.cmake
-- Up-to-date: /home/philip/SMAN/ros2_ws/install/abb_hardware_interface/share/abb_hardware_interface/cmake/ament_cmake_export_dependencies-extras.cmake
-- Up-to-date: /home/philip/SMAN/ros2_ws/install/abb_hardware_interface/share/abb_hardware_interface/cmake/abb_hardware_interfaceConfig.cmake
-- Up-to-date: /home/philip/SMAN/ros2_ws/install/abb_hardware_interface/share/abb_hardware_interface/cmake/abb_hardware_interfaceConfig-version.cmake
-- Up-to-date: /home/philip/SMAN/ros2_ws/install/abb_hardware_interface/share/abb_hardware_interface/package.xml
