[0.014s] Invoking command in '/home/philip/SMAN/ros2_ws/build/abb_resources': CMAKE_PREFIX_PATH=${CMAKE_PREFIX_PATH}:/home/philip/SMAN/ros2_ws/install/gofa_egm_driver:/opt/ros/jazzy DEBUGINFOD_URLS=https://debuginfod.ubuntu.com /usr/bin/cmake /home/philip/SMAN/ABB/abb_ros2/abb_resources -DCMAKE_BUILD_TYPE=Release -DBUILD_TESTING=OFF -DCMAKE_INSTALL_PREFIX=/home/philip/SMAN/ros2_ws/install/abb_resources
[0.024s] -- Found ament_cmake: 2.5.4 (/opt/ros/jazzy/share/ament_cmake/cmake)
[0.252s] -- Configuring done (0.2s)
[0.254s] -- Generating done (0.0s)
[0.255s] -- Build files have been written to: /home/philip/SMAN/ros2_ws/build/abb_resources
[0.257s] Invoked command in '/home/philip/SMAN/ros2_ws/build/abb_resources' returned '0': CMAKE_PREFIX_PATH=${CMAKE_PREFIX_PATH}:/home/philip/SMAN/ros2_ws/install/gofa_egm_driver:/opt/ros/jazzy DEBUGINFOD_URLS=https://debuginfod.ubuntu.com /usr/bin/cmake /home/philip/SMAN/ABB/abb_ros2/abb_resources -DCMAKE_BUILD_TYPE=Release -DBUILD_TESTING=OFF -DCMAKE_INSTALL_PREFIX=/home/philip/SMAN/ros2_ws/install/abb_resources
[0.258s] Invoking command in '/home/philip/SMAN/ros2_ws/build/abb_resources': CMAKE_PREFIX_PATH=${CMAKE_PREFIX_PATH}:/home/philip/SMAN/ros2_ws/install/gofa_egm_driver:/opt/ros/jazzy DEBUGINFOD_URLS=https://debuginfod.ubuntu.com /usr/bin/cmake --build /home/philip/SMAN/ros2_ws/build/abb_resources -- -j8 -l8
[0.285s] Invoked command in '/home/philip/SMAN/ros2_ws/build/abb_resources' returned '0': CMAKE_PREFIX_PATH=${CMAKE_PREFIX_PATH}:/home/philip/SMAN/ros2_ws/install/gofa_egm_driver:/opt/ros/jazzy DEBUGINFOD_URLS=https://debuginfod.ubuntu.com /usr/bin/cmake --build /home/philip/SMAN/ros2_ws/build/abb_resources -- -j8 -l8
[0.292s] Invoking command in '/home/philip/SMAN/ros2_ws/build/abb_resources': CMAKE_PREFIX_PATH=${CMAKE_PREFIX_PATH}:/home/philip/SMAN/ros2_ws/install/gofa_egm_driver:/opt/ros/jazzy DEBUGINFOD_URLS=https://debuginfod.ubuntu.com /usr/bin/cmake --install /home/philip/SMAN/ros2_ws/build/abb_resources
[0.297s] -- Install configuration: "Release"
[0.297s] -- Up-to-date: /home/philip/SMAN/ros2_ws/install/abb_resources/share/ament_index/resource_index/package_run_dependencies/abb_resources
[0.297s] -- Installing: /home/philip/SMAN/ros2_ws/install/abb_resources/share/ament_index/resource_index/parent_prefix_path/abb_resources
[0.297s] -- Up-to-date: /home/philip/SMAN/ros2_ws/install/abb_resources/share/abb_resources/environment/ament_prefix_path.sh
[0.297s] -- Up-to-date: /home/philip/SMAN/ros2_ws/install/abb_resources/share/abb_resources/environment/ament_prefix_path.dsv
[0.297s] -- Up-to-date: /home/philip/SMAN/ros2_ws/install/abb_resources/share/abb_resources/environment/path.sh
[0.297s] -- Up-to-date: /home/philip/SMAN/ros2_ws/install/abb_resources/share/abb_resources/environment/path.dsv
[0.297s] -- Up-to-date: /home/philip/SMAN/ros2_ws/install/abb_resources/share/abb_resources/local_setup.bash
[0.297s] -- Up-to-date: /home/philip/SMAN/ros2_ws/install/abb_resources/share/abb_resources/local_setup.sh
[0.297s] -- Up-to-date: /home/philip/SMAN/ros2_ws/install/abb_resources/share/abb_resources/local_setup.zsh
[0.297s] -- Up-to-date: /home/philip/SMAN/ros2_ws/install/abb_resources/share/abb_resources/local_setup.dsv
[0.298s] -- Up-to-date: /home/philip/SMAN/ros2_ws/install/abb_resources/share/abb_resources/package.dsv
[0.298s] -- Up-to-date: /home/philip/SMAN/ros2_ws/install/abb_resources/share/ament_index/resource_index/packages/abb_resources
[0.298s] -- Up-to-date: /home/philip/SMAN/ros2_ws/install/abb_resources/share/abb_resources/cmake/abb_resourcesConfig.cmake
[0.298s] -- Up-to-date: /home/philip/SMAN/ros2_ws/install/abb_resources/share/abb_resources/cmake/abb_resourcesConfig-version.cmake
[0.298s] -- Up-to-date: /home/philip/SMAN/ros2_ws/install/abb_resources/share/abb_resources/package.xml
[0.298s] -- Up-to-date: /home/philip/SMAN/ros2_ws/install/abb_resources/share/abb_resources/urdf
[0.298s] -- Up-to-date: /home/philip/SMAN/ros2_ws/install/abb_resources/share/abb_resources/urdf/common_colours.xacro
[0.298s] -- Up-to-date: /home/philip/SMAN/ros2_ws/install/abb_resources/share/abb_resources/urdf/common_materials.xacro
[0.299s] Invoked command in '/home/philip/SMAN/ros2_ws/build/abb_resources' returned '0': CMAKE_PREFIX_PATH=${CMAKE_PREFIX_PATH}:/home/philip/SMAN/ros2_ws/install/gofa_egm_driver:/opt/ros/jazzy DEBUGINFOD_URLS=https://debuginfod.ubuntu.com /usr/bin/cmake --install /home/philip/SMAN/ros2_ws/build/abb_resources
