-- Found ament_cmake: 2.5.4 (/opt/ros/jazzy/share/ament_cmake/cmake)
-- Configuring done (0.5s)
-- Generating done (0.0s)
-- Build files have been written to: /home/philip/SMAN/ros2_ws/build/abb_irb1200_5_90_moveit_config
-- Install configuration: "Release"
-- Up-to-date: /home/philip/SMAN/ros2_ws/install/abb_irb1200_5_90_moveit_config/share/ament_index/resource_index/package_run_dependencies/abb_irb1200_5_90_moveit_config
-- Installing: /home/philip/SMAN/ros2_ws/install/abb_irb1200_5_90_moveit_config/share/ament_index/resource_index/parent_prefix_path/abb_irb1200_5_90_moveit_config
-- Up-to-date: /home/philip/SMAN/ros2_ws/install/abb_irb1200_5_90_moveit_config/share/abb_irb1200_5_90_moveit_config/environment/ament_prefix_path.sh
-- Up-to-date: /home/philip/SMAN/ros2_ws/install/abb_irb1200_5_90_moveit_config/share/abb_irb1200_5_90_moveit_config/environment/ament_prefix_path.dsv
-- Up-to-date: /home/philip/SMAN/ros2_ws/install/abb_irb1200_5_90_moveit_config/share/abb_irb1200_5_90_moveit_config/environment/path.sh
-- Up-to-date: /home/philip/SMAN/ros2_ws/install/abb_irb1200_5_90_moveit_config/share/abb_irb1200_5_90_moveit_config/environment/path.dsv
-- Up-to-date: /home/philip/SMAN/ros2_ws/install/abb_irb1200_5_90_moveit_config/share/abb_irb1200_5_90_moveit_config/local_setup.bash
-- Up-to-date: /home/philip/SMAN/ros2_ws/install/abb_irb1200_5_90_moveit_config/share/abb_irb1200_5_90_moveit_config/local_setup.sh
-- Up-to-date: /home/philip/SMAN/ros2_ws/install/abb_irb1200_5_90_moveit_config/share/abb_irb1200_5_90_moveit_config/local_setup.zsh
-- Up-to-date: /home/philip/SMAN/ros2_ws/install/abb_irb1200_5_90_moveit_config/share/abb_irb1200_5_90_moveit_config/local_setup.dsv
-- Up-to-date: /home/philip/SMAN/ros2_ws/install/abb_irb1200_5_90_moveit_config/share/abb_irb1200_5_90_moveit_config/package.dsv
-- Up-to-date: /home/philip/SMAN/ros2_ws/install/abb_irb1200_5_90_moveit_config/share/ament_index/resource_index/packages/abb_irb1200_5_90_moveit_config
-- Up-to-date: /home/philip/SMAN/ros2_ws/install/abb_irb1200_5_90_moveit_config/share/abb_irb1200_5_90_moveit_config/cmake/abb_irb1200_5_90_moveit_configConfig.cmake
-- Up-to-date: /home/philip/SMAN/ros2_ws/install/abb_irb1200_5_90_moveit_config/share/abb_irb1200_5_90_moveit_config/cmake/abb_irb1200_5_90_moveit_configConfig-version.cmake
-- Up-to-date: /home/philip/SMAN/ros2_ws/install/abb_irb1200_5_90_moveit_config/share/abb_irb1200_5_90_moveit_config/package.xml
-- Up-to-date: /home/philip/SMAN/ros2_ws/install/abb_irb1200_5_90_moveit_config/share/abb_irb1200_5_90_moveit_config/config
-- Up-to-date: /home/philip/SMAN/ros2_ws/install/abb_irb1200_5_90_moveit_config/share/abb_irb1200_5_90_moveit_config/config/abb_irb1200_5_90_macro.srdf.xacro
-- Up-to-date: /home/philip/SMAN/ros2_ws/install/abb_irb1200_5_90_moveit_config/share/abb_irb1200_5_90_moveit_config/config/kinematics.yaml
-- Up-to-date: /home/philip/SMAN/ros2_ws/install/abb_irb1200_5_90_moveit_config/share/abb_irb1200_5_90_moveit_config/config/abb_irb1200_5_90.srdf.xacro
-- Up-to-date: /home/philip/SMAN/ros2_ws/install/abb_irb1200_5_90_moveit_config/share/abb_irb1200_5_90_moveit_config/config/pilz_cartesian_limits.yaml
-- Up-to-date: /home/philip/SMAN/ros2_ws/install/abb_irb1200_5_90_moveit_config/share/abb_irb1200_5_90_moveit_config/config/moveit_controllers.yaml
-- Up-to-date: /home/philip/SMAN/ros2_ws/install/abb_irb1200_5_90_moveit_config/share/abb_irb1200_5_90_moveit_config/config/ompl_planning.yaml
-- Up-to-date: /home/philip/SMAN/ros2_ws/install/abb_irb1200_5_90_moveit_config/share/abb_irb1200_5_90_moveit_config/config/joint_limits.yaml
-- Up-to-date: /home/philip/SMAN/ros2_ws/install/abb_irb1200_5_90_moveit_config/share/abb_irb1200_5_90_moveit_config/rviz
-- Up-to-date: /home/philip/SMAN/ros2_ws/install/abb_irb1200_5_90_moveit_config/share/abb_irb1200_5_90_moveit_config/rviz/moveit.rviz
