-- The CXX compiler identification is GNU 13.3.0
-- Detecting CXX compiler ABI info
-- Detecting CXX compiler ABI info - done
-- Check for working CXX compiler: /usr/bin/c++ - skipped
-- Detecting CXX compile features
-- Detecting CXX compile features - done
-- Found Boost: /usr/lib/x86_64-linux-gnu/cmake/Boost-1.83.0/BoostConfig.cmake (found version "1.83.0") found components: regex system thread 
-- Found Protobuf: /usr/lib/x86_64-linux-gnu/libprotobuf.so (found version "3.21.12") 
-- Generating protobuf C++ for: proto/egm.proto;proto/egm_wrapper.proto;proto/egm_wrapper_trajectory.proto
-- Found Threads: TRUE  
-- Performing Test COMPILER_HAS_HIDDEN_VISIBILITY
-- Performing Test COMPILER_HAS_HIDDEN_VISIBILITY - Success
-- Performing Test COMPILER_HAS_HIDDEN_INLINE_VISIBILITY
-- Performing Test COMPILER_HAS_HIDDEN_INLINE_VISIBILITY - Success
-- Performing Test COMPILER_HAS_DEPRECATED_ATTR
-- Performing Test COMPILER_HAS_DEPRECATED_ATTR - Success
-- Configuring done (0.4s)
-- Generating done (0.0s)
-- Build files have been written to: /home/philip/SMAN/ros2_ws/build/abb_libegm
[  6%] [34m[1mRunning cpp protocol buffer compiler on proto/egm_wrapper_trajectory.proto[0m
[ 13%] [34m[1mRunning cpp protocol buffer compiler on proto/egm_wrapper.proto[0m
[ 20%] [34m[1mRunning cpp protocol buffer compiler on proto/egm.proto[0m
[ 33%] [32mBuilding CXX object CMakeFiles/abb_libegm.dir/src/egm_controller_interface.cpp.o[0m
[ 33%] [32mBuilding CXX object CMakeFiles/abb_libegm.dir/src/egm_base_interface.cpp.o[0m
[ 40%] [32mBuilding CXX object CMakeFiles/abb_libegm.dir/src/egm_common_auxiliary.cpp.o[0m
[ 46%] [32mBuilding CXX object CMakeFiles/abb_libegm.dir/src/egm_logger.cpp.o[0m
[ 53%] [32mBuilding CXX object CMakeFiles/abb_libegm.dir/src/egm_common.cpp.o[0m
[ 60%] [32mBuilding CXX object CMakeFiles/abb_libegm.dir/src/egm_interpolator.cpp.o[0m
[ 66%] [32mBuilding CXX object CMakeFiles/abb_libegm.dir/src/egm_trajectory_interface.cpp.o[0m
[ 73%] [32mBuilding CXX object CMakeFiles/abb_libegm.dir/src/egm_udp_server.cpp.o[0m
[ 80%] [32mBuilding CXX object CMakeFiles/abb_libegm.dir/egm.pb.cc.o[0m
[ 86%] [32mBuilding CXX object CMakeFiles/abb_libegm.dir/egm_wrapper.pb.cc.o[0m
[ 93%] [32mBuilding CXX object CMakeFiles/abb_libegm.dir/egm_wrapper_trajectory.pb.cc.o[0m
[100%] [32m[1mLinking CXX shared library libabb_libegm.so[0m
[100%] Built target abb_libegm
-- Install configuration: "Release"
-- Installing: /home/philip/SMAN/ros2_ws/install/abb_libegm/include
-- Installing: /home/philip/SMAN/ros2_ws/install/abb_libegm/include/abb_libegm
-- Installing: /home/philip/SMAN/ros2_ws/install/abb_libegm/include/abb_libegm/egm_logger.h
-- Installing: /home/philip/SMAN/ros2_ws/install/abb_libegm/include/abb_libegm/egm_controller_interface.h
-- Installing: /home/philip/SMAN/ros2_ws/install/abb_libegm/include/abb_libegm/egm_interpolator.h
-- Installing: /home/philip/SMAN/ros2_ws/install/abb_libegm/include/abb_libegm/egm_udp_server.h
-- Installing: /home/philip/SMAN/ros2_ws/install/abb_libegm/include/abb_libegm/egm_common_auxiliary.h
-- Installing: /home/philip/SMAN/ros2_ws/install/abb_libegm/include/abb_libegm/egm_common.h
-- Installing: /home/philip/SMAN/ros2_ws/install/abb_libegm/include/abb_libegm/egm_base_interface.h
-- Installing: /home/philip/SMAN/ros2_ws/install/abb_libegm/include/abb_libegm/egm_trajectory_interface.h
-- Installing: /home/philip/SMAN/ros2_ws/install/abb_libegm/include/abb_libegm/egm.proto
-- Installing: /home/philip/SMAN/ros2_ws/install/abb_libegm/include/abb_libegm/egm_wrapper.proto
-- Installing: /home/philip/SMAN/ros2_ws/install/abb_libegm/include/abb_libegm/egm_wrapper_trajectory.proto
-- Installing: /home/philip/SMAN/ros2_ws/install/abb_libegm/include/abb_libegm/egm.pb.h
-- Installing: /home/philip/SMAN/ros2_ws/install/abb_libegm/include/abb_libegm/egm_wrapper.pb.h
-- Installing: /home/philip/SMAN/ros2_ws/install/abb_libegm/include/abb_libegm/egm_wrapper_trajectory.pb.h
-- Installing: /home/philip/SMAN/ros2_ws/install/abb_libegm/include/abb_libegm/abb_libegm_export.h
-- Installing: /home/philip/SMAN/ros2_ws/install/abb_libegm/lib/libabb_libegm.so
-- Installing: /home/philip/SMAN/ros2_ws/install/abb_libegm/share/abb_libegm/abb_libegmConfig.cmake
-- Installing: /home/philip/SMAN/ros2_ws/install/abb_libegm/share/abb_libegm/abb_libegmConfigVersion.cmake
-- Installing: /home/philip/SMAN/ros2_ws/install/abb_libegm/share/abb_libegm/package.xml
-- Installing: /home/philip/SMAN/ros2_ws/install/abb_libegm/share/abb_libegm/abb_libegmTargets.cmake
-- Installing: /home/philip/SMAN/ros2_ws/install/abb_libegm/share/abb_libegm/abb_libegmTargets-release.cmake
