[0.022s] Invoking command in '/home/philip/SMAN/ros2_ws/build/abb_crb15000_moveit': CMAKE_PREFIX_PATH=/home/philip/SMAN/ros2_ws/install/abb_crb15000_support:/home/philip/SMAN/ros2_ws/install/abb_resources:/home/philip/SMAN/ros2_ws/install/abb_crb15000_moveit:/home/philip/SMAN/ros2_ws/install/abb_irb1200_5_90_moveit_config:/home/philip/SMAN/ros2_ws/install/abb_irb4600_support:/home/philip/SMAN/ros2_ws/install/abb_irb1200_support:/home/philip/SMAN/ros2_ws/install/gofa_moveit_config:/home/philip/SMAN/ros2_ws/install/gofa_description:/opt/ros/jazzy/opt/sdformat_vendor:/opt/ros/jazzy/opt/gz_math_vendor:/opt/ros/jazzy/opt/gz_utils_vendor:/opt/ros/jazzy/opt/gz_tools_vendor:/opt/ros/jazzy/opt/gz_cmake_vendor:/home/philip/SMAN/ros2_ws/install/gofa_egm_driver:/opt/ros/jazzy DEBUGINFOD_URLS=https://debuginfod.ubuntu.com /usr/bin/cmake /home/philip/SMAN/ABB/abb_gofa_custom/abb_crb15000_moveit -DCMAKE_BUILD_TYPE=Release -DBUILD_TESTING=OFF -DCMAKE_INSTALL_PREFIX=/home/philip/SMAN/ros2_ws/install/abb_crb15000_moveit
[0.057s] -- Found ament_cmake: 2.5.4 (/opt/ros/jazzy/share/ament_cmake/cmake)
[0.718s] -- Configuring done (0.7s)
[0.732s] -- Generating done (0.0s)
[0.737s] -- Build files have been written to: /home/philip/SMAN/ros2_ws/build/abb_crb15000_moveit
[0.742s] Invoked command in '/home/philip/SMAN/ros2_ws/build/abb_crb15000_moveit' returned '0': CMAKE_PREFIX_PATH=/home/philip/SMAN/ros2_ws/install/abb_crb15000_support:/home/philip/SMAN/ros2_ws/install/abb_resources:/home/philip/SMAN/ros2_ws/install/abb_crb15000_moveit:/home/philip/SMAN/ros2_ws/install/abb_irb1200_5_90_moveit_config:/home/philip/SMAN/ros2_ws/install/abb_irb4600_support:/home/philip/SMAN/ros2_ws/install/abb_irb1200_support:/home/philip/SMAN/ros2_ws/install/gofa_moveit_config:/home/philip/SMAN/ros2_ws/install/gofa_description:/opt/ros/jazzy/opt/sdformat_vendor:/opt/ros/jazzy/opt/gz_math_vendor:/opt/ros/jazzy/opt/gz_utils_vendor:/opt/ros/jazzy/opt/gz_tools_vendor:/opt/ros/jazzy/opt/gz_cmake_vendor:/home/philip/SMAN/ros2_ws/install/gofa_egm_driver:/opt/ros/jazzy DEBUGINFOD_URLS=https://debuginfod.ubuntu.com /usr/bin/cmake /home/philip/SMAN/ABB/abb_gofa_custom/abb_crb15000_moveit -DCMAKE_BUILD_TYPE=Release -DBUILD_TESTING=OFF -DCMAKE_INSTALL_PREFIX=/home/philip/SMAN/ros2_ws/install/abb_crb15000_moveit
[0.742s] Invoking command in '/home/philip/SMAN/ros2_ws/build/abb_crb15000_moveit': CMAKE_PREFIX_PATH=/home/philip/SMAN/ros2_ws/install/abb_crb15000_support:/home/philip/SMAN/ros2_ws/install/abb_resources:/home/philip/SMAN/ros2_ws/install/abb_crb15000_moveit:/home/philip/SMAN/ros2_ws/install/abb_irb1200_5_90_moveit_config:/home/philip/SMAN/ros2_ws/install/abb_irb4600_support:/home/philip/SMAN/ros2_ws/install/abb_irb1200_support:/home/philip/SMAN/ros2_ws/install/gofa_moveit_config:/home/philip/SMAN/ros2_ws/install/gofa_description:/opt/ros/jazzy/opt/sdformat_vendor:/opt/ros/jazzy/opt/gz_math_vendor:/opt/ros/jazzy/opt/gz_utils_vendor:/opt/ros/jazzy/opt/gz_tools_vendor:/opt/ros/jazzy/opt/gz_cmake_vendor:/home/philip/SMAN/ros2_ws/install/gofa_egm_driver:/opt/ros/jazzy DEBUGINFOD_URLS=https://debuginfod.ubuntu.com /usr/bin/cmake --build /home/philip/SMAN/ros2_ws/build/abb_crb15000_moveit -- -j8 -l8
[0.842s] Invoked command in '/home/philip/SMAN/ros2_ws/build/abb_crb15000_moveit' returned '0': CMAKE_PREFIX_PATH=/home/philip/SMAN/ros2_ws/install/abb_crb15000_support:/home/philip/SMAN/ros2_ws/install/abb_resources:/home/philip/SMAN/ros2_ws/install/abb_crb15000_moveit:/home/philip/SMAN/ros2_ws/install/abb_irb1200_5_90_moveit_config:/home/philip/SMAN/ros2_ws/install/abb_irb4600_support:/home/philip/SMAN/ros2_ws/install/abb_irb1200_support:/home/philip/SMAN/ros2_ws/install/gofa_moveit_config:/home/philip/SMAN/ros2_ws/install/gofa_description:/opt/ros/jazzy/opt/sdformat_vendor:/opt/ros/jazzy/opt/gz_math_vendor:/opt/ros/jazzy/opt/gz_utils_vendor:/opt/ros/jazzy/opt/gz_tools_vendor:/opt/ros/jazzy/opt/gz_cmake_vendor:/home/philip/SMAN/ros2_ws/install/gofa_egm_driver:/opt/ros/jazzy DEBUGINFOD_URLS=https://debuginfod.ubuntu.com /usr/bin/cmake --build /home/philip/SMAN/ros2_ws/build/abb_crb15000_moveit -- -j8 -l8
[0.843s] Invoking command in '/home/philip/SMAN/ros2_ws/build/abb_crb15000_moveit': CMAKE_PREFIX_PATH=/home/philip/SMAN/ros2_ws/install/abb_crb15000_support:/home/philip/SMAN/ros2_ws/install/abb_resources:/home/philip/SMAN/ros2_ws/install/abb_crb15000_moveit:/home/philip/SMAN/ros2_ws/install/abb_irb1200_5_90_moveit_config:/home/philip/SMAN/ros2_ws/install/abb_irb4600_support:/home/philip/SMAN/ros2_ws/install/abb_irb1200_support:/home/philip/SMAN/ros2_ws/install/gofa_moveit_config:/home/philip/SMAN/ros2_ws/install/gofa_description:/opt/ros/jazzy/opt/sdformat_vendor:/opt/ros/jazzy/opt/gz_math_vendor:/opt/ros/jazzy/opt/gz_utils_vendor:/opt/ros/jazzy/opt/gz_tools_vendor:/opt/ros/jazzy/opt/gz_cmake_vendor:/home/philip/SMAN/ros2_ws/install/gofa_egm_driver:/opt/ros/jazzy DEBUGINFOD_URLS=https://debuginfod.ubuntu.com /usr/bin/cmake --install /home/philip/SMAN/ros2_ws/build/abb_crb15000_moveit
[0.860s] -- Install configuration: "Release"
[0.860s] -- Up-to-date: /home/philip/SMAN/ros2_ws/install/abb_crb15000_moveit/share/ament_index/resource_index/package_run_dependencies/abb_crb15000_moveit
[0.861s] -- Installing: /home/philip/SMAN/ros2_ws/install/abb_crb15000_moveit/share/ament_index/resource_index/parent_prefix_path/abb_crb15000_moveit
[0.861s] -- Up-to-date: /home/philip/SMAN/ros2_ws/install/abb_crb15000_moveit/share/abb_crb15000_moveit/environment/ament_prefix_path.sh
[0.862s] -- Up-to-date: /home/philip/SMAN/ros2_ws/install/abb_crb15000_moveit/share/abb_crb15000_moveit/environment/ament_prefix_path.dsv
[0.862s] -- Up-to-date: /home/philip/SMAN/ros2_ws/install/abb_crb15000_moveit/share/abb_crb15000_moveit/environment/path.sh
[0.862s] -- Up-to-date: /home/philip/SMAN/ros2_ws/install/abb_crb15000_moveit/share/abb_crb15000_moveit/environment/path.dsv
[0.862s] -- Up-to-date: /home/philip/SMAN/ros2_ws/install/abb_crb15000_moveit/share/abb_crb15000_moveit/local_setup.bash
[0.862s] -- Up-to-date: /home/philip/SMAN/ros2_ws/install/abb_crb15000_moveit/share/abb_crb15000_moveit/local_setup.sh
[0.862s] -- Up-to-date: /home/philip/SMAN/ros2_ws/install/abb_crb15000_moveit/share/abb_crb15000_moveit/local_setup.zsh
[0.862s] -- Up-to-date: /home/philip/SMAN/ros2_ws/install/abb_crb15000_moveit/share/abb_crb15000_moveit/local_setup.dsv
[0.862s] -- Up-to-date: /home/philip/SMAN/ros2_ws/install/abb_crb15000_moveit/share/abb_crb15000_moveit/package.dsv
[0.862s] -- Up-to-date: /home/philip/SMAN/ros2_ws/install/abb_crb15000_moveit/share/ament_index/resource_index/packages/abb_crb15000_moveit
[0.862s] -- Up-to-date: /home/philip/SMAN/ros2_ws/install/abb_crb15000_moveit/share/abb_crb15000_moveit/cmake/abb_crb15000_moveitConfig.cmake
[0.862s] -- Up-to-date: /home/philip/SMAN/ros2_ws/install/abb_crb15000_moveit/share/abb_crb15000_moveit/cmake/abb_crb15000_moveitConfig-version.cmake
[0.864s] -- Up-to-date: /home/philip/SMAN/ros2_ws/install/abb_crb15000_moveit/share/abb_crb15000_moveit/package.xml
[0.864s] -- Up-to-date: /home/philip/SMAN/ros2_ws/install/abb_crb15000_moveit/share/abb_crb15000_moveit/launch
[0.864s] -- Up-to-date: /home/philip/SMAN/ros2_ws/install/abb_crb15000_moveit/share/abb_crb15000_moveit/launch/move_group.launch.py
[0.864s] -- Up-to-date: /home/philip/SMAN/ros2_ws/install/abb_crb15000_moveit/share/abb_crb15000_moveit/launch/warehouse_db.launch.py
[0.865s] -- Up-to-date: /home/philip/SMAN/ros2_ws/install/abb_crb15000_moveit/share/abb_crb15000_moveit/launch/static_virtual_joint_tfs.launch.py
[0.865s] -- Up-to-date: /home/philip/SMAN/ros2_ws/install/abb_crb15000_moveit/share/abb_crb15000_moveit/launch/spawn_controllers.launch.py
[0.865s] -- Up-to-date: /home/philip/SMAN/ros2_ws/install/abb_crb15000_moveit/share/abb_crb15000_moveit/launch/setup_assistant.launch.py
[0.865s] -- Up-to-date: /home/philip/SMAN/ros2_ws/install/abb_crb15000_moveit/share/abb_crb15000_moveit/launch/moveit_rviz.launch.py
[0.865s] -- Up-to-date: /home/philip/SMAN/ros2_ws/install/abb_crb15000_moveit/share/abb_crb15000_moveit/launch/rsp.launch.py
[0.865s] -- Up-to-date: /home/philip/SMAN/ros2_ws/install/abb_crb15000_moveit/share/abb_crb15000_moveit/launch/demo.launch.py
[0.865s] -- Up-to-date: /home/philip/SMAN/ros2_ws/install/abb_crb15000_moveit/share/abb_crb15000_moveit/config
[0.865s] -- Up-to-date: /home/philip/SMAN/ros2_ws/install/abb_crb15000_moveit/share/abb_crb15000_moveit/config/ros2_controllers.yaml
[0.865s] -- Up-to-date: /home/philip/SMAN/ros2_ws/install/abb_crb15000_moveit/share/abb_crb15000_moveit/config/kinematics.yaml
[0.865s] -- Up-to-date: /home/philip/SMAN/ros2_ws/install/abb_crb15000_moveit/share/abb_crb15000_moveit/config/abb_crb15000_5_95.srdf
[0.865s] -- Up-to-date: /home/philip/SMAN/ros2_ws/install/abb_crb15000_moveit/share/abb_crb15000_moveit/config/pilz_cartesian_limits.yaml
[0.865s] -- Up-to-date: /home/philip/SMAN/ros2_ws/install/abb_crb15000_moveit/share/abb_crb15000_moveit/config/moveit_controllers.yaml
[0.865s] -- Up-to-date: /home/philip/SMAN/ros2_ws/install/abb_crb15000_moveit/share/abb_crb15000_moveit/config/ompl_planning.yaml
[0.866s] -- Up-to-date: /home/philip/SMAN/ros2_ws/install/abb_crb15000_moveit/share/abb_crb15000_moveit/config/abb_crb15000_5_95.urdf.xacro
[0.866s] -- Up-to-date: /home/philip/SMAN/ros2_ws/install/abb_crb15000_moveit/share/abb_crb15000_moveit/config/initial_positions.yaml
[0.866s] -- Up-to-date: /home/philip/SMAN/ros2_ws/install/abb_crb15000_moveit/share/abb_crb15000_moveit/config/moveit.rviz
[0.866s] -- Up-to-date: /home/philip/SMAN/ros2_ws/install/abb_crb15000_moveit/share/abb_crb15000_moveit/config/joint_limits.yaml
[0.866s] -- Up-to-date: /home/philip/SMAN/ros2_ws/install/abb_crb15000_moveit/share/abb_crb15000_moveit/config/abb_crb15000_5_95.ros2_control.xacro
[0.866s] -- Up-to-date: /home/philip/SMAN/ros2_ws/install/abb_crb15000_moveit/share/abb_crb15000_moveit/.setup_assistant
[0.886s] Invoked command in '/home/philip/SMAN/ros2_ws/build/abb_crb15000_moveit' returned '0': CMAKE_PREFIX_PATH=/home/philip/SMAN/ros2_ws/install/abb_crb15000_support:/home/philip/SMAN/ros2_ws/install/abb_resources:/home/philip/SMAN/ros2_ws/install/abb_crb15000_moveit:/home/philip/SMAN/ros2_ws/install/abb_irb1200_5_90_moveit_config:/home/philip/SMAN/ros2_ws/install/abb_irb4600_support:/home/philip/SMAN/ros2_ws/install/abb_irb1200_support:/home/philip/SMAN/ros2_ws/install/gofa_moveit_config:/home/philip/SMAN/ros2_ws/install/gofa_description:/opt/ros/jazzy/opt/sdformat_vendor:/opt/ros/jazzy/opt/gz_math_vendor:/opt/ros/jazzy/opt/gz_utils_vendor:/opt/ros/jazzy/opt/gz_tools_vendor:/opt/ros/jazzy/opt/gz_cmake_vendor:/home/philip/SMAN/ros2_ws/install/gofa_egm_driver:/opt/ros/jazzy DEBUGINFOD_URLS=https://debuginfod.ubuntu.com /usr/bin/cmake --install /home/philip/SMAN/ros2_ws/build/abb_crb15000_moveit
