-- Install configuration: "Release"
-- Up-to-date: /home/philip/SMAN/ros2_ws/install/abb_irb1200_support/share/ament_index/resource_index/package_run_dependencies/abb_irb1200_support
-- Up-to-date: /home/philip/SMAN/ros2_ws/install/abb_irb1200_support/share/ament_index/resource_index/parent_prefix_path/abb_irb1200_support
-- Up-to-date: /home/philip/SMAN/ros2_ws/install/abb_irb1200_support/share/abb_irb1200_support/environment/ament_prefix_path.sh
-- Up-to-date: /home/philip/SMAN/ros2_ws/install/abb_irb1200_support/share/abb_irb1200_support/environment/ament_prefix_path.dsv
-- Up-to-date: /home/philip/SMAN/ros2_ws/install/abb_irb1200_support/share/abb_irb1200_support/environment/path.sh
-- Up-to-date: /home/philip/SMAN/ros2_ws/install/abb_irb1200_support/share/abb_irb1200_support/environment/path.dsv
-- Up-to-date: /home/philip/SMAN/ros2_ws/install/abb_irb1200_support/share/abb_irb1200_support/local_setup.bash
-- Up-to-date: /home/philip/SMAN/ros2_ws/install/abb_irb1200_support/share/abb_irb1200_support/local_setup.sh
-- Up-to-date: /home/philip/SMAN/ros2_ws/install/abb_irb1200_support/share/abb_irb1200_support/local_setup.zsh
-- Up-to-date: /home/philip/SMAN/ros2_ws/install/abb_irb1200_support/share/abb_irb1200_support/local_setup.dsv
-- Installing: /home/philip/SMAN/ros2_ws/install/abb_irb1200_support/share/abb_irb1200_support/package.dsv
-- Up-to-date: /home/philip/SMAN/ros2_ws/install/abb_irb1200_support/share/ament_index/resource_index/packages/abb_irb1200_support
-- Up-to-date: /home/philip/SMAN/ros2_ws/install/abb_irb1200_support/share/abb_irb1200_support/cmake/abb_irb1200_supportConfig.cmake
-- Up-to-date: /home/philip/SMAN/ros2_ws/install/abb_irb1200_support/share/abb_irb1200_support/cmake/abb_irb1200_supportConfig-version.cmake
-- Up-to-date: /home/philip/SMAN/ros2_ws/install/abb_irb1200_support/share/abb_irb1200_support/package.xml
-- Up-to-date: /home/philip/SMAN/ros2_ws/install/abb_irb1200_support/share/abb_irb1200_support/launch
-- Up-to-date: /home/philip/SMAN/ros2_ws/install/abb_irb1200_support/share/abb_irb1200_support/launch/view_robot.launch.py
-- Up-to-date: /home/philip/SMAN/ros2_ws/install/abb_irb1200_support/share/abb_irb1200_support/meshes
-- Up-to-date: /home/philip/SMAN/ros2_ws/install/abb_irb1200_support/share/abb_irb1200_support/meshes/irb1200_5_90
-- Up-to-date: /home/philip/SMAN/ros2_ws/install/abb_irb1200_support/share/abb_irb1200_support/meshes/irb1200_5_90/visual
-- Up-to-date: /home/philip/SMAN/ros2_ws/install/abb_irb1200_support/share/abb_irb1200_support/meshes/irb1200_5_90/visual/link_3.dae
-- Up-to-date: /home/philip/SMAN/ros2_ws/install/abb_irb1200_support/share/abb_irb1200_support/meshes/irb1200_5_90/visual/link_4.dae
-- Up-to-date: /home/philip/SMAN/ros2_ws/install/abb_irb1200_support/share/abb_irb1200_support/meshes/irb1200_5_90/visual/link_5.dae
-- Up-to-date: /home/philip/SMAN/ros2_ws/install/abb_irb1200_support/share/abb_irb1200_support/meshes/irb1200_5_90/visual/link_2.dae
-- Up-to-date: /home/philip/SMAN/ros2_ws/install/abb_irb1200_support/share/abb_irb1200_support/meshes/irb1200_5_90/visual/base_link.dae
-- Up-to-date: /home/philip/SMAN/ros2_ws/install/abb_irb1200_support/share/abb_irb1200_support/meshes/irb1200_5_90/visual/link_1.dae
-- Up-to-date: /home/philip/SMAN/ros2_ws/install/abb_irb1200_support/share/abb_irb1200_support/meshes/irb1200_5_90/visual/link_6.dae
-- Up-to-date: /home/philip/SMAN/ros2_ws/install/abb_irb1200_support/share/abb_irb1200_support/meshes/irb1200_5_90/collision
-- Up-to-date: /home/philip/SMAN/ros2_ws/install/abb_irb1200_support/share/abb_irb1200_support/meshes/irb1200_5_90/collision/link_6.stl
-- Up-to-date: /home/philip/SMAN/ros2_ws/install/abb_irb1200_support/share/abb_irb1200_support/meshes/irb1200_5_90/collision/link_1.stl
-- Up-to-date: /home/philip/SMAN/ros2_ws/install/abb_irb1200_support/share/abb_irb1200_support/meshes/irb1200_5_90/collision/link_2.stl
-- Up-to-date: /home/philip/SMAN/ros2_ws/install/abb_irb1200_support/share/abb_irb1200_support/meshes/irb1200_5_90/collision/base_link.stl
-- Up-to-date: /home/philip/SMAN/ros2_ws/install/abb_irb1200_support/share/abb_irb1200_support/meshes/irb1200_5_90/collision/link_5.stl
-- Up-to-date: /home/philip/SMAN/ros2_ws/install/abb_irb1200_support/share/abb_irb1200_support/meshes/irb1200_5_90/collision/link_4.stl
-- Up-to-date: /home/philip/SMAN/ros2_ws/install/abb_irb1200_support/share/abb_irb1200_support/meshes/irb1200_5_90/collision/link_3.stl
-- Up-to-date: /home/philip/SMAN/ros2_ws/install/abb_irb1200_support/share/abb_irb1200_support/rviz
-- Up-to-date: /home/philip/SMAN/ros2_ws/install/abb_irb1200_support/share/abb_irb1200_support/rviz/urdf_description.rviz
-- Up-to-date: /home/philip/SMAN/ros2_ws/install/abb_irb1200_support/share/abb_irb1200_support/urdf
-- Up-to-date: /home/philip/SMAN/ros2_ws/install/abb_irb1200_support/share/abb_irb1200_support/urdf/irb1200_5_90_macro.xacro
-- Up-to-date: /home/philip/SMAN/ros2_ws/install/abb_irb1200_support/share/abb_irb1200_support/urdf/irb1200.ros2_control.xacro
-- Up-to-date: /home/philip/SMAN/ros2_ws/install/abb_irb1200_support/share/abb_irb1200_support/urdf/irb1200_5_90.xacro
