[0.014s] Invoking command in '/home/philip/SMAN/ros2_ws/build/abb_resources': CMAKE_PREFIX_PATH=${CMAKE_PREFIX_PATH}:/home/philip/SMAN/ros2_ws/install/gofa_egm_driver:/opt/ros/jazzy DEBUGINFOD_URLS=https://debuginfod.ubuntu.com /usr/bin/cmake --build /home/philip/SMAN/ros2_ws/build/abb_resources -- -j8 -l8
[0.039s] Invoked command in '/home/philip/SMAN/ros2_ws/build/abb_resources' returned '0': CMAKE_PREFIX_PATH=${CMAKE_PREFIX_PATH}:/home/philip/SMAN/ros2_ws/install/gofa_egm_driver:/opt/ros/jazzy DEBUGINFOD_URLS=https://debuginfod.ubuntu.com /usr/bin/cmake --build /home/philip/SMAN/ros2_ws/build/abb_resources -- -j8 -l8
[0.045s] Invoking command in '/home/philip/SMAN/ros2_ws/build/abb_resources': CMAKE_PREFIX_PATH=${CMAKE_PREFIX_PATH}:/home/philip/SMAN/ros2_ws/install/gofa_egm_driver:/opt/ros/jazzy DEBUGINFOD_URLS=https://debuginfod.ubuntu.com /usr/bin/cmake --install /home/philip/SMAN/ros2_ws/build/abb_resources
[0.051s] -- Install configuration: "Release"
[0.051s] -- Up-to-date: /home/philip/SMAN/ros2_ws/install/abb_resources/share/ament_index/resource_index/package_run_dependencies/abb_resources
[0.051s] -- Up-to-date: /home/philip/SMAN/ros2_ws/install/abb_resources/share/ament_index/resource_index/parent_prefix_path/abb_resources
[0.051s] -- Up-to-date: /home/philip/SMAN/ros2_ws/install/abb_resources/share/abb_resources/environment/ament_prefix_path.sh
[0.051s] -- Up-to-date: /home/philip/SMAN/ros2_ws/install/abb_resources/share/abb_resources/environment/ament_prefix_path.dsv
[0.052s] -- Up-to-date: /home/philip/SMAN/ros2_ws/install/abb_resources/share/abb_resources/environment/path.sh
[0.052s] -- Up-to-date: /home/philip/SMAN/ros2_ws/install/abb_resources/share/abb_resources/environment/path.dsv
[0.052s] -- Up-to-date: /home/philip/SMAN/ros2_ws/install/abb_resources/share/abb_resources/local_setup.bash
[0.052s] -- Up-to-date: /home/philip/SMAN/ros2_ws/install/abb_resources/share/abb_resources/local_setup.sh
[0.052s] -- Up-to-date: /home/philip/SMAN/ros2_ws/install/abb_resources/share/abb_resources/local_setup.zsh
[0.052s] -- Up-to-date: /home/philip/SMAN/ros2_ws/install/abb_resources/share/abb_resources/local_setup.dsv
[0.052s] -- Installing: /home/philip/SMAN/ros2_ws/install/abb_resources/share/abb_resources/package.dsv
[0.052s] -- Up-to-date: /home/philip/SMAN/ros2_ws/install/abb_resources/share/ament_index/resource_index/packages/abb_resources
[0.052s] -- Up-to-date: /home/philip/SMAN/ros2_ws/install/abb_resources/share/abb_resources/cmake/abb_resourcesConfig.cmake
[0.052s] -- Up-to-date: /home/philip/SMAN/ros2_ws/install/abb_resources/share/abb_resources/cmake/abb_resourcesConfig-version.cmake
[0.052s] -- Up-to-date: /home/philip/SMAN/ros2_ws/install/abb_resources/share/abb_resources/package.xml
[0.052s] -- Up-to-date: /home/philip/SMAN/ros2_ws/install/abb_resources/share/abb_resources/urdf
[0.052s] -- Up-to-date: /home/philip/SMAN/ros2_ws/install/abb_resources/share/abb_resources/urdf/common_colours.xacro
[0.052s] -- Up-to-date: /home/philip/SMAN/ros2_ws/install/abb_resources/share/abb_resources/urdf/common_materials.xacro
[0.055s] Invoked command in '/home/philip/SMAN/ros2_ws/build/abb_resources' returned '0': CMAKE_PREFIX_PATH=${CMAKE_PREFIX_PATH}:/home/philip/SMAN/ros2_ws/install/gofa_egm_driver:/opt/ros/jazzy DEBUGINFOD_URLS=https://debuginfod.ubuntu.com /usr/bin/cmake --install /home/philip/SMAN/ros2_ws/build/abb_resources
