[0.010s] Invoking command in '/home/philip/SMAN/ros2_ws/build/abb_libegm': CMAKE_PREFIX_PATH=${CMAKE_PREFIX_PATH}:/home/philip/SMAN/ros2_ws/install/gofa_egm_driver:/opt/ros/jazzy DEBUGINFOD_URLS=https://debuginfod.ubuntu.com /usr/bin/cmake --build /home/philip/SMAN/ros2_ws/build/abb_libegm -- -j8 -l8
[0.092s] [100%] Built target abb_libegm
[0.103s] Invoked command in '/home/philip/SMAN/ros2_ws/build/abb_libegm' returned '0': CMAKE_PREFIX_PATH=${CMAKE_PREFIX_PATH}:/home/philip/SMAN/ros2_ws/install/gofa_egm_driver:/opt/ros/jazzy DEBUGINFOD_URLS=https://debuginfod.ubuntu.com /usr/bin/cmake --build /home/philip/SMAN/ros2_ws/build/abb_libegm -- -j8 -l8
[0.104s] Invoking command in '/home/philip/SMAN/ros2_ws/build/abb_libegm': CMAKE_PREFIX_PATH=${CMAKE_PREFIX_PATH}:/home/philip/SMAN/ros2_ws/install/gofa_egm_driver:/opt/ros/jazzy DEBUGINFOD_URLS=https://debuginfod.ubuntu.com /usr/bin/cmake --install /home/philip/SMAN/ros2_ws/build/abb_libegm
[0.113s] -- Install configuration: "Release"
[0.114s] -- Up-to-date: /home/philip/SMAN/ros2_ws/install/abb_libegm/include
[0.114s] -- Up-to-date: /home/philip/SMAN/ros2_ws/install/abb_libegm/include/abb_libegm
[0.114s] -- Up-to-date: /home/philip/SMAN/ros2_ws/install/abb_libegm/include/abb_libegm/egm_logger.h
[0.114s] -- Up-to-date: /home/philip/SMAN/ros2_ws/install/abb_libegm/include/abb_libegm/egm_controller_interface.h
[0.114s] -- Up-to-date: /home/philip/SMAN/ros2_ws/install/abb_libegm/include/abb_libegm/egm_interpolator.h
[0.114s] -- Up-to-date: /home/philip/SMAN/ros2_ws/install/abb_libegm/include/abb_libegm/egm_udp_server.h
[0.114s] -- Up-to-date: /home/philip/SMAN/ros2_ws/install/abb_libegm/include/abb_libegm/egm_common_auxiliary.h
[0.114s] -- Up-to-date: /home/philip/SMAN/ros2_ws/install/abb_libegm/include/abb_libegm/egm_common.h
[0.114s] -- Up-to-date: /home/philip/SMAN/ros2_ws/install/abb_libegm/include/abb_libegm/egm_base_interface.h
[0.114s] -- Up-to-date: /home/philip/SMAN/ros2_ws/install/abb_libegm/include/abb_libegm/egm_trajectory_interface.h
[0.114s] -- Up-to-date: /home/philip/SMAN/ros2_ws/install/abb_libegm/include/abb_libegm/egm.proto
[0.114s] -- Up-to-date: /home/philip/SMAN/ros2_ws/install/abb_libegm/include/abb_libegm/egm_wrapper.proto
[0.114s] -- Up-to-date: /home/philip/SMAN/ros2_ws/install/abb_libegm/include/abb_libegm/egm_wrapper_trajectory.proto
[0.114s] -- Up-to-date: /home/philip/SMAN/ros2_ws/install/abb_libegm/include/abb_libegm/egm.pb.h
[0.114s] -- Up-to-date: /home/philip/SMAN/ros2_ws/install/abb_libegm/include/abb_libegm/egm_wrapper.pb.h
[0.114s] -- Up-to-date: /home/philip/SMAN/ros2_ws/install/abb_libegm/include/abb_libegm/egm_wrapper_trajectory.pb.h
[0.115s] -- Up-to-date: /home/philip/SMAN/ros2_ws/install/abb_libegm/include/abb_libegm/abb_libegm_export.h
[0.115s] -- Up-to-date: /home/philip/SMAN/ros2_ws/install/abb_libegm/lib/libabb_libegm.so
[0.115s] -- Up-to-date: /home/philip/SMAN/ros2_ws/install/abb_libegm/share/abb_libegm/abb_libegmConfig.cmake
[0.115s] -- Up-to-date: /home/philip/SMAN/ros2_ws/install/abb_libegm/share/abb_libegm/abb_libegmConfigVersion.cmake
[0.115s] -- Up-to-date: /home/philip/SMAN/ros2_ws/install/abb_libegm/share/abb_libegm/package.xml
[0.115s] -- Up-to-date: /home/philip/SMAN/ros2_ws/install/abb_libegm/share/abb_libegm/abb_libegmTargets.cmake
[0.115s] -- Up-to-date: /home/philip/SMAN/ros2_ws/install/abb_libegm/share/abb_libegm/abb_libegmTargets-release.cmake
[0.125s] Invoked command in '/home/philip/SMAN/ros2_ws/build/abb_libegm' returned '0': CMAKE_PREFIX_PATH=${CMAKE_PREFIX_PATH}:/home/philip/SMAN/ros2_ws/install/gofa_egm_driver:/opt/ros/jazzy DEBUGINFOD_URLS=https://debuginfod.ubuntu.com /usr/bin/cmake --install /home/philip/SMAN/ros2_ws/build/abb_libegm
