[0.006s] Invoking command in '/home/philip/SMAN/ros2_ws/build/abb_irb1200_5_90_moveit_config': CMAKE_PREFIX_PATH=/home/philip/SMAN/ros2_ws/install/abb_irb1200_support:/home/philip/SMAN/ros2_ws/install/abb_crb15000_moveit:/home/philip/SMAN/ros2_ws/install/abb_crb15000_support:/home/philip/SMAN/ros2_ws/install/abb_irb1200_5_90_moveit_config:/home/philip/SMAN/ros2_ws/install/abb_resources:/home/philip/SMAN/ros2_ws/install/abb_irb4600_support:/home/philip/SMAN/ros2_ws/install/gofa_moveit_config:/home/philip/SMAN/ros2_ws/install/gofa_description:/opt/ros/jazzy/opt/sdformat_vendor:/opt/ros/jazzy/opt/gz_math_vendor:/opt/ros/jazzy/opt/gz_utils_vendor:/opt/ros/jazzy/opt/gz_tools_vendor:/opt/ros/jazzy/opt/gz_cmake_vendor:/home/philip/SMAN/ros2_ws/install/gofa_egm_driver:/opt/ros/jazzy DEBUGINFOD_URLS=https://debuginfod.ubuntu.com /usr/bin/cmake --build /home/philip/SMAN/ros2_ws/build/abb_irb1200_5_90_moveit_config -- -j8 -l8
[0.030s] Invoked command in '/home/philip/SMAN/ros2_ws/build/abb_irb1200_5_90_moveit_config' returned '0': CMAKE_PREFIX_PATH=/home/philip/SMAN/ros2_ws/install/abb_irb1200_support:/home/philip/SMAN/ros2_ws/install/abb_crb15000_moveit:/home/philip/SMAN/ros2_ws/install/abb_crb15000_support:/home/philip/SMAN/ros2_ws/install/abb_irb1200_5_90_moveit_config:/home/philip/SMAN/ros2_ws/install/abb_resources:/home/philip/SMAN/ros2_ws/install/abb_irb4600_support:/home/philip/SMAN/ros2_ws/install/gofa_moveit_config:/home/philip/SMAN/ros2_ws/install/gofa_description:/opt/ros/jazzy/opt/sdformat_vendor:/opt/ros/jazzy/opt/gz_math_vendor:/opt/ros/jazzy/opt/gz_utils_vendor:/opt/ros/jazzy/opt/gz_tools_vendor:/opt/ros/jazzy/opt/gz_cmake_vendor:/home/philip/SMAN/ros2_ws/install/gofa_egm_driver:/opt/ros/jazzy DEBUGINFOD_URLS=https://debuginfod.ubuntu.com /usr/bin/cmake --build /home/philip/SMAN/ros2_ws/build/abb_irb1200_5_90_moveit_config -- -j8 -l8
[0.031s] Invoking command in '/home/philip/SMAN/ros2_ws/build/abb_irb1200_5_90_moveit_config': CMAKE_PREFIX_PATH=/home/philip/SMAN/ros2_ws/install/abb_irb1200_support:/home/philip/SMAN/ros2_ws/install/abb_crb15000_moveit:/home/philip/SMAN/ros2_ws/install/abb_crb15000_support:/home/philip/SMAN/ros2_ws/install/abb_irb1200_5_90_moveit_config:/home/philip/SMAN/ros2_ws/install/abb_resources:/home/philip/SMAN/ros2_ws/install/abb_irb4600_support:/home/philip/SMAN/ros2_ws/install/gofa_moveit_config:/home/philip/SMAN/ros2_ws/install/gofa_description:/opt/ros/jazzy/opt/sdformat_vendor:/opt/ros/jazzy/opt/gz_math_vendor:/opt/ros/jazzy/opt/gz_utils_vendor:/opt/ros/jazzy/opt/gz_tools_vendor:/opt/ros/jazzy/opt/gz_cmake_vendor:/home/philip/SMAN/ros2_ws/install/gofa_egm_driver:/opt/ros/jazzy DEBUGINFOD_URLS=https://debuginfod.ubuntu.com /usr/bin/cmake --install /home/philip/SMAN/ros2_ws/build/abb_irb1200_5_90_moveit_config
[0.040s] -- Install configuration: "Release"
[0.040s] -- Up-to-date: /home/philip/SMAN/ros2_ws/install/abb_irb1200_5_90_moveit_config/share/ament_index/resource_index/package_run_dependencies/abb_irb1200_5_90_moveit_config
[0.040s] -- Up-to-date: /home/philip/SMAN/ros2_ws/install/abb_irb1200_5_90_moveit_config/share/ament_index/resource_index/parent_prefix_path/abb_irb1200_5_90_moveit_config
[0.041s] -- Up-to-date: /home/philip/SMAN/ros2_ws/install/abb_irb1200_5_90_moveit_config/share/abb_irb1200_5_90_moveit_config/environment/ament_prefix_path.sh
[0.041s] -- Up-to-date: /home/philip/SMAN/ros2_ws/install/abb_irb1200_5_90_moveit_config/share/abb_irb1200_5_90_moveit_config/environment/ament_prefix_path.dsv
[0.041s] -- Up-to-date: /home/philip/SMAN/ros2_ws/install/abb_irb1200_5_90_moveit_config/share/abb_irb1200_5_90_moveit_config/environment/path.sh
[0.041s] -- Up-to-date: /home/philip/SMAN/ros2_ws/install/abb_irb1200_5_90_moveit_config/share/abb_irb1200_5_90_moveit_config/environment/path.dsv
[0.042s] -- Up-to-date: /home/philip/SMAN/ros2_ws/install/abb_irb1200_5_90_moveit_config/share/abb_irb1200_5_90_moveit_config/local_setup.bash
[0.042s] -- Up-to-date: /home/philip/SMAN/ros2_ws/install/abb_irb1200_5_90_moveit_config/share/abb_irb1200_5_90_moveit_config/local_setup.sh
[0.042s] -- Up-to-date: /home/philip/SMAN/ros2_ws/install/abb_irb1200_5_90_moveit_config/share/abb_irb1200_5_90_moveit_config/local_setup.zsh
[0.042s] -- Up-to-date: /home/philip/SMAN/ros2_ws/install/abb_irb1200_5_90_moveit_config/share/abb_irb1200_5_90_moveit_config/local_setup.dsv
[0.043s] -- Installing: /home/philip/SMAN/ros2_ws/install/abb_irb1200_5_90_moveit_config/share/abb_irb1200_5_90_moveit_config/package.dsv
[0.043s] -- Up-to-date: /home/philip/SMAN/ros2_ws/install/abb_irb1200_5_90_moveit_config/share/ament_index/resource_index/packages/abb_irb1200_5_90_moveit_config
[0.043s] -- Up-to-date: /home/philip/SMAN/ros2_ws/install/abb_irb1200_5_90_moveit_config/share/abb_irb1200_5_90_moveit_config/cmake/abb_irb1200_5_90_moveit_configConfig.cmake
[0.043s] -- Up-to-date: /home/philip/SMAN/ros2_ws/install/abb_irb1200_5_90_moveit_config/share/abb_irb1200_5_90_moveit_config/cmake/abb_irb1200_5_90_moveit_configConfig-version.cmake
[0.043s] -- Up-to-date: /home/philip/SMAN/ros2_ws/install/abb_irb1200_5_90_moveit_config/share/abb_irb1200_5_90_moveit_config/package.xml
[0.043s] -- Up-to-date: /home/philip/SMAN/ros2_ws/install/abb_irb1200_5_90_moveit_config/share/abb_irb1200_5_90_moveit_config/config
[0.043s] -- Up-to-date: /home/philip/SMAN/ros2_ws/install/abb_irb1200_5_90_moveit_config/share/abb_irb1200_5_90_moveit_config/config/abb_irb1200_5_90_macro.srdf.xacro
[0.044s] -- Up-to-date: /home/philip/SMAN/ros2_ws/install/abb_irb1200_5_90_moveit_config/share/abb_irb1200_5_90_moveit_config/config/kinematics.yaml
[0.044s] -- Up-to-date: /home/philip/SMAN/ros2_ws/install/abb_irb1200_5_90_moveit_config/share/abb_irb1200_5_90_moveit_config/config/abb_irb1200_5_90.srdf.xacro
[0.044s] -- Up-to-date: /home/philip/SMAN/ros2_ws/install/abb_irb1200_5_90_moveit_config/share/abb_irb1200_5_90_moveit_config/config/pilz_cartesian_limits.yaml
[0.044s] -- Up-to-date: /home/philip/SMAN/ros2_ws/install/abb_irb1200_5_90_moveit_config/share/abb_irb1200_5_90_moveit_config/config/moveit_controllers.yaml
[0.044s] -- Up-to-date: /home/philip/SMAN/ros2_ws/install/abb_irb1200_5_90_moveit_config/share/abb_irb1200_5_90_moveit_config/config/ompl_planning.yaml
[0.044s] -- Up-to-date: /home/philip/SMAN/ros2_ws/install/abb_irb1200_5_90_moveit_config/share/abb_irb1200_5_90_moveit_config/config/joint_limits.yaml
[0.044s] -- Up-to-date: /home/philip/SMAN/ros2_ws/install/abb_irb1200_5_90_moveit_config/share/abb_irb1200_5_90_moveit_config/rviz
[0.044s] -- Up-to-date: /home/philip/SMAN/ros2_ws/install/abb_irb1200_5_90_moveit_config/share/abb_irb1200_5_90_moveit_config/rviz/moveit.rviz
[0.061s] Invoked command in '/home/philip/SMAN/ros2_ws/build/abb_irb1200_5_90_moveit_config' returned '0': CMAKE_PREFIX_PATH=/home/philip/SMAN/ros2_ws/install/abb_irb1200_support:/home/philip/SMAN/ros2_ws/install/abb_crb15000_moveit:/home/philip/SMAN/ros2_ws/install/abb_crb15000_support:/home/philip/SMAN/ros2_ws/install/abb_irb1200_5_90_moveit_config:/home/philip/SMAN/ros2_ws/install/abb_resources:/home/philip/SMAN/ros2_ws/install/abb_irb4600_support:/home/philip/SMAN/ros2_ws/install/gofa_moveit_config:/home/philip/SMAN/ros2_ws/install/gofa_description:/opt/ros/jazzy/opt/sdformat_vendor:/opt/ros/jazzy/opt/gz_math_vendor:/opt/ros/jazzy/opt/gz_utils_vendor:/opt/ros/jazzy/opt/gz_tools_vendor:/opt/ros/jazzy/opt/gz_cmake_vendor:/home/philip/SMAN/ros2_ws/install/gofa_egm_driver:/opt/ros/jazzy DEBUGINFOD_URLS=https://debuginfod.ubuntu.com /usr/bin/cmake --install /home/philip/SMAN/ros2_ws/build/abb_irb1200_5_90_moveit_config
